<?xml version="1.0" encoding="UTF-8"?>
<testng-results skipped="0" failed="0" ignored="0" total="500" passed="500">
  <reporter-output>
    <line>
      <![CDATA[Test Completed Successfully]]>
    </line>
    <line>
      <![CDATA[Test Completed Successfully]]>
    </line>
    <line>
      <![CDATA[Test Completed Successfully]]>
    </line>
    <line>
      <![CDATA[Test Completed Successfully]]>
    </line>
    <line>
      <![CDATA[Test Completed Successfully]]>
    </line>
    <line>
      <![CDATA[Test Completed Successfully]]>
    </line>
    <line>
      <![CDATA[Test Completed Successfully]]>
    </line>
    <line>
      <![CDATA[Test Completed Successfully]]>
    </line>
    <line>
      <![CDATA[Test Completed Successfully]]>
    </line>
    <line>
      <![CDATA[Test Completed Successfully]]>
    </line>
    <line>
      <![CDATA[Test Completed Successfully]]>
    </line>
    <line>
      <![CDATA[Test Completed Successfully]]>
    </line>
    <line>
      <![CDATA[Test Completed Successfully]]>
    </line>
    <line>
      <![CDATA[Test Completed Successfully]]>
    </line>
    <line>
      <![CDATA[Test Completed Successfully]]>
    </line>
    <line>
      <![CDATA[Test Completed Successfully]]>
    </line>
    <line>
      <![CDATA[Test Completed Successfully]]>
    </line>
    <line>
      <![CDATA[Test Completed Successfully]]>
    </line>
    <line>
      <![CDATA[Test Completed Successfully]]>
    </line>
    <line>
      <![CDATA[Test Completed Successfully]]>
    </line>
    <line>
      <![CDATA[Test Completed Successfully]]>
    </line>
    <line>
      <![CDATA[Test Completed Successfully]]>
    </line>
    <line>
      <![CDATA[Test Completed Successfully]]>
    </line>
    <line>
      <![CDATA[Test Completed Successfully]]>
    </line>
    <line>
      <![CDATA[Test Completed Successfully]]>
    </line>
    <line>
      <![CDATA[Test Completed Successfully]]>
    </line>
    <line>
      <![CDATA[Test Completed Successfully]]>
    </line>
    <line>
      <![CDATA[Test Completed Successfully]]>
    </line>
    <line>
      <![CDATA[Test Completed Successfully]]>
    </line>
    <line>
      <![CDATA[Test Completed Successfully]]>
    </line>
    <line>
      <![CDATA[Test Completed Successfully]]>
    </line>
    <line>
      <![CDATA[Test Completed Successfully]]>
    </line>
    <line>
      <![CDATA[Test Completed Successfully]]>
    </line>
    <line>
      <![CDATA[Test Completed Successfully]]>
    </line>
    <line>
      <![CDATA[Test Completed Successfully]]>
    </line>
    <line>
      <![CDATA[Test Completed Successfully]]>
    </line>
    <line>
      <![CDATA[Test Completed Successfully]]>
    </line>
    <line>
      <![CDATA[Test Completed Successfully]]>
    </line>
    <line>
      <![CDATA[Test Completed Successfully]]>
    </line>
    <line>
      <![CDATA[Test Completed Successfully]]>
    </line>
    <line>
      <![CDATA[Test Completed Successfully]]>
    </line>
    <line>
      <![CDATA[Test Completed Successfully]]>
    </line>
    <line>
      <![CDATA[Test Completed Successfully]]>
    </line>
    <line>
      <![CDATA[Test Completed Successfully]]>
    </line>
    <line>
      <![CDATA[Test Completed Successfully]]>
    </line>
    <line>
      <![CDATA[Test Completed Successfully]]>
    </line>
    <line>
      <![CDATA[Test Completed Successfully]]>
    </line>
    <line>
      <![CDATA[Test Completed Successfully]]>
    </line>
    <line>
      <![CDATA[Test Completed Successfully]]>
    </line>
    <line>
      <![CDATA[Test Completed Successfully]]>
    </line>
    <line>
      <![CDATA[Test Completed Successfully]]>
    </line>
    <line>
      <![CDATA[Test Completed Successfully]]>
    </line>
    <line>
      <![CDATA[Test Completed Successfully]]>
    </line>
    <line>
      <![CDATA[Test Completed Successfully]]>
    </line>
    <line>
      <![CDATA[Test Completed Successfully]]>
    </line>
    <line>
      <![CDATA[Test Completed Successfully]]>
    </line>
    <line>
      <![CDATA[Test Completed Successfully]]>
    </line>
    <line>
      <![CDATA[Test Completed Successfully]]>
    </line>
    <line>
      <![CDATA[Test Completed Successfully]]>
    </line>
    <line>
      <![CDATA[Test Completed Successfully]]>
    </line>
    <line>
      <![CDATA[Test Completed Successfully]]>
    </line>
    <line>
      <![CDATA[Test Completed Successfully]]>
    </line>
    <line>
      <![CDATA[Test Completed Successfully]]>
    </line>
    <line>
      <![CDATA[Test Completed Successfully]]>
    </line>
    <line>
      <![CDATA[Test Completed Successfully]]>
    </line>
    <line>
      <![CDATA[Test Completed Successfully]]>
    </line>
    <line>
      <![CDATA[Test Completed Successfully]]>
    </line>
    <line>
      <![CDATA[Test Completed Successfully]]>
    </line>
    <line>
      <![CDATA[Test Completed Successfully]]>
    </line>
    <line>
      <![CDATA[Test Completed Successfully]]>
    </line>
    <line>
      <![CDATA[Test Completed Successfully]]>
    </line>
    <line>
      <![CDATA[Test Completed Successfully]]>
    </line>
    <line>
      <![CDATA[Test Completed Successfully]]>
    </line>
    <line>
      <![CDATA[Test Completed Successfully]]>
    </line>
    <line>
      <![CDATA[Test Completed Successfully]]>
    </line>
    <line>
      <![CDATA[Test Completed Successfully]]>
    </line>
    <line>
      <![CDATA[Test Completed Successfully]]>
    </line>
    <line>
      <![CDATA[Test Completed Successfully]]>
    </line>
    <line>
      <![CDATA[Test Completed Successfully]]>
    </line>
    <line>
      <![CDATA[Test Completed Successfully]]>
    </line>
    <line>
      <![CDATA[Test Completed Successfully]]>
    </line>
    <line>
      <![CDATA[Test Completed Successfully]]>
    </line>
    <line>
      <![CDATA[Test Completed Successfully]]>
    </line>
    <line>
      <![CDATA[Test Completed Successfully]]>
    </line>
    <line>
      <![CDATA[Test Completed Successfully]]>
    </line>
    <line>
      <![CDATA[Test Completed Successfully]]>
    </line>
    <line>
      <![CDATA[Test Completed Successfully]]>
    </line>
    <line>
      <![CDATA[Test Completed Successfully]]>
    </line>
    <line>
      <![CDATA[Test Completed Successfully]]>
    </line>
    <line>
      <![CDATA[Test Completed Successfully]]>
    </line>
    <line>
      <![CDATA[Test Completed Successfully]]>
    </line>
    <line>
      <![CDATA[Test Completed Successfully]]>
    </line>
    <line>
      <![CDATA[Test Completed Successfully]]>
    </line>
    <line>
      <![CDATA[Test Completed Successfully]]>
    </line>
    <line>
      <![CDATA[Test Completed Successfully]]>
    </line>
    <line>
      <![CDATA[Test Completed Successfully]]>
    </line>
    <line>
      <![CDATA[Test Completed Successfully]]>
    </line>
    <line>
      <![CDATA[Test Completed Successfully]]>
    </line>
    <line>
      <![CDATA[Test Completed Successfully]]>
    </line>
    <line>
      <![CDATA[Test Completed Successfully]]>
    </line>
    <line>
      <![CDATA[Test Completed Successfully]]>
    </line>
    <line>
      <![CDATA[Test Completed Successfully]]>
    </line>
    <line>
      <![CDATA[Test Completed Successfully]]>
    </line>
    <line>
      <![CDATA[Test Completed Successfully]]>
    </line>
    <line>
      <![CDATA[Test Completed Successfully]]>
    </line>
    <line>
      <![CDATA[Test Completed Successfully]]>
    </line>
    <line>
      <![CDATA[Test Completed Successfully]]>
    </line>
    <line>
      <![CDATA[Test Completed Successfully]]>
    </line>
    <line>
      <![CDATA[Test Completed Successfully]]>
    </line>
    <line>
      <![CDATA[Test Completed Successfully]]>
    </line>
    <line>
      <![CDATA[Test Completed Successfully]]>
    </line>
    <line>
      <![CDATA[Test Completed Successfully]]>
    </line>
    <line>
      <![CDATA[Test Completed Successfully]]>
    </line>
    <line>
      <![CDATA[Test Completed Successfully]]>
    </line>
    <line>
      <![CDATA[Test Completed Successfully]]>
    </line>
    <line>
      <![CDATA[Test Completed Successfully]]>
    </line>
    <line>
      <![CDATA[Test Completed Successfully]]>
    </line>
    <line>
      <![CDATA[Test Completed Successfully]]>
    </line>
    <line>
      <![CDATA[Test Completed Successfully]]>
    </line>
    <line>
      <![CDATA[Test Completed Successfully]]>
    </line>
    <line>
      <![CDATA[Test Completed Successfully]]>
    </line>
    <line>
      <![CDATA[Test Completed Successfully]]>
    </line>
    <line>
      <![CDATA[Test Completed Successfully]]>
    </line>
    <line>
      <![CDATA[Test Completed Successfully]]>
    </line>
    <line>
      <![CDATA[Test Completed Successfully]]>
    </line>
    <line>
      <![CDATA[Test Completed Successfully]]>
    </line>
    <line>
      <![CDATA[Test Completed Successfully]]>
    </line>
    <line>
      <![CDATA[Test Completed Successfully]]>
    </line>
    <line>
      <![CDATA[Test Completed Successfully]]>
    </line>
    <line>
      <![CDATA[Test Completed Successfully]]>
    </line>
    <line>
      <![CDATA[Test Completed Successfully]]>
    </line>
    <line>
      <![CDATA[Test Completed Successfully]]>
    </line>
    <line>
      <![CDATA[Test Completed Successfully]]>
    </line>
    <line>
      <![CDATA[Test Completed Successfully]]>
    </line>
    <line>
      <![CDATA[Test Completed Successfully]]>
    </line>
    <line>
      <![CDATA[Test Completed Successfully]]>
    </line>
    <line>
      <![CDATA[Test Completed Successfully]]>
    </line>
    <line>
      <![CDATA[Test Completed Successfully]]>
    </line>
    <line>
      <![CDATA[Test Completed Successfully]]>
    </line>
    <line>
      <![CDATA[Test Completed Successfully]]>
    </line>
    <line>
      <![CDATA[Test Completed Successfully]]>
    </line>
    <line>
      <![CDATA[Test Completed Successfully]]>
    </line>
    <line>
      <![CDATA[Test Completed Successfully]]>
    </line>
    <line>
      <![CDATA[Test Completed Successfully]]>
    </line>
    <line>
      <![CDATA[Test Completed Successfully]]>
    </line>
    <line>
      <![CDATA[Test Completed Successfully]]>
    </line>
    <line>
      <![CDATA[Test Completed Successfully]]>
    </line>
    <line>
      <![CDATA[Test Completed Successfully]]>
    </line>
    <line>
      <![CDATA[Test Completed Successfully]]>
    </line>
    <line>
      <![CDATA[Test Completed Successfully]]>
    </line>
    <line>
      <![CDATA[Test Completed Successfully]]>
    </line>
    <line>
      <![CDATA[Test Completed Successfully]]>
    </line>
    <line>
      <![CDATA[Test Completed Successfully]]>
    </line>
    <line>
      <![CDATA[Test Completed Successfully]]>
    </line>
    <line>
      <![CDATA[Test Completed Successfully]]>
    </line>
    <line>
      <![CDATA[Test Completed Successfully]]>
    </line>
    <line>
      <![CDATA[Test Completed Successfully]]>
    </line>
    <line>
      <![CDATA[Test Completed Successfully]]>
    </line>
    <line>
      <![CDATA[Test Completed Successfully]]>
    </line>
    <line>
      <![CDATA[Test Completed Successfully]]>
    </line>
    <line>
      <![CDATA[Test Completed Successfully]]>
    </line>
    <line>
      <![CDATA[Test Completed Successfully]]>
    </line>
    <line>
      <![CDATA[Test Completed Successfully]]>
    </line>
    <line>
      <![CDATA[Test Completed Successfully]]>
    </line>
    <line>
      <![CDATA[Test Completed Successfully]]>
    </line>
    <line>
      <![CDATA[Test Completed Successfully]]>
    </line>
    <line>
      <![CDATA[Test Completed Successfully]]>
    </line>
    <line>
      <![CDATA[Test Completed Successfully]]>
    </line>
    <line>
      <![CDATA[Test Completed Successfully]]>
    </line>
    <line>
      <![CDATA[Test Completed Successfully]]>
    </line>
    <line>
      <![CDATA[Test Completed Successfully]]>
    </line>
    <line>
      <![CDATA[Test Completed Successfully]]>
    </line>
    <line>
      <![CDATA[Test Completed Successfully]]>
    </line>
    <line>
      <![CDATA[Test Completed Successfully]]>
    </line>
    <line>
      <![CDATA[Test Completed Successfully]]>
    </line>
    <line>
      <![CDATA[Test Completed Successfully]]>
    </line>
    <line>
      <![CDATA[Test Completed Successfully]]>
    </line>
    <line>
      <![CDATA[Test Completed Successfully]]>
    </line>
    <line>
      <![CDATA[Test Completed Successfully]]>
    </line>
    <line>
      <![CDATA[Test Completed Successfully]]>
    </line>
    <line>
      <![CDATA[Test Completed Successfully]]>
    </line>
    <line>
      <![CDATA[Test Completed Successfully]]>
    </line>
    <line>
      <![CDATA[Test Completed Successfully]]>
    </line>
    <line>
      <![CDATA[Test Completed Successfully]]>
    </line>
    <line>
      <![CDATA[Test Completed Successfully]]>
    </line>
    <line>
      <![CDATA[Test Completed Successfully]]>
    </line>
    <line>
      <![CDATA[Test Completed Successfully]]>
    </line>
    <line>
      <![CDATA[Test Completed Successfully]]>
    </line>
    <line>
      <![CDATA[Test Completed Successfully]]>
    </line>
    <line>
      <![CDATA[Test Completed Successfully]]>
    </line>
    <line>
      <![CDATA[Test Completed Successfully]]>
    </line>
    <line>
      <![CDATA[Test Completed Successfully]]>
    </line>
    <line>
      <![CDATA[Test Completed Successfully]]>
    </line>
    <line>
      <![CDATA[Test Completed Successfully]]>
    </line>
    <line>
      <![CDATA[Test Completed Successfully]]>
    </line>
    <line>
      <![CDATA[Test Completed Successfully]]>
    </line>
    <line>
      <![CDATA[Test Completed Successfully]]>
    </line>
    <line>
      <![CDATA[Test Completed Successfully]]>
    </line>
    <line>
      <![CDATA[Test Completed Successfully]]>
    </line>
    <line>
      <![CDATA[Test Completed Successfully]]>
    </line>
    <line>
      <![CDATA[Test Completed Successfully]]>
    </line>
    <line>
      <![CDATA[Test Completed Successfully]]>
    </line>
    <line>
      <![CDATA[Test Completed Successfully]]>
    </line>
    <line>
      <![CDATA[Test Completed Successfully]]>
    </line>
    <line>
      <![CDATA[Test Completed Successfully]]>
    </line>
    <line>
      <![CDATA[Test Completed Successfully]]>
    </line>
    <line>
      <![CDATA[Test Completed Successfully]]>
    </line>
    <line>
      <![CDATA[Test Completed Successfully]]>
    </line>
    <line>
      <![CDATA[Test Completed Successfully]]>
    </line>
    <line>
      <![CDATA[Test Completed Successfully]]>
    </line>
    <line>
      <![CDATA[Test Completed Successfully]]>
    </line>
    <line>
      <![CDATA[Test Completed Successfully]]>
    </line>
    <line>
      <![CDATA[Test Completed Successfully]]>
    </line>
    <line>
      <![CDATA[Test Completed Successfully]]>
    </line>
    <line>
      <![CDATA[Test Completed Successfully]]>
    </line>
    <line>
      <![CDATA[Test Completed Successfully]]>
    </line>
    <line>
      <![CDATA[Test Completed Successfully]]>
    </line>
    <line>
      <![CDATA[Test Completed Successfully]]>
    </line>
    <line>
      <![CDATA[Test Completed Successfully]]>
    </line>
    <line>
      <![CDATA[Test Completed Successfully]]>
    </line>
    <line>
      <![CDATA[Test Completed Successfully]]>
    </line>
    <line>
      <![CDATA[Test Completed Successfully]]>
    </line>
    <line>
      <![CDATA[Test Completed Successfully]]>
    </line>
    <line>
      <![CDATA[Test Completed Successfully]]>
    </line>
    <line>
      <![CDATA[Test Completed Successfully]]>
    </line>
    <line>
      <![CDATA[Test Completed Successfully]]>
    </line>
    <line>
      <![CDATA[Test Completed Successfully]]>
    </line>
    <line>
      <![CDATA[Test Completed Successfully]]>
    </line>
    <line>
      <![CDATA[Test Completed Successfully]]>
    </line>
    <line>
      <![CDATA[Test Completed Successfully]]>
    </line>
    <line>
      <![CDATA[Test Completed Successfully]]>
    </line>
    <line>
      <![CDATA[Test Completed Successfully]]>
    </line>
    <line>
      <![CDATA[Test Completed Successfully]]>
    </line>
    <line>
      <![CDATA[Test Completed Successfully]]>
    </line>
    <line>
      <![CDATA[Test Completed Successfully]]>
    </line>
    <line>
      <![CDATA[Test Completed Successfully]]>
    </line>
    <line>
      <![CDATA[Test Completed Successfully]]>
    </line>
    <line>
      <![CDATA[Test Completed Successfully]]>
    </line>
    <line>
      <![CDATA[Test Completed Successfully]]>
    </line>
    <line>
      <![CDATA[Test Completed Successfully]]>
    </line>
    <line>
      <![CDATA[Test Completed Successfully]]>
    </line>
    <line>
      <![CDATA[Test Completed Successfully]]>
    </line>
    <line>
      <![CDATA[Test Completed Successfully]]>
    </line>
    <line>
      <![CDATA[Test Completed Successfully]]>
    </line>
    <line>
      <![CDATA[Test Completed Successfully]]>
    </line>
    <line>
      <![CDATA[Test Completed Successfully]]>
    </line>
    <line>
      <![CDATA[Test Completed Successfully]]>
    </line>
    <line>
      <![CDATA[Test Completed Successfully]]>
    </line>
    <line>
      <![CDATA[Test Completed Successfully]]>
    </line>
    <line>
      <![CDATA[Test Completed Successfully]]>
    </line>
    <line>
      <![CDATA[Test Completed Successfully]]>
    </line>
    <line>
      <![CDATA[Test Completed Successfully]]>
    </line>
    <line>
      <![CDATA[Test Completed Successfully]]>
    </line>
    <line>
      <![CDATA[Test Completed Successfully]]>
    </line>
    <line>
      <![CDATA[Test Completed Successfully]]>
    </line>
    <line>
      <![CDATA[Test Completed Successfully]]>
    </line>
    <line>
      <![CDATA[Test Completed Successfully]]>
    </line>
    <line>
      <![CDATA[Test Completed Successfully]]>
    </line>
    <line>
      <![CDATA[Test Completed Successfully]]>
    </line>
    <line>
      <![CDATA[Test Completed Successfully]]>
    </line>
    <line>
      <![CDATA[Test Completed Successfully]]>
    </line>
    <line>
      <![CDATA[Test Completed Successfully]]>
    </line>
    <line>
      <![CDATA[Test Completed Successfully]]>
    </line>
    <line>
      <![CDATA[Test Completed Successfully]]>
    </line>
    <line>
      <![CDATA[Test Completed Successfully]]>
    </line>
    <line>
      <![CDATA[Test Completed Successfully]]>
    </line>
    <line>
      <![CDATA[Test Completed Successfully]]>
    </line>
    <line>
      <![CDATA[Test Completed Successfully]]>
    </line>
    <line>
      <![CDATA[Test Completed Successfully]]>
    </line>
    <line>
      <![CDATA[Test Completed Successfully]]>
    </line>
    <line>
      <![CDATA[Test Completed Successfully]]>
    </line>
    <line>
      <![CDATA[Test Completed Successfully]]>
    </line>
    <line>
      <![CDATA[Test Completed Successfully]]>
    </line>
    <line>
      <![CDATA[Test Completed Successfully]]>
    </line>
    <line>
      <![CDATA[Test Completed Successfully]]>
    </line>
    <line>
      <![CDATA[Test Completed Successfully]]>
    </line>
    <line>
      <![CDATA[Test Completed Successfully]]>
    </line>
    <line>
      <![CDATA[Test Completed Successfully]]>
    </line>
    <line>
      <![CDATA[Test Completed Successfully]]>
    </line>
    <line>
      <![CDATA[Test Completed Successfully]]>
    </line>
    <line>
      <![CDATA[Test Completed Successfully]]>
    </line>
    <line>
      <![CDATA[Test Completed Successfully]]>
    </line>
    <line>
      <![CDATA[Test Completed Successfully]]>
    </line>
    <line>
      <![CDATA[Test Completed Successfully]]>
    </line>
    <line>
      <![CDATA[Test Completed Successfully]]>
    </line>
    <line>
      <![CDATA[Test Completed Successfully]]>
    </line>
    <line>
      <![CDATA[Test Completed Successfully]]>
    </line>
    <line>
      <![CDATA[Test Completed Successfully]]>
    </line>
    <line>
      <![CDATA[Test Completed Successfully]]>
    </line>
    <line>
      <![CDATA[Test Completed Successfully]]>
    </line>
    <line>
      <![CDATA[Test Completed Successfully]]>
    </line>
    <line>
      <![CDATA[Test Completed Successfully]]>
    </line>
    <line>
      <![CDATA[Test Completed Successfully]]>
    </line>
    <line>
      <![CDATA[Test Completed Successfully]]>
    </line>
    <line>
      <![CDATA[Test Completed Successfully]]>
    </line>
    <line>
      <![CDATA[Test Completed Successfully]]>
    </line>
    <line>
      <![CDATA[Test Completed Successfully]]>
    </line>
    <line>
      <![CDATA[Test Completed Successfully]]>
    </line>
    <line>
      <![CDATA[Test Completed Successfully]]>
    </line>
    <line>
      <![CDATA[Test Completed Successfully]]>
    </line>
    <line>
      <![CDATA[Test Completed Successfully]]>
    </line>
    <line>
      <![CDATA[Test Completed Successfully]]>
    </line>
    <line>
      <![CDATA[Test Completed Successfully]]>
    </line>
    <line>
      <![CDATA[Test Completed Successfully]]>
    </line>
    <line>
      <![CDATA[Test Completed Successfully]]>
    </line>
    <line>
      <![CDATA[Test Completed Successfully]]>
    </line>
    <line>
      <![CDATA[Test Completed Successfully]]>
    </line>
    <line>
      <![CDATA[Test Completed Successfully]]>
    </line>
    <line>
      <![CDATA[Test Completed Successfully]]>
    </line>
    <line>
      <![CDATA[Test Completed Successfully]]>
    </line>
    <line>
      <![CDATA[Test Completed Successfully]]>
    </line>
    <line>
      <![CDATA[Test Completed Successfully]]>
    </line>
    <line>
      <![CDATA[Test Completed Successfully]]>
    </line>
    <line>
      <![CDATA[Test Completed Successfully]]>
    </line>
    <line>
      <![CDATA[Test Completed Successfully]]>
    </line>
    <line>
      <![CDATA[Test Completed Successfully]]>
    </line>
    <line>
      <![CDATA[Test Completed Successfully]]>
    </line>
    <line>
      <![CDATA[Test Completed Successfully]]>
    </line>
    <line>
      <![CDATA[Test Completed Successfully]]>
    </line>
    <line>
      <![CDATA[Test Completed Successfully]]>
    </line>
    <line>
      <![CDATA[Test Completed Successfully]]>
    </line>
    <line>
      <![CDATA[Test Completed Successfully]]>
    </line>
    <line>
      <![CDATA[Test Completed Successfully]]>
    </line>
    <line>
      <![CDATA[Test Completed Successfully]]>
    </line>
    <line>
      <![CDATA[Test Completed Successfully]]>
    </line>
    <line>
      <![CDATA[Test Completed Successfully]]>
    </line>
    <line>
      <![CDATA[Test Completed Successfully]]>
    </line>
    <line>
      <![CDATA[Test Completed Successfully]]>
    </line>
    <line>
      <![CDATA[Test Completed Successfully]]>
    </line>
    <line>
      <![CDATA[Test Completed Successfully]]>
    </line>
    <line>
      <![CDATA[Test Completed Successfully]]>
    </line>
    <line>
      <![CDATA[Test Completed Successfully]]>
    </line>
    <line>
      <![CDATA[Test Completed Successfully]]>
    </line>
    <line>
      <![CDATA[Test Completed Successfully]]>
    </line>
    <line>
      <![CDATA[Test Completed Successfully]]>
    </line>
    <line>
      <![CDATA[Test Completed Successfully]]>
    </line>
    <line>
      <![CDATA[Test Completed Successfully]]>
    </line>
    <line>
      <![CDATA[Test Completed Successfully]]>
    </line>
    <line>
      <![CDATA[Test Completed Successfully]]>
    </line>
    <line>
      <![CDATA[Test Completed Successfully]]>
    </line>
    <line>
      <![CDATA[Test Completed Successfully]]>
    </line>
    <line>
      <![CDATA[Test Completed Successfully]]>
    </line>
    <line>
      <![CDATA[Test Completed Successfully]]>
    </line>
    <line>
      <![CDATA[Test Completed Successfully]]>
    </line>
    <line>
      <![CDATA[Test Completed Successfully]]>
    </line>
    <line>
      <![CDATA[Test Completed Successfully]]>
    </line>
    <line>
      <![CDATA[Test Completed Successfully]]>
    </line>
    <line>
      <![CDATA[Test Completed Successfully]]>
    </line>
    <line>
      <![CDATA[Test Completed Successfully]]>
    </line>
    <line>
      <![CDATA[Test Completed Successfully]]>
    </line>
    <line>
      <![CDATA[Test Completed Successfully]]>
    </line>
    <line>
      <![CDATA[Test Completed Successfully]]>
    </line>
    <line>
      <![CDATA[Test Completed Successfully]]>
    </line>
    <line>
      <![CDATA[Test Completed Successfully]]>
    </line>
    <line>
      <![CDATA[Test Completed Successfully]]>
    </line>
    <line>
      <![CDATA[Test Completed Successfully]]>
    </line>
    <line>
      <![CDATA[Test Completed Successfully]]>
    </line>
    <line>
      <![CDATA[Test Completed Successfully]]>
    </line>
    <line>
      <![CDATA[Test Completed Successfully]]>
    </line>
    <line>
      <![CDATA[Test Completed Successfully]]>
    </line>
    <line>
      <![CDATA[Test Completed Successfully]]>
    </line>
    <line>
      <![CDATA[Test Completed Successfully]]>
    </line>
    <line>
      <![CDATA[Test Completed Successfully]]>
    </line>
    <line>
      <![CDATA[Test Completed Successfully]]>
    </line>
    <line>
      <![CDATA[Test Completed Successfully]]>
    </line>
    <line>
      <![CDATA[Test Completed Successfully]]>
    </line>
    <line>
      <![CDATA[Test Completed Successfully]]>
    </line>
    <line>
      <![CDATA[Test Completed Successfully]]>
    </line>
    <line>
      <![CDATA[Test Completed Successfully]]>
    </line>
    <line>
      <![CDATA[Test Completed Successfully]]>
    </line>
    <line>
      <![CDATA[Test Completed Successfully]]>
    </line>
    <line>
      <![CDATA[Test Completed Successfully]]>
    </line>
    <line>
      <![CDATA[Test Completed Successfully]]>
    </line>
    <line>
      <![CDATA[Test Completed Successfully]]>
    </line>
    <line>
      <![CDATA[Test Completed Successfully]]>
    </line>
    <line>
      <![CDATA[Test Completed Successfully]]>
    </line>
    <line>
      <![CDATA[Test Completed Successfully]]>
    </line>
    <line>
      <![CDATA[Test Completed Successfully]]>
    </line>
    <line>
      <![CDATA[Test Completed Successfully]]>
    </line>
    <line>
      <![CDATA[Test Completed Successfully]]>
    </line>
    <line>
      <![CDATA[Test Completed Successfully]]>
    </line>
    <line>
      <![CDATA[Test Completed Successfully]]>
    </line>
    <line>
      <![CDATA[Test Completed Successfully]]>
    </line>
    <line>
      <![CDATA[Test Completed Successfully]]>
    </line>
    <line>
      <![CDATA[Test Completed Successfully]]>
    </line>
    <line>
      <![CDATA[Test Completed Successfully]]>
    </line>
    <line>
      <![CDATA[Test Completed Successfully]]>
    </line>
    <line>
      <![CDATA[Test Completed Successfully]]>
    </line>
    <line>
      <![CDATA[Test Completed Successfully]]>
    </line>
    <line>
      <![CDATA[Test Completed Successfully]]>
    </line>
    <line>
      <![CDATA[Test Completed Successfully]]>
    </line>
    <line>
      <![CDATA[Test Completed Successfully]]>
    </line>
    <line>
      <![CDATA[Test Completed Successfully]]>
    </line>
    <line>
      <![CDATA[Test Completed Successfully]]>
    </line>
    <line>
      <![CDATA[Test Completed Successfully]]>
    </line>
    <line>
      <![CDATA[Test Completed Successfully]]>
    </line>
    <line>
      <![CDATA[Test Completed Successfully]]>
    </line>
    <line>
      <![CDATA[Test Completed Successfully]]>
    </line>
    <line>
      <![CDATA[Test Completed Successfully]]>
    </line>
    <line>
      <![CDATA[Test Completed Successfully]]>
    </line>
    <line>
      <![CDATA[Test Completed Successfully]]>
    </line>
    <line>
      <![CDATA[Test Completed Successfully]]>
    </line>
    <line>
      <![CDATA[Test Completed Successfully]]>
    </line>
    <line>
      <![CDATA[Test Completed Successfully]]>
    </line>
    <line>
      <![CDATA[Test Completed Successfully]]>
    </line>
    <line>
      <![CDATA[Test Completed Successfully]]>
    </line>
    <line>
      <![CDATA[Test Completed Successfully]]>
    </line>
    <line>
      <![CDATA[Test Completed Successfully]]>
    </line>
    <line>
      <![CDATA[Test Completed Successfully]]>
    </line>
    <line>
      <![CDATA[Test Completed Successfully]]>
    </line>
    <line>
      <![CDATA[Test Completed Successfully]]>
    </line>
    <line>
      <![CDATA[Test Completed Successfully]]>
    </line>
    <line>
      <![CDATA[Test Completed Successfully]]>
    </line>
    <line>
      <![CDATA[Test Completed Successfully]]>
    </line>
    <line>
      <![CDATA[Test Completed Successfully]]>
    </line>
    <line>
      <![CDATA[Test Completed Successfully]]>
    </line>
    <line>
      <![CDATA[Test Completed Successfully]]>
    </line>
    <line>
      <![CDATA[Test Completed Successfully]]>
    </line>
    <line>
      <![CDATA[Test Completed Successfully]]>
    </line>
    <line>
      <![CDATA[Test Completed Successfully]]>
    </line>
    <line>
      <![CDATA[Test Completed Successfully]]>
    </line>
    <line>
      <![CDATA[Test Completed Successfully]]>
    </line>
    <line>
      <![CDATA[Test Completed Successfully]]>
    </line>
    <line>
      <![CDATA[Test Completed Successfully]]>
    </line>
    <line>
      <![CDATA[Test Completed Successfully]]>
    </line>
    <line>
      <![CDATA[Test Completed Successfully]]>
    </line>
    <line>
      <![CDATA[Test Completed Successfully]]>
    </line>
    <line>
      <![CDATA[Test Completed Successfully]]>
    </line>
    <line>
      <![CDATA[Test Completed Successfully]]>
    </line>
    <line>
      <![CDATA[Test Completed Successfully]]>
    </line>
    <line>
      <![CDATA[Test Completed Successfully]]>
    </line>
    <line>
      <![CDATA[Test Completed Successfully]]>
    </line>
    <line>
      <![CDATA[Test Completed Successfully]]>
    </line>
    <line>
      <![CDATA[Test Completed Successfully]]>
    </line>
    <line>
      <![CDATA[Test Completed Successfully]]>
    </line>
    <line>
      <![CDATA[Test Completed Successfully]]>
    </line>
    <line>
      <![CDATA[Test Completed Successfully]]>
    </line>
    <line>
      <![CDATA[Test Completed Successfully]]>
    </line>
    <line>
      <![CDATA[Test Completed Successfully]]>
    </line>
    <line>
      <![CDATA[Test Completed Successfully]]>
    </line>
    <line>
      <![CDATA[Test Completed Successfully]]>
    </line>
    <line>
      <![CDATA[Test Completed Successfully]]>
    </line>
    <line>
      <![CDATA[Test Completed Successfully]]>
    </line>
    <line>
      <![CDATA[Test Completed Successfully]]>
    </line>
    <line>
      <![CDATA[Test Completed Successfully]]>
    </line>
    <line>
      <![CDATA[Test Completed Successfully]]>
    </line>
    <line>
      <![CDATA[Test Completed Successfully]]>
    </line>
    <line>
      <![CDATA[Test Completed Successfully]]>
    </line>
    <line>
      <![CDATA[Test Completed Successfully]]>
    </line>
    <line>
      <![CDATA[Test Completed Successfully]]>
    </line>
    <line>
      <![CDATA[Test Completed Successfully]]>
    </line>
    <line>
      <![CDATA[Test Completed Successfully]]>
    </line>
    <line>
      <![CDATA[Test Completed Successfully]]>
    </line>
    <line>
      <![CDATA[Test Completed Successfully]]>
    </line>
    <line>
      <![CDATA[Test Completed Successfully]]>
    </line>
    <line>
      <![CDATA[Test Completed Successfully]]>
    </line>
    <line>
      <![CDATA[Test Completed Successfully]]>
    </line>
    <line>
      <![CDATA[Test Completed Successfully]]>
    </line>
    <line>
      <![CDATA[Test Completed Successfully]]>
    </line>
    <line>
      <![CDATA[Test Completed Successfully]]>
    </line>
    <line>
      <![CDATA[Test Completed Successfully]]>
    </line>
    <line>
      <![CDATA[Test Completed Successfully]]>
    </line>
    <line>
      <![CDATA[Test Completed Successfully]]>
    </line>
    <line>
      <![CDATA[Test Completed Successfully]]>
    </line>
    <line>
      <![CDATA[Test Completed Successfully]]>
    </line>
    <line>
      <![CDATA[Test Completed Successfully]]>
    </line>
    <line>
      <![CDATA[Test Completed Successfully]]>
    </line>
    <line>
      <![CDATA[Test Completed Successfully]]>
    </line>
    <line>
      <![CDATA[Test Completed Successfully]]>
    </line>
    <line>
      <![CDATA[Test Completed Successfully]]>
    </line>
    <line>
      <![CDATA[Test Completed Successfully]]>
    </line>
    <line>
      <![CDATA[Test Completed Successfully]]>
    </line>
    <line>
      <![CDATA[Test Completed Successfully]]>
    </line>
    <line>
      <![CDATA[Test Completed Successfully]]>
    </line>
    <line>
      <![CDATA[Test Completed Successfully]]>
    </line>
    <line>
      <![CDATA[Test Completed Successfully]]>
    </line>
    <line>
      <![CDATA[Test Completed Successfully]]>
    </line>
    <line>
      <![CDATA[Test Completed Successfully]]>
    </line>
    <line>
      <![CDATA[Test Completed Successfully]]>
    </line>
    <line>
      <![CDATA[Test Completed Successfully]]>
    </line>
    <line>
      <![CDATA[Test Completed Successfully]]>
    </line>
    <line>
      <![CDATA[Test Completed Successfully]]>
    </line>
    <line>
      <![CDATA[Test Completed Successfully]]>
    </line>
    <line>
      <![CDATA[Test Completed Successfully]]>
    </line>
    <line>
      <![CDATA[Test Completed Successfully]]>
    </line>
    <line>
      <![CDATA[Test Completed Successfully]]>
    </line>
    <line>
      <![CDATA[Test Completed Successfully]]>
    </line>
    <line>
      <![CDATA[Test Completed Successfully]]>
    </line>
    <line>
      <![CDATA[Test Completed Successfully]]>
    </line>
    <line>
      <![CDATA[Test Completed Successfully]]>
    </line>
    <line>
      <![CDATA[Test Completed Successfully]]>
    </line>
    <line>
      <![CDATA[Test Completed Successfully]]>
    </line>
    <line>
      <![CDATA[Test Completed Successfully]]>
    </line>
    <line>
      <![CDATA[Test Completed Successfully]]>
    </line>
    <line>
      <![CDATA[Test Completed Successfully]]>
    </line>
    <line>
      <![CDATA[Test Completed Successfully]]>
    </line>
    <line>
      <![CDATA[Test Completed Successfully]]>
    </line>
    <line>
      <![CDATA[Test Completed Successfully]]>
    </line>
    <line>
      <![CDATA[Test Completed Successfully]]>
    </line>
    <line>
      <![CDATA[Test Completed Successfully]]>
    </line>
  </reporter-output>
  <suite name="Default suite" duration-ms="18812408" started-at="2018-10-31T07:45:36Z" finished-at="2018-10-31T12:59:09Z">
    <groups>
    </groups>
    <test name="Default test" duration-ms="18812408" started-at="2018-10-31T07:45:36Z" finished-at="2018-10-31T12:59:09Z">
      <class name="com.loadsfm.tests.ActivityFollowUp_ContactBased">
        <test-method status="PASS" signature="init()[pri:0, instance:com.loadsfm.tests.ActivityFollowUp_ContactBased@32eebfca]" name="init" is-config="true" duration-ms="5287" started-at="2018-10-31T07:45:36Z" finished-at="2018-10-31T07:45:42Z">
          <reporter-output>
          </reporter-output>
        </test-method> <!-- init -->
        <test-method status="PASS" signature="sfmloadtest(java.lang.String)[pri:0, instance:com.loadsfm.tests.ActivityFollowUp_ContactBased@32eebfca]" name="sfmloadtest" duration-ms="32653" started-at="2018-10-31T07:45:42Z" data-provider="inputdata" finished-at="2018-10-31T07:46:14Z">
          <params>
            <param index="0">
              <value>
                <![CDATA[1]]>
              </value>
            </param>
          </params>
          <reporter-output>
          </reporter-output>
        </test-method> <!-- sfmloadtest -->
        <test-method status="PASS" signature="tearDown()[pri:0, instance:com.loadsfm.tests.ActivityFollowUp_ContactBased@32eebfca]" name="tearDown" is-config="true" duration-ms="681" started-at="2018-10-31T07:46:14Z" finished-at="2018-10-31T07:46:15Z">
          <reporter-output>
            <line>
              <![CDATA[Test Completed Successfully]]>
            </line>
          </reporter-output>
        </test-method> <!-- tearDown -->
        <test-method status="PASS" signature="init()[pri:0, instance:com.loadsfm.tests.ActivityFollowUp_ContactBased@32eebfca]" name="init" is-config="true" duration-ms="4919" started-at="2018-10-31T07:46:15Z" finished-at="2018-10-31T07:46:20Z">
          <reporter-output>
          </reporter-output>
        </test-method> <!-- init -->
        <test-method status="PASS" signature="sfmloadtest(java.lang.String)[pri:0, instance:com.loadsfm.tests.ActivityFollowUp_ContactBased@32eebfca]" name="sfmloadtest" duration-ms="32459" started-at="2018-10-31T07:46:20Z" data-provider="inputdata" finished-at="2018-10-31T07:46:52Z">
          <params>
            <param index="0">
              <value>
                <![CDATA[2]]>
              </value>
            </param>
          </params>
          <reporter-output>
          </reporter-output>
        </test-method> <!-- sfmloadtest -->
        <test-method status="PASS" signature="tearDown()[pri:0, instance:com.loadsfm.tests.ActivityFollowUp_ContactBased@32eebfca]" name="tearDown" is-config="true" duration-ms="656" started-at="2018-10-31T07:46:52Z" finished-at="2018-10-31T07:46:53Z">
          <reporter-output>
            <line>
              <![CDATA[Test Completed Successfully]]>
            </line>
          </reporter-output>
        </test-method> <!-- tearDown -->
        <test-method status="PASS" signature="init()[pri:0, instance:com.loadsfm.tests.ActivityFollowUp_ContactBased@32eebfca]" name="init" is-config="true" duration-ms="4650" started-at="2018-10-31T07:46:53Z" finished-at="2018-10-31T07:46:58Z">
          <reporter-output>
          </reporter-output>
        </test-method> <!-- init -->
        <test-method status="PASS" signature="sfmloadtest(java.lang.String)[pri:0, instance:com.loadsfm.tests.ActivityFollowUp_ContactBased@32eebfca]" name="sfmloadtest" duration-ms="32595" started-at="2018-10-31T07:46:58Z" data-provider="inputdata" finished-at="2018-10-31T07:47:30Z">
          <params>
            <param index="0">
              <value>
                <![CDATA[3]]>
              </value>
            </param>
          </params>
          <reporter-output>
          </reporter-output>
        </test-method> <!-- sfmloadtest -->
        <test-method status="PASS" signature="tearDown()[pri:0, instance:com.loadsfm.tests.ActivityFollowUp_ContactBased@32eebfca]" name="tearDown" is-config="true" duration-ms="666" started-at="2018-10-31T07:47:30Z" finished-at="2018-10-31T07:47:31Z">
          <reporter-output>
            <line>
              <![CDATA[Test Completed Successfully]]>
            </line>
          </reporter-output>
        </test-method> <!-- tearDown -->
        <test-method status="PASS" signature="init()[pri:0, instance:com.loadsfm.tests.ActivityFollowUp_ContactBased@32eebfca]" name="init" is-config="true" duration-ms="4747" started-at="2018-10-31T07:47:31Z" finished-at="2018-10-31T07:47:36Z">
          <reporter-output>
          </reporter-output>
        </test-method> <!-- init -->
        <test-method status="PASS" signature="sfmloadtest(java.lang.String)[pri:0, instance:com.loadsfm.tests.ActivityFollowUp_ContactBased@32eebfca]" name="sfmloadtest" duration-ms="32067" started-at="2018-10-31T07:47:36Z" data-provider="inputdata" finished-at="2018-10-31T07:48:08Z">
          <params>
            <param index="0">
              <value>
                <![CDATA[4]]>
              </value>
            </param>
          </params>
          <reporter-output>
          </reporter-output>
        </test-method> <!-- sfmloadtest -->
        <test-method status="PASS" signature="tearDown()[pri:0, instance:com.loadsfm.tests.ActivityFollowUp_ContactBased@32eebfca]" name="tearDown" is-config="true" duration-ms="657" started-at="2018-10-31T07:48:08Z" finished-at="2018-10-31T07:48:08Z">
          <reporter-output>
            <line>
              <![CDATA[Test Completed Successfully]]>
            </line>
          </reporter-output>
        </test-method> <!-- tearDown -->
        <test-method status="PASS" signature="init()[pri:0, instance:com.loadsfm.tests.ActivityFollowUp_ContactBased@32eebfca]" name="init" is-config="true" duration-ms="4891" started-at="2018-10-31T07:48:08Z" finished-at="2018-10-31T07:48:13Z">
          <reporter-output>
          </reporter-output>
        </test-method> <!-- init -->
        <test-method status="PASS" signature="sfmloadtest(java.lang.String)[pri:0, instance:com.loadsfm.tests.ActivityFollowUp_ContactBased@32eebfca]" name="sfmloadtest" duration-ms="32069" started-at="2018-10-31T07:48:13Z" data-provider="inputdata" finished-at="2018-10-31T07:48:45Z">
          <params>
            <param index="0">
              <value>
                <![CDATA[5]]>
              </value>
            </param>
          </params>
          <reporter-output>
          </reporter-output>
        </test-method> <!-- sfmloadtest -->
        <test-method status="PASS" signature="tearDown()[pri:0, instance:com.loadsfm.tests.ActivityFollowUp_ContactBased@32eebfca]" name="tearDown" is-config="true" duration-ms="656" started-at="2018-10-31T07:48:45Z" finished-at="2018-10-31T07:48:46Z">
          <reporter-output>
            <line>
              <![CDATA[Test Completed Successfully]]>
            </line>
          </reporter-output>
        </test-method> <!-- tearDown -->
        <test-method status="PASS" signature="init()[pri:0, instance:com.loadsfm.tests.ActivityFollowUp_ContactBased@32eebfca]" name="init" is-config="true" duration-ms="4714" started-at="2018-10-31T07:48:46Z" finished-at="2018-10-31T07:48:51Z">
          <reporter-output>
          </reporter-output>
        </test-method> <!-- init -->
        <test-method status="PASS" signature="sfmloadtest(java.lang.String)[pri:0, instance:com.loadsfm.tests.ActivityFollowUp_ContactBased@32eebfca]" name="sfmloadtest" duration-ms="31940" started-at="2018-10-31T07:48:51Z" data-provider="inputdata" finished-at="2018-10-31T07:49:23Z">
          <params>
            <param index="0">
              <value>
                <![CDATA[6]]>
              </value>
            </param>
          </params>
          <reporter-output>
          </reporter-output>
        </test-method> <!-- sfmloadtest -->
        <test-method status="PASS" signature="tearDown()[pri:0, instance:com.loadsfm.tests.ActivityFollowUp_ContactBased@32eebfca]" name="tearDown" is-config="true" duration-ms="664" started-at="2018-10-31T07:49:23Z" finished-at="2018-10-31T07:49:23Z">
          <reporter-output>
            <line>
              <![CDATA[Test Completed Successfully]]>
            </line>
          </reporter-output>
        </test-method> <!-- tearDown -->
        <test-method status="PASS" signature="init()[pri:0, instance:com.loadsfm.tests.ActivityFollowUp_ContactBased@32eebfca]" name="init" is-config="true" duration-ms="4771" started-at="2018-10-31T07:49:23Z" finished-at="2018-10-31T07:49:28Z">
          <reporter-output>
          </reporter-output>
        </test-method> <!-- init -->
        <test-method status="PASS" signature="sfmloadtest(java.lang.String)[pri:0, instance:com.loadsfm.tests.ActivityFollowUp_ContactBased@32eebfca]" name="sfmloadtest" duration-ms="34386" started-at="2018-10-31T07:49:28Z" data-provider="inputdata" finished-at="2018-10-31T07:50:02Z">
          <params>
            <param index="0">
              <value>
                <![CDATA[7]]>
              </value>
            </param>
          </params>
          <reporter-output>
          </reporter-output>
        </test-method> <!-- sfmloadtest -->
        <test-method status="PASS" signature="tearDown()[pri:0, instance:com.loadsfm.tests.ActivityFollowUp_ContactBased@32eebfca]" name="tearDown" is-config="true" duration-ms="657" started-at="2018-10-31T07:50:02Z" finished-at="2018-10-31T07:50:03Z">
          <reporter-output>
            <line>
              <![CDATA[Test Completed Successfully]]>
            </line>
          </reporter-output>
        </test-method> <!-- tearDown -->
        <test-method status="PASS" signature="init()[pri:0, instance:com.loadsfm.tests.ActivityFollowUp_ContactBased@32eebfca]" name="init" is-config="true" duration-ms="4878" started-at="2018-10-31T07:50:03Z" finished-at="2018-10-31T07:50:08Z">
          <reporter-output>
          </reporter-output>
        </test-method> <!-- init -->
        <test-method status="PASS" signature="sfmloadtest(java.lang.String)[pri:0, instance:com.loadsfm.tests.ActivityFollowUp_ContactBased@32eebfca]" name="sfmloadtest" duration-ms="31983" started-at="2018-10-31T07:50:08Z" data-provider="inputdata" finished-at="2018-10-31T07:50:40Z">
          <params>
            <param index="0">
              <value>
                <![CDATA[8]]>
              </value>
            </param>
          </params>
          <reporter-output>
          </reporter-output>
        </test-method> <!-- sfmloadtest -->
        <test-method status="PASS" signature="tearDown()[pri:0, instance:com.loadsfm.tests.ActivityFollowUp_ContactBased@32eebfca]" name="tearDown" is-config="true" duration-ms="656" started-at="2018-10-31T07:50:40Z" finished-at="2018-10-31T07:50:41Z">
          <reporter-output>
            <line>
              <![CDATA[Test Completed Successfully]]>
            </line>
          </reporter-output>
        </test-method> <!-- tearDown -->
        <test-method status="PASS" signature="init()[pri:0, instance:com.loadsfm.tests.ActivityFollowUp_ContactBased@32eebfca]" name="init" is-config="true" duration-ms="4815" started-at="2018-10-31T07:50:41Z" finished-at="2018-10-31T07:50:45Z">
          <reporter-output>
          </reporter-output>
        </test-method> <!-- init -->
        <test-method status="PASS" signature="sfmloadtest(java.lang.String)[pri:0, instance:com.loadsfm.tests.ActivityFollowUp_ContactBased@32eebfca]" name="sfmloadtest" duration-ms="32160" started-at="2018-10-31T07:50:45Z" data-provider="inputdata" finished-at="2018-10-31T07:51:18Z">
          <params>
            <param index="0">
              <value>
                <![CDATA[9]]>
              </value>
            </param>
          </params>
          <reporter-output>
          </reporter-output>
        </test-method> <!-- sfmloadtest -->
        <test-method status="PASS" signature="tearDown()[pri:0, instance:com.loadsfm.tests.ActivityFollowUp_ContactBased@32eebfca]" name="tearDown" is-config="true" duration-ms="672" started-at="2018-10-31T07:51:18Z" finished-at="2018-10-31T07:51:18Z">
          <reporter-output>
            <line>
              <![CDATA[Test Completed Successfully]]>
            </line>
          </reporter-output>
        </test-method> <!-- tearDown -->
        <test-method status="PASS" signature="init()[pri:0, instance:com.loadsfm.tests.ActivityFollowUp_ContactBased@32eebfca]" name="init" is-config="true" duration-ms="4791" started-at="2018-10-31T07:51:18Z" finished-at="2018-10-31T07:51:23Z">
          <reporter-output>
          </reporter-output>
        </test-method> <!-- init -->
        <test-method status="PASS" signature="sfmloadtest(java.lang.String)[pri:0, instance:com.loadsfm.tests.ActivityFollowUp_ContactBased@32eebfca]" name="sfmloadtest" duration-ms="31904" started-at="2018-10-31T07:51:23Z" data-provider="inputdata" finished-at="2018-10-31T07:51:55Z">
          <params>
            <param index="0">
              <value>
                <![CDATA[10]]>
              </value>
            </param>
          </params>
          <reporter-output>
          </reporter-output>
        </test-method> <!-- sfmloadtest -->
        <test-method status="PASS" signature="tearDown()[pri:0, instance:com.loadsfm.tests.ActivityFollowUp_ContactBased@32eebfca]" name="tearDown" is-config="true" duration-ms="641" started-at="2018-10-31T07:51:55Z" finished-at="2018-10-31T07:51:56Z">
          <reporter-output>
            <line>
              <![CDATA[Test Completed Successfully]]>
            </line>
          </reporter-output>
        </test-method> <!-- tearDown -->
        <test-method status="PASS" signature="init()[pri:0, instance:com.loadsfm.tests.ActivityFollowUp_ContactBased@32eebfca]" name="init" is-config="true" duration-ms="4720" started-at="2018-10-31T07:51:56Z" finished-at="2018-10-31T07:52:00Z">
          <reporter-output>
          </reporter-output>
        </test-method> <!-- init -->
        <test-method status="PASS" signature="sfmloadtest(java.lang.String)[pri:0, instance:com.loadsfm.tests.ActivityFollowUp_ContactBased@32eebfca]" name="sfmloadtest" duration-ms="31870" started-at="2018-10-31T07:52:00Z" data-provider="inputdata" finished-at="2018-10-31T07:52:32Z">
          <params>
            <param index="0">
              <value>
                <![CDATA[11]]>
              </value>
            </param>
          </params>
          <reporter-output>
          </reporter-output>
        </test-method> <!-- sfmloadtest -->
        <test-method status="PASS" signature="tearDown()[pri:0, instance:com.loadsfm.tests.ActivityFollowUp_ContactBased@32eebfca]" name="tearDown" is-config="true" duration-ms="656" started-at="2018-10-31T07:52:32Z" finished-at="2018-10-31T07:52:33Z">
          <reporter-output>
            <line>
              <![CDATA[Test Completed Successfully]]>
            </line>
          </reporter-output>
        </test-method> <!-- tearDown -->
        <test-method status="PASS" signature="init()[pri:0, instance:com.loadsfm.tests.ActivityFollowUp_ContactBased@32eebfca]" name="init" is-config="true" duration-ms="4721" started-at="2018-10-31T07:52:33Z" finished-at="2018-10-31T07:52:38Z">
          <reporter-output>
          </reporter-output>
        </test-method> <!-- init -->
        <test-method status="PASS" signature="sfmloadtest(java.lang.String)[pri:0, instance:com.loadsfm.tests.ActivityFollowUp_ContactBased@32eebfca]" name="sfmloadtest" duration-ms="31756" started-at="2018-10-31T07:52:38Z" data-provider="inputdata" finished-at="2018-10-31T07:53:09Z">
          <params>
            <param index="0">
              <value>
                <![CDATA[12]]>
              </value>
            </param>
          </params>
          <reporter-output>
          </reporter-output>
        </test-method> <!-- sfmloadtest -->
        <test-method status="PASS" signature="tearDown()[pri:0, instance:com.loadsfm.tests.ActivityFollowUp_ContactBased@32eebfca]" name="tearDown" is-config="true" duration-ms="641" started-at="2018-10-31T07:53:09Z" finished-at="2018-10-31T07:53:10Z">
          <reporter-output>
            <line>
              <![CDATA[Test Completed Successfully]]>
            </line>
          </reporter-output>
        </test-method> <!-- tearDown -->
        <test-method status="PASS" signature="init()[pri:0, instance:com.loadsfm.tests.ActivityFollowUp_ContactBased@32eebfca]" name="init" is-config="true" duration-ms="4699" started-at="2018-10-31T07:53:10Z" finished-at="2018-10-31T07:53:15Z">
          <reporter-output>
          </reporter-output>
        </test-method> <!-- init -->
        <test-method status="PASS" signature="sfmloadtest(java.lang.String)[pri:0, instance:com.loadsfm.tests.ActivityFollowUp_ContactBased@32eebfca]" name="sfmloadtest" duration-ms="31975" started-at="2018-10-31T07:53:15Z" data-provider="inputdata" finished-at="2018-10-31T07:53:47Z">
          <params>
            <param index="0">
              <value>
                <![CDATA[13]]>
              </value>
            </param>
          </params>
          <reporter-output>
          </reporter-output>
        </test-method> <!-- sfmloadtest -->
        <test-method status="PASS" signature="tearDown()[pri:0, instance:com.loadsfm.tests.ActivityFollowUp_ContactBased@32eebfca]" name="tearDown" is-config="true" duration-ms="672" started-at="2018-10-31T07:53:47Z" finished-at="2018-10-31T07:53:47Z">
          <reporter-output>
            <line>
              <![CDATA[Test Completed Successfully]]>
            </line>
          </reporter-output>
        </test-method> <!-- tearDown -->
        <test-method status="PASS" signature="init()[pri:0, instance:com.loadsfm.tests.ActivityFollowUp_ContactBased@32eebfca]" name="init" is-config="true" duration-ms="4699" started-at="2018-10-31T07:53:47Z" finished-at="2018-10-31T07:53:52Z">
          <reporter-output>
          </reporter-output>
        </test-method> <!-- init -->
        <test-method status="PASS" signature="sfmloadtest(java.lang.String)[pri:0, instance:com.loadsfm.tests.ActivityFollowUp_ContactBased@32eebfca]" name="sfmloadtest" duration-ms="32059" started-at="2018-10-31T07:53:52Z" data-provider="inputdata" finished-at="2018-10-31T07:54:24Z">
          <params>
            <param index="0">
              <value>
                <![CDATA[14]]>
              </value>
            </param>
          </params>
          <reporter-output>
          </reporter-output>
        </test-method> <!-- sfmloadtest -->
        <test-method status="PASS" signature="tearDown()[pri:0, instance:com.loadsfm.tests.ActivityFollowUp_ContactBased@32eebfca]" name="tearDown" is-config="true" duration-ms="659" started-at="2018-10-31T07:54:24Z" finished-at="2018-10-31T07:54:25Z">
          <reporter-output>
            <line>
              <![CDATA[Test Completed Successfully]]>
            </line>
          </reporter-output>
        </test-method> <!-- tearDown -->
        <test-method status="PASS" signature="init()[pri:0, instance:com.loadsfm.tests.ActivityFollowUp_ContactBased@32eebfca]" name="init" is-config="true" duration-ms="4741" started-at="2018-10-31T07:54:25Z" finished-at="2018-10-31T07:54:29Z">
          <reporter-output>
          </reporter-output>
        </test-method> <!-- init -->
        <test-method status="PASS" signature="sfmloadtest(java.lang.String)[pri:0, instance:com.loadsfm.tests.ActivityFollowUp_ContactBased@32eebfca]" name="sfmloadtest" duration-ms="31922" started-at="2018-10-31T07:54:29Z" data-provider="inputdata" finished-at="2018-10-31T07:55:01Z">
          <params>
            <param index="0">
              <value>
                <![CDATA[15]]>
              </value>
            </param>
          </params>
          <reporter-output>
          </reporter-output>
        </test-method> <!-- sfmloadtest -->
        <test-method status="PASS" signature="tearDown()[pri:0, instance:com.loadsfm.tests.ActivityFollowUp_ContactBased@32eebfca]" name="tearDown" is-config="true" duration-ms="652" started-at="2018-10-31T07:55:01Z" finished-at="2018-10-31T07:55:02Z">
          <reporter-output>
            <line>
              <![CDATA[Test Completed Successfully]]>
            </line>
          </reporter-output>
        </test-method> <!-- tearDown -->
        <test-method status="PASS" signature="init()[pri:0, instance:com.loadsfm.tests.ActivityFollowUp_ContactBased@32eebfca]" name="init" is-config="true" duration-ms="4763" started-at="2018-10-31T07:55:02Z" finished-at="2018-10-31T07:55:07Z">
          <reporter-output>
          </reporter-output>
        </test-method> <!-- init -->
        <test-method status="PASS" signature="sfmloadtest(java.lang.String)[pri:0, instance:com.loadsfm.tests.ActivityFollowUp_ContactBased@32eebfca]" name="sfmloadtest" duration-ms="32426" started-at="2018-10-31T07:55:07Z" data-provider="inputdata" finished-at="2018-10-31T07:55:39Z">
          <params>
            <param index="0">
              <value>
                <![CDATA[16]]>
              </value>
            </param>
          </params>
          <reporter-output>
          </reporter-output>
        </test-method> <!-- sfmloadtest -->
        <test-method status="PASS" signature="tearDown()[pri:0, instance:com.loadsfm.tests.ActivityFollowUp_ContactBased@32eebfca]" name="tearDown" is-config="true" duration-ms="673" started-at="2018-10-31T07:55:39Z" finished-at="2018-10-31T07:55:40Z">
          <reporter-output>
            <line>
              <![CDATA[Test Completed Successfully]]>
            </line>
          </reporter-output>
        </test-method> <!-- tearDown -->
        <test-method status="PASS" signature="init()[pri:0, instance:com.loadsfm.tests.ActivityFollowUp_ContactBased@32eebfca]" name="init" is-config="true" duration-ms="4785" started-at="2018-10-31T07:55:40Z" finished-at="2018-10-31T07:55:45Z">
          <reporter-output>
          </reporter-output>
        </test-method> <!-- init -->
        <test-method status="PASS" signature="sfmloadtest(java.lang.String)[pri:0, instance:com.loadsfm.tests.ActivityFollowUp_ContactBased@32eebfca]" name="sfmloadtest" duration-ms="31907" started-at="2018-10-31T07:55:45Z" data-provider="inputdata" finished-at="2018-10-31T07:56:17Z">
          <params>
            <param index="0">
              <value>
                <![CDATA[17]]>
              </value>
            </param>
          </params>
          <reporter-output>
          </reporter-output>
        </test-method> <!-- sfmloadtest -->
        <test-method status="PASS" signature="tearDown()[pri:0, instance:com.loadsfm.tests.ActivityFollowUp_ContactBased@32eebfca]" name="tearDown" is-config="true" duration-ms="660" started-at="2018-10-31T07:56:17Z" finished-at="2018-10-31T07:56:17Z">
          <reporter-output>
            <line>
              <![CDATA[Test Completed Successfully]]>
            </line>
          </reporter-output>
        </test-method> <!-- tearDown -->
        <test-method status="PASS" signature="init()[pri:0, instance:com.loadsfm.tests.ActivityFollowUp_ContactBased@32eebfca]" name="init" is-config="true" duration-ms="4705" started-at="2018-10-31T07:56:17Z" finished-at="2018-10-31T07:56:22Z">
          <reporter-output>
          </reporter-output>
        </test-method> <!-- init -->
        <test-method status="PASS" signature="sfmloadtest(java.lang.String)[pri:0, instance:com.loadsfm.tests.ActivityFollowUp_ContactBased@32eebfca]" name="sfmloadtest" duration-ms="31864" started-at="2018-10-31T07:56:22Z" data-provider="inputdata" finished-at="2018-10-31T07:56:54Z">
          <params>
            <param index="0">
              <value>
                <![CDATA[18]]>
              </value>
            </param>
          </params>
          <reporter-output>
          </reporter-output>
        </test-method> <!-- sfmloadtest -->
        <test-method status="PASS" signature="tearDown()[pri:0, instance:com.loadsfm.tests.ActivityFollowUp_ContactBased@32eebfca]" name="tearDown" is-config="true" duration-ms="657" started-at="2018-10-31T07:56:54Z" finished-at="2018-10-31T07:56:54Z">
          <reporter-output>
            <line>
              <![CDATA[Test Completed Successfully]]>
            </line>
          </reporter-output>
        </test-method> <!-- tearDown -->
        <test-method status="PASS" signature="init()[pri:0, instance:com.loadsfm.tests.ActivityFollowUp_ContactBased@32eebfca]" name="init" is-config="true" duration-ms="4784" started-at="2018-10-31T07:56:54Z" finished-at="2018-10-31T07:56:59Z">
          <reporter-output>
          </reporter-output>
        </test-method> <!-- init -->
        <test-method status="PASS" signature="sfmloadtest(java.lang.String)[pri:0, instance:com.loadsfm.tests.ActivityFollowUp_ContactBased@32eebfca]" name="sfmloadtest" duration-ms="32162" started-at="2018-10-31T07:56:59Z" data-provider="inputdata" finished-at="2018-10-31T07:57:31Z">
          <params>
            <param index="0">
              <value>
                <![CDATA[19]]>
              </value>
            </param>
          </params>
          <reporter-output>
          </reporter-output>
        </test-method> <!-- sfmloadtest -->
        <test-method status="PASS" signature="tearDown()[pri:0, instance:com.loadsfm.tests.ActivityFollowUp_ContactBased@32eebfca]" name="tearDown" is-config="true" duration-ms="657" started-at="2018-10-31T07:57:31Z" finished-at="2018-10-31T07:57:32Z">
          <reporter-output>
            <line>
              <![CDATA[Test Completed Successfully]]>
            </line>
          </reporter-output>
        </test-method> <!-- tearDown -->
        <test-method status="PASS" signature="init()[pri:0, instance:com.loadsfm.tests.ActivityFollowUp_ContactBased@32eebfca]" name="init" is-config="true" duration-ms="4792" started-at="2018-10-31T07:57:32Z" finished-at="2018-10-31T07:57:37Z">
          <reporter-output>
          </reporter-output>
        </test-method> <!-- init -->
        <test-method status="PASS" signature="sfmloadtest(java.lang.String)[pri:0, instance:com.loadsfm.tests.ActivityFollowUp_ContactBased@32eebfca]" name="sfmloadtest" duration-ms="32280" started-at="2018-10-31T07:57:37Z" data-provider="inputdata" finished-at="2018-10-31T07:58:09Z">
          <params>
            <param index="0">
              <value>
                <![CDATA[20]]>
              </value>
            </param>
          </params>
          <reporter-output>
          </reporter-output>
        </test-method> <!-- sfmloadtest -->
        <test-method status="PASS" signature="tearDown()[pri:0, instance:com.loadsfm.tests.ActivityFollowUp_ContactBased@32eebfca]" name="tearDown" is-config="true" duration-ms="656" started-at="2018-10-31T07:58:09Z" finished-at="2018-10-31T07:58:10Z">
          <reporter-output>
            <line>
              <![CDATA[Test Completed Successfully]]>
            </line>
          </reporter-output>
        </test-method> <!-- tearDown -->
        <test-method status="PASS" signature="init()[pri:0, instance:com.loadsfm.tests.ActivityFollowUp_ContactBased@32eebfca]" name="init" is-config="true" duration-ms="4760" started-at="2018-10-31T07:58:10Z" finished-at="2018-10-31T07:58:15Z">
          <reporter-output>
          </reporter-output>
        </test-method> <!-- init -->
        <test-method status="PASS" signature="sfmloadtest(java.lang.String)[pri:0, instance:com.loadsfm.tests.ActivityFollowUp_ContactBased@32eebfca]" name="sfmloadtest" duration-ms="32094" started-at="2018-10-31T07:58:15Z" data-provider="inputdata" finished-at="2018-10-31T07:58:47Z">
          <params>
            <param index="0">
              <value>
                <![CDATA[21]]>
              </value>
            </param>
          </params>
          <reporter-output>
          </reporter-output>
        </test-method> <!-- sfmloadtest -->
        <test-method status="PASS" signature="tearDown()[pri:0, instance:com.loadsfm.tests.ActivityFollowUp_ContactBased@32eebfca]" name="tearDown" is-config="true" duration-ms="673" started-at="2018-10-31T07:58:47Z" finished-at="2018-10-31T07:58:47Z">
          <reporter-output>
            <line>
              <![CDATA[Test Completed Successfully]]>
            </line>
          </reporter-output>
        </test-method> <!-- tearDown -->
        <test-method status="PASS" signature="init()[pri:0, instance:com.loadsfm.tests.ActivityFollowUp_ContactBased@32eebfca]" name="init" is-config="true" duration-ms="4793" started-at="2018-10-31T07:58:47Z" finished-at="2018-10-31T07:58:52Z">
          <reporter-output>
          </reporter-output>
        </test-method> <!-- init -->
        <test-method status="PASS" signature="sfmloadtest(java.lang.String)[pri:0, instance:com.loadsfm.tests.ActivityFollowUp_ContactBased@32eebfca]" name="sfmloadtest" duration-ms="31877" started-at="2018-10-31T07:58:52Z" data-provider="inputdata" finished-at="2018-10-31T07:59:24Z">
          <params>
            <param index="0">
              <value>
                <![CDATA[22]]>
              </value>
            </param>
          </params>
          <reporter-output>
          </reporter-output>
        </test-method> <!-- sfmloadtest -->
        <test-method status="PASS" signature="tearDown()[pri:0, instance:com.loadsfm.tests.ActivityFollowUp_ContactBased@32eebfca]" name="tearDown" is-config="true" duration-ms="657" started-at="2018-10-31T07:59:24Z" finished-at="2018-10-31T07:59:25Z">
          <reporter-output>
            <line>
              <![CDATA[Test Completed Successfully]]>
            </line>
          </reporter-output>
        </test-method> <!-- tearDown -->
        <test-method status="PASS" signature="init()[pri:0, instance:com.loadsfm.tests.ActivityFollowUp_ContactBased@32eebfca]" name="init" is-config="true" duration-ms="4782" started-at="2018-10-31T07:59:25Z" finished-at="2018-10-31T07:59:29Z">
          <reporter-output>
          </reporter-output>
        </test-method> <!-- init -->
        <test-method status="PASS" signature="sfmloadtest(java.lang.String)[pri:0, instance:com.loadsfm.tests.ActivityFollowUp_ContactBased@32eebfca]" name="sfmloadtest" duration-ms="32321" started-at="2018-10-31T07:59:29Z" data-provider="inputdata" finished-at="2018-10-31T08:00:02Z">
          <params>
            <param index="0">
              <value>
                <![CDATA[23]]>
              </value>
            </param>
          </params>
          <reporter-output>
          </reporter-output>
        </test-method> <!-- sfmloadtest -->
        <test-method status="PASS" signature="tearDown()[pri:0, instance:com.loadsfm.tests.ActivityFollowUp_ContactBased@32eebfca]" name="tearDown" is-config="true" duration-ms="651" started-at="2018-10-31T08:00:02Z" finished-at="2018-10-31T08:00:02Z">
          <reporter-output>
            <line>
              <![CDATA[Test Completed Successfully]]>
            </line>
          </reporter-output>
        </test-method> <!-- tearDown -->
        <test-method status="PASS" signature="init()[pri:0, instance:com.loadsfm.tests.ActivityFollowUp_ContactBased@32eebfca]" name="init" is-config="true" duration-ms="4854" started-at="2018-10-31T08:00:02Z" finished-at="2018-10-31T08:00:07Z">
          <reporter-output>
          </reporter-output>
        </test-method> <!-- init -->
        <test-method status="PASS" signature="sfmloadtest(java.lang.String)[pri:0, instance:com.loadsfm.tests.ActivityFollowUp_ContactBased@32eebfca]" name="sfmloadtest" duration-ms="32464" started-at="2018-10-31T08:00:07Z" data-provider="inputdata" finished-at="2018-10-31T08:00:40Z">
          <params>
            <param index="0">
              <value>
                <![CDATA[24]]>
              </value>
            </param>
          </params>
          <reporter-output>
          </reporter-output>
        </test-method> <!-- sfmloadtest -->
        <test-method status="PASS" signature="tearDown()[pri:0, instance:com.loadsfm.tests.ActivityFollowUp_ContactBased@32eebfca]" name="tearDown" is-config="true" duration-ms="1293" started-at="2018-10-31T08:00:40Z" finished-at="2018-10-31T08:00:41Z">
          <reporter-output>
            <line>
              <![CDATA[Test Completed Successfully]]>
            </line>
          </reporter-output>
        </test-method> <!-- tearDown -->
        <test-method status="PASS" signature="init()[pri:0, instance:com.loadsfm.tests.ActivityFollowUp_ContactBased@32eebfca]" name="init" is-config="true" duration-ms="4811" started-at="2018-10-31T08:00:41Z" finished-at="2018-10-31T08:00:46Z">
          <reporter-output>
          </reporter-output>
        </test-method> <!-- init -->
        <test-method status="PASS" signature="sfmloadtest(java.lang.String)[pri:0, instance:com.loadsfm.tests.ActivityFollowUp_ContactBased@32eebfca]" name="sfmloadtest" duration-ms="31932" started-at="2018-10-31T08:00:46Z" data-provider="inputdata" finished-at="2018-10-31T08:01:18Z">
          <params>
            <param index="0">
              <value>
                <![CDATA[25]]>
              </value>
            </param>
          </params>
          <reporter-output>
          </reporter-output>
        </test-method> <!-- sfmloadtest -->
        <test-method status="PASS" signature="tearDown()[pri:0, instance:com.loadsfm.tests.ActivityFollowUp_ContactBased@32eebfca]" name="tearDown" is-config="true" duration-ms="580" started-at="2018-10-31T08:01:18Z" finished-at="2018-10-31T08:01:18Z">
          <reporter-output>
            <line>
              <![CDATA[Test Completed Successfully]]>
            </line>
          </reporter-output>
        </test-method> <!-- tearDown -->
        <test-method status="PASS" signature="init()[pri:0, instance:com.loadsfm.tests.ActivityFollowUp_ContactBased@32eebfca]" name="init" is-config="true" duration-ms="4714" started-at="2018-10-31T08:01:18Z" finished-at="2018-10-31T08:01:23Z">
          <reporter-output>
          </reporter-output>
        </test-method> <!-- init -->
        <test-method status="PASS" signature="sfmloadtest(java.lang.String)[pri:0, instance:com.loadsfm.tests.ActivityFollowUp_ContactBased@32eebfca]" name="sfmloadtest" duration-ms="31120" started-at="2018-10-31T08:01:23Z" data-provider="inputdata" finished-at="2018-10-31T08:01:54Z">
          <params>
            <param index="0">
              <value>
                <![CDATA[26]]>
              </value>
            </param>
          </params>
          <reporter-output>
          </reporter-output>
        </test-method> <!-- sfmloadtest -->
        <test-method status="PASS" signature="tearDown()[pri:0, instance:com.loadsfm.tests.ActivityFollowUp_ContactBased@32eebfca]" name="tearDown" is-config="true" duration-ms="608" started-at="2018-10-31T08:01:54Z" finished-at="2018-10-31T08:01:55Z">
          <reporter-output>
            <line>
              <![CDATA[Test Completed Successfully]]>
            </line>
          </reporter-output>
        </test-method> <!-- tearDown -->
        <test-method status="PASS" signature="init()[pri:0, instance:com.loadsfm.tests.ActivityFollowUp_ContactBased@32eebfca]" name="init" is-config="true" duration-ms="4762" started-at="2018-10-31T08:01:55Z" finished-at="2018-10-31T08:02:00Z">
          <reporter-output>
          </reporter-output>
        </test-method> <!-- init -->
        <test-method status="PASS" signature="sfmloadtest(java.lang.String)[pri:0, instance:com.loadsfm.tests.ActivityFollowUp_ContactBased@32eebfca]" name="sfmloadtest" duration-ms="32137" started-at="2018-10-31T08:02:00Z" data-provider="inputdata" finished-at="2018-10-31T08:02:32Z">
          <params>
            <param index="0">
              <value>
                <![CDATA[27]]>
              </value>
            </param>
          </params>
          <reporter-output>
          </reporter-output>
        </test-method> <!-- sfmloadtest -->
        <test-method status="PASS" signature="tearDown()[pri:0, instance:com.loadsfm.tests.ActivityFollowUp_ContactBased@32eebfca]" name="tearDown" is-config="true" duration-ms="656" started-at="2018-10-31T08:02:32Z" finished-at="2018-10-31T08:02:32Z">
          <reporter-output>
            <line>
              <![CDATA[Test Completed Successfully]]>
            </line>
          </reporter-output>
        </test-method> <!-- tearDown -->
        <test-method status="PASS" signature="init()[pri:0, instance:com.loadsfm.tests.ActivityFollowUp_ContactBased@32eebfca]" name="init" is-config="true" duration-ms="4877" started-at="2018-10-31T08:02:32Z" finished-at="2018-10-31T08:02:37Z">
          <reporter-output>
          </reporter-output>
        </test-method> <!-- init -->
        <test-method status="PASS" signature="sfmloadtest(java.lang.String)[pri:0, instance:com.loadsfm.tests.ActivityFollowUp_ContactBased@32eebfca]" name="sfmloadtest" duration-ms="31559" started-at="2018-10-31T08:02:37Z" data-provider="inputdata" finished-at="2018-10-31T08:03:09Z">
          <params>
            <param index="0">
              <value>
                <![CDATA[28]]>
              </value>
            </param>
          </params>
          <reporter-output>
          </reporter-output>
        </test-method> <!-- sfmloadtest -->
        <test-method status="PASS" signature="tearDown()[pri:0, instance:com.loadsfm.tests.ActivityFollowUp_ContactBased@32eebfca]" name="tearDown" is-config="true" duration-ms="1357" started-at="2018-10-31T08:03:09Z" finished-at="2018-10-31T08:03:10Z">
          <reporter-output>
            <line>
              <![CDATA[Test Completed Successfully]]>
            </line>
          </reporter-output>
        </test-method> <!-- tearDown -->
        <test-method status="PASS" signature="init()[pri:0, instance:com.loadsfm.tests.ActivityFollowUp_ContactBased@32eebfca]" name="init" is-config="true" duration-ms="4685" started-at="2018-10-31T08:03:10Z" finished-at="2018-10-31T08:03:15Z">
          <reporter-output>
          </reporter-output>
        </test-method> <!-- init -->
        <test-method status="PASS" signature="sfmloadtest(java.lang.String)[pri:0, instance:com.loadsfm.tests.ActivityFollowUp_ContactBased@32eebfca]" name="sfmloadtest" duration-ms="31578" started-at="2018-10-31T08:03:15Z" data-provider="inputdata" finished-at="2018-10-31T08:03:46Z">
          <params>
            <param index="0">
              <value>
                <![CDATA[29]]>
              </value>
            </param>
          </params>
          <reporter-output>
          </reporter-output>
        </test-method> <!-- sfmloadtest -->
        <test-method status="PASS" signature="tearDown()[pri:0, instance:com.loadsfm.tests.ActivityFollowUp_ContactBased@32eebfca]" name="tearDown" is-config="true" duration-ms="650" started-at="2018-10-31T08:03:46Z" finished-at="2018-10-31T08:03:47Z">
          <reporter-output>
            <line>
              <![CDATA[Test Completed Successfully]]>
            </line>
          </reporter-output>
        </test-method> <!-- tearDown -->
        <test-method status="PASS" signature="init()[pri:0, instance:com.loadsfm.tests.ActivityFollowUp_ContactBased@32eebfca]" name="init" is-config="true" duration-ms="4584" started-at="2018-10-31T08:03:47Z" finished-at="2018-10-31T08:03:52Z">
          <reporter-output>
          </reporter-output>
        </test-method> <!-- init -->
        <test-method status="PASS" signature="sfmloadtest(java.lang.String)[pri:0, instance:com.loadsfm.tests.ActivityFollowUp_ContactBased@32eebfca]" name="sfmloadtest" duration-ms="31504" started-at="2018-10-31T08:03:52Z" data-provider="inputdata" finished-at="2018-10-31T08:04:23Z">
          <params>
            <param index="0">
              <value>
                <![CDATA[30]]>
              </value>
            </param>
          </params>
          <reporter-output>
          </reporter-output>
        </test-method> <!-- sfmloadtest -->
        <test-method status="PASS" signature="tearDown()[pri:0, instance:com.loadsfm.tests.ActivityFollowUp_ContactBased@32eebfca]" name="tearDown" is-config="true" duration-ms="650" started-at="2018-10-31T08:04:23Z" finished-at="2018-10-31T08:04:24Z">
          <reporter-output>
            <line>
              <![CDATA[Test Completed Successfully]]>
            </line>
          </reporter-output>
        </test-method> <!-- tearDown -->
        <test-method status="PASS" signature="init()[pri:0, instance:com.loadsfm.tests.ActivityFollowUp_ContactBased@32eebfca]" name="init" is-config="true" duration-ms="5287" started-at="2018-10-31T08:04:24Z" finished-at="2018-10-31T08:04:29Z">
          <reporter-output>
          </reporter-output>
        </test-method> <!-- init -->
        <test-method status="PASS" signature="sfmloadtest(java.lang.String)[pri:0, instance:com.loadsfm.tests.ActivityFollowUp_ContactBased@32eebfca]" name="sfmloadtest" duration-ms="31885" started-at="2018-10-31T08:04:29Z" data-provider="inputdata" finished-at="2018-10-31T08:05:01Z">
          <params>
            <param index="0">
              <value>
                <![CDATA[31]]>
              </value>
            </param>
          </params>
          <reporter-output>
          </reporter-output>
        </test-method> <!-- sfmloadtest -->
        <test-method status="PASS" signature="tearDown()[pri:0, instance:com.loadsfm.tests.ActivityFollowUp_ContactBased@32eebfca]" name="tearDown" is-config="true" duration-ms="1062" started-at="2018-10-31T08:05:01Z" finished-at="2018-10-31T08:05:02Z">
          <reporter-output>
            <line>
              <![CDATA[Test Completed Successfully]]>
            </line>
          </reporter-output>
        </test-method> <!-- tearDown -->
        <test-method status="PASS" signature="init()[pri:0, instance:com.loadsfm.tests.ActivityFollowUp_ContactBased@32eebfca]" name="init" is-config="true" duration-ms="6279" started-at="2018-10-31T08:05:02Z" finished-at="2018-10-31T08:05:08Z">
          <reporter-output>
          </reporter-output>
        </test-method> <!-- init -->
        <test-method status="PASS" signature="sfmloadtest(java.lang.String)[pri:0, instance:com.loadsfm.tests.ActivityFollowUp_ContactBased@32eebfca]" name="sfmloadtest" duration-ms="34942" started-at="2018-10-31T08:05:08Z" data-provider="inputdata" finished-at="2018-10-31T08:05:43Z">
          <params>
            <param index="0">
              <value>
                <![CDATA[32]]>
              </value>
            </param>
          </params>
          <reporter-output>
          </reporter-output>
        </test-method> <!-- sfmloadtest -->
        <test-method status="PASS" signature="tearDown()[pri:0, instance:com.loadsfm.tests.ActivityFollowUp_ContactBased@32eebfca]" name="tearDown" is-config="true" duration-ms="656" started-at="2018-10-31T08:05:43Z" finished-at="2018-10-31T08:05:44Z">
          <reporter-output>
            <line>
              <![CDATA[Test Completed Successfully]]>
            </line>
          </reporter-output>
        </test-method> <!-- tearDown -->
        <test-method status="PASS" signature="init()[pri:0, instance:com.loadsfm.tests.ActivityFollowUp_ContactBased@32eebfca]" name="init" is-config="true" duration-ms="4668" started-at="2018-10-31T08:05:44Z" finished-at="2018-10-31T08:05:49Z">
          <reporter-output>
          </reporter-output>
        </test-method> <!-- init -->
        <test-method status="PASS" signature="sfmloadtest(java.lang.String)[pri:0, instance:com.loadsfm.tests.ActivityFollowUp_ContactBased@32eebfca]" name="sfmloadtest" duration-ms="32132" started-at="2018-10-31T08:05:49Z" data-provider="inputdata" finished-at="2018-10-31T08:06:21Z">
          <params>
            <param index="0">
              <value>
                <![CDATA[33]]>
              </value>
            </param>
          </params>
          <reporter-output>
          </reporter-output>
        </test-method> <!-- sfmloadtest -->
        <test-method status="PASS" signature="tearDown()[pri:0, instance:com.loadsfm.tests.ActivityFollowUp_ContactBased@32eebfca]" name="tearDown" is-config="true" duration-ms="703" started-at="2018-10-31T08:06:21Z" finished-at="2018-10-31T08:06:21Z">
          <reporter-output>
            <line>
              <![CDATA[Test Completed Successfully]]>
            </line>
          </reporter-output>
        </test-method> <!-- tearDown -->
        <test-method status="PASS" signature="init()[pri:0, instance:com.loadsfm.tests.ActivityFollowUp_ContactBased@32eebfca]" name="init" is-config="true" duration-ms="4720" started-at="2018-10-31T08:06:21Z" finished-at="2018-10-31T08:06:26Z">
          <reporter-output>
          </reporter-output>
        </test-method> <!-- init -->
        <test-method status="PASS" signature="sfmloadtest(java.lang.String)[pri:0, instance:com.loadsfm.tests.ActivityFollowUp_ContactBased@32eebfca]" name="sfmloadtest" duration-ms="32263" started-at="2018-10-31T08:06:26Z" data-provider="inputdata" finished-at="2018-10-31T08:06:58Z">
          <params>
            <param index="0">
              <value>
                <![CDATA[34]]>
              </value>
            </param>
          </params>
          <reporter-output>
          </reporter-output>
[...]
          <reporter-output>
          </reporter-output>
        </test-method> <!-- init -->
        <test-method status="PASS" signature="sfmloadtest(java.lang.String)[pri:0, instance:com.loadsfm.tests.ActivityFollowUp_ContactBased@32eebfca]" name="sfmloadtest" duration-ms="32092" started-at="2018-10-31T12:49:49Z" data-provider="inputdata" finished-at="2018-10-31T12:50:21Z">
          <params>
            <param index="0">
              <value>
                <![CDATA[486]]>
              </value>
            </param>
          </params>
          <reporter-output>
          </reporter-output>
        </test-method> <!-- sfmloadtest -->
        <test-method status="PASS" signature="tearDown()[pri:0, instance:com.loadsfm.tests.ActivityFollowUp_ContactBased@32eebfca]" name="tearDown" is-config="true" duration-ms="658" started-at="2018-10-31T12:50:21Z" finished-at="2018-10-31T12:50:22Z">
          <reporter-output>
            <line>
              <![CDATA[Test Completed Successfully]]>
            </line>
          </reporter-output>
        </test-method> <!-- tearDown -->
        <test-method status="PASS" signature="init()[pri:0, instance:com.loadsfm.tests.ActivityFollowUp_ContactBased@32eebfca]" name="init" is-config="true" duration-ms="4748" started-at="2018-10-31T12:50:22Z" finished-at="2018-10-31T12:50:27Z">
          <reporter-output>
          </reporter-output>
        </test-method> <!-- init -->
        <test-method status="PASS" signature="sfmloadtest(java.lang.String)[pri:0, instance:com.loadsfm.tests.ActivityFollowUp_ContactBased@32eebfca]" name="sfmloadtest" duration-ms="32339" started-at="2018-10-31T12:50:27Z" data-provider="inputdata" finished-at="2018-10-31T12:50:59Z">
          <params>
            <param index="0">
              <value>
                <![CDATA[487]]>
              </value>
            </param>
          </params>
          <reporter-output>
          </reporter-output>
        </test-method> <!-- sfmloadtest -->
        <test-method status="PASS" signature="tearDown()[pri:0, instance:com.loadsfm.tests.ActivityFollowUp_ContactBased@32eebfca]" name="tearDown" is-config="true" duration-ms="658" started-at="2018-10-31T12:50:59Z" finished-at="2018-10-31T12:51:00Z">
          <reporter-output>
            <line>
              <![CDATA[Test Completed Successfully]]>
            </line>
          </reporter-output>
        </test-method> <!-- tearDown -->
        <test-method status="PASS" signature="init()[pri:0, instance:com.loadsfm.tests.ActivityFollowUp_ContactBased@32eebfca]" name="init" is-config="true" duration-ms="4741" started-at="2018-10-31T12:51:00Z" finished-at="2018-10-31T12:51:05Z">
          <reporter-output>
          </reporter-output>
        </test-method> <!-- init -->
        <test-method status="PASS" signature="sfmloadtest(java.lang.String)[pri:0, instance:com.loadsfm.tests.ActivityFollowUp_ContactBased@32eebfca]" name="sfmloadtest" duration-ms="32127" started-at="2018-10-31T12:51:05Z" data-provider="inputdata" finished-at="2018-10-31T12:51:37Z">
          <params>
            <param index="0">
              <value>
                <![CDATA[488]]>
              </value>
            </param>
          </params>
          <reporter-output>
          </reporter-output>
        </test-method> <!-- sfmloadtest -->
        <test-method status="PASS" signature="tearDown()[pri:0, instance:com.loadsfm.tests.ActivityFollowUp_ContactBased@32eebfca]" name="tearDown" is-config="true" duration-ms="657" started-at="2018-10-31T12:51:37Z" finished-at="2018-10-31T12:51:37Z">
          <reporter-output>
            <line>
              <![CDATA[Test Completed Successfully]]>
            </line>
          </reporter-output>
        </test-method> <!-- tearDown -->
        <test-method status="PASS" signature="init()[pri:0, instance:com.loadsfm.tests.ActivityFollowUp_ContactBased@32eebfca]" name="init" is-config="true" duration-ms="4748" started-at="2018-10-31T12:51:37Z" finished-at="2018-10-31T12:51:42Z">
          <reporter-output>
          </reporter-output>
        </test-method> <!-- init -->
        <test-method status="PASS" signature="sfmloadtest(java.lang.String)[pri:0, instance:com.loadsfm.tests.ActivityFollowUp_ContactBased@32eebfca]" name="sfmloadtest" duration-ms="32165" started-at="2018-10-31T12:51:42Z" data-provider="inputdata" finished-at="2018-10-31T12:52:14Z">
          <params>
            <param index="0">
              <value>
                <![CDATA[489]]>
              </value>
            </param>
          </params>
          <reporter-output>
          </reporter-output>
        </test-method> <!-- sfmloadtest -->
        <test-method status="PASS" signature="tearDown()[pri:0, instance:com.loadsfm.tests.ActivityFollowUp_ContactBased@32eebfca]" name="tearDown" is-config="true" duration-ms="656" started-at="2018-10-31T12:52:14Z" finished-at="2018-10-31T12:52:15Z">
          <reporter-output>
            <line>
              <![CDATA[Test Completed Successfully]]>
            </line>
          </reporter-output>
        </test-method> <!-- tearDown -->
        <test-method status="PASS" signature="init()[pri:0, instance:com.loadsfm.tests.ActivityFollowUp_ContactBased@32eebfca]" name="init" is-config="true" duration-ms="4790" started-at="2018-10-31T12:52:15Z" finished-at="2018-10-31T12:52:20Z">
          <reporter-output>
          </reporter-output>
        </test-method> <!-- init -->
        <test-method status="PASS" signature="sfmloadtest(java.lang.String)[pri:0, instance:com.loadsfm.tests.ActivityFollowUp_ContactBased@32eebfca]" name="sfmloadtest" duration-ms="31965" started-at="2018-10-31T12:52:20Z" data-provider="inputdata" finished-at="2018-10-31T12:52:52Z">
          <params>
            <param index="0">
              <value>
                <![CDATA[490]]>
              </value>
            </param>
          </params>
          <reporter-output>
          </reporter-output>
        </test-method> <!-- sfmloadtest -->
        <test-method status="PASS" signature="tearDown()[pri:0, instance:com.loadsfm.tests.ActivityFollowUp_ContactBased@32eebfca]" name="tearDown" is-config="true" duration-ms="658" started-at="2018-10-31T12:52:52Z" finished-at="2018-10-31T12:52:52Z">
          <reporter-output>
            <line>
              <![CDATA[Test Completed Successfully]]>
            </line>
          </reporter-output>
        </test-method> <!-- tearDown -->
        <test-method status="PASS" signature="init()[pri:0, instance:com.loadsfm.tests.ActivityFollowUp_ContactBased@32eebfca]" name="init" is-config="true" duration-ms="4825" started-at="2018-10-31T12:52:52Z" finished-at="2018-10-31T12:52:57Z">
          <reporter-output>
          </reporter-output>
        </test-method> <!-- init -->
        <test-method status="PASS" signature="sfmloadtest(java.lang.String)[pri:0, instance:com.loadsfm.tests.ActivityFollowUp_ContactBased@32eebfca]" name="sfmloadtest" duration-ms="32208" started-at="2018-10-31T12:52:57Z" data-provider="inputdata" finished-at="2018-10-31T12:53:29Z">
          <params>
            <param index="0">
              <value>
                <![CDATA[491]]>
              </value>
            </param>
          </params>
          <reporter-output>
          </reporter-output>
        </test-method> <!-- sfmloadtest -->
        <test-method status="PASS" signature="tearDown()[pri:0, instance:com.loadsfm.tests.ActivityFollowUp_ContactBased@32eebfca]" name="tearDown" is-config="true" duration-ms="659" started-at="2018-10-31T12:53:29Z" finished-at="2018-10-31T12:53:30Z">
          <reporter-output>
            <line>
              <![CDATA[Test Completed Successfully]]>
            </line>
          </reporter-output>
        </test-method> <!-- tearDown -->
        <test-method status="PASS" signature="init()[pri:0, instance:com.loadsfm.tests.ActivityFollowUp_ContactBased@32eebfca]" name="init" is-config="true" duration-ms="4807" started-at="2018-10-31T12:53:30Z" finished-at="2018-10-31T12:53:35Z">
          <reporter-output>
          </reporter-output>
        </test-method> <!-- init -->
        <test-method status="PASS" signature="sfmloadtest(java.lang.String)[pri:0, instance:com.loadsfm.tests.ActivityFollowUp_ContactBased@32eebfca]" name="sfmloadtest" duration-ms="32231" started-at="2018-10-31T12:53:35Z" data-provider="inputdata" finished-at="2018-10-31T12:54:07Z">
          <params>
            <param index="0">
              <value>
                <![CDATA[492]]>
              </value>
            </param>
          </params>
          <reporter-output>
          </reporter-output>
        </test-method> <!-- sfmloadtest -->
        <test-method status="PASS" signature="tearDown()[pri:0, instance:com.loadsfm.tests.ActivityFollowUp_ContactBased@32eebfca]" name="tearDown" is-config="true" duration-ms="642" started-at="2018-10-31T12:54:07Z" finished-at="2018-10-31T12:54:08Z">
          <reporter-output>
            <line>
              <![CDATA[Test Completed Successfully]]>
            </line>
          </reporter-output>
        </test-method> <!-- tearDown -->
        <test-method status="PASS" signature="init()[pri:0, instance:com.loadsfm.tests.ActivityFollowUp_ContactBased@32eebfca]" name="init" is-config="true" duration-ms="4819" started-at="2018-10-31T12:54:08Z" finished-at="2018-10-31T12:54:12Z">
          <reporter-output>
          </reporter-output>
        </test-method> <!-- init -->
        <test-method status="PASS" signature="sfmloadtest(java.lang.String)[pri:0, instance:com.loadsfm.tests.ActivityFollowUp_ContactBased@32eebfca]" name="sfmloadtest" duration-ms="32107" started-at="2018-10-31T12:54:12Z" data-provider="inputdata" finished-at="2018-10-31T12:54:45Z">
          <params>
            <param index="0">
              <value>
                <![CDATA[493]]>
              </value>
            </param>
          </params>
          <reporter-output>
          </reporter-output>
        </test-method> <!-- sfmloadtest -->
        <test-method status="PASS" signature="tearDown()[pri:0, instance:com.loadsfm.tests.ActivityFollowUp_ContactBased@32eebfca]" name="tearDown" is-config="true" duration-ms="640" started-at="2018-10-31T12:54:45Z" finished-at="2018-10-31T12:54:45Z">
          <reporter-output>
            <line>
              <![CDATA[Test Completed Successfully]]>
            </line>
          </reporter-output>
        </test-method> <!-- tearDown -->
        <test-method status="PASS" signature="init()[pri:0, instance:com.loadsfm.tests.ActivityFollowUp_ContactBased@32eebfca]" name="init" is-config="true" duration-ms="4730" started-at="2018-10-31T12:54:45Z" finished-at="2018-10-31T12:54:50Z">
          <reporter-output>
          </reporter-output>
        </test-method> <!-- init -->
        <test-method status="PASS" signature="sfmloadtest(java.lang.String)[pri:0, instance:com.loadsfm.tests.ActivityFollowUp_ContactBased@32eebfca]" name="sfmloadtest" duration-ms="32599" started-at="2018-10-31T12:54:50Z" data-provider="inputdata" finished-at="2018-10-31T12:55:23Z">
          <params>
            <param index="0">
              <value>
                <![CDATA[494]]>
              </value>
            </param>
          </params>
          <reporter-output>
          </reporter-output>
        </test-method> <!-- sfmloadtest -->
        <test-method status="PASS" signature="tearDown()[pri:0, instance:com.loadsfm.tests.ActivityFollowUp_ContactBased@32eebfca]" name="tearDown" is-config="true" duration-ms="656" started-at="2018-10-31T12:55:23Z" finished-at="2018-10-31T12:55:23Z">
          <reporter-output>
            <line>
              <![CDATA[Test Completed Successfully]]>
            </line>
          </reporter-output>
        </test-method> <!-- tearDown -->
        <test-method status="PASS" signature="init()[pri:0, instance:com.loadsfm.tests.ActivityFollowUp_ContactBased@32eebfca]" name="init" is-config="true" duration-ms="4809" started-at="2018-10-31T12:55:23Z" finished-at="2018-10-31T12:55:28Z">
          <reporter-output>
          </reporter-output>
        </test-method> <!-- init -->
        <test-method status="PASS" signature="sfmloadtest(java.lang.String)[pri:0, instance:com.loadsfm.tests.ActivityFollowUp_ContactBased@32eebfca]" name="sfmloadtest" duration-ms="32008" started-at="2018-10-31T12:55:28Z" data-provider="inputdata" finished-at="2018-10-31T12:56:00Z">
          <params>
            <param index="0">
              <value>
                <![CDATA[495]]>
              </value>
            </param>
          </params>
          <reporter-output>
          </reporter-output>
        </test-method> <!-- sfmloadtest -->
        <test-method status="PASS" signature="tearDown()[pri:0, instance:com.loadsfm.tests.ActivityFollowUp_ContactBased@32eebfca]" name="tearDown" is-config="true" duration-ms="643" started-at="2018-10-31T12:56:00Z" finished-at="2018-10-31T12:56:01Z">
          <reporter-output>
            <line>
              <![CDATA[Test Completed Successfully]]>
            </line>
          </reporter-output>
        </test-method> <!-- tearDown -->
        <test-method status="PASS" signature="init()[pri:0, instance:com.loadsfm.tests.ActivityFollowUp_ContactBased@32eebfca]" name="init" is-config="true" duration-ms="4754" started-at="2018-10-31T12:56:01Z" finished-at="2018-10-31T12:56:05Z">
          <reporter-output>
          </reporter-output>
        </test-method> <!-- init -->
        <test-method status="PASS" signature="sfmloadtest(java.lang.String)[pri:0, instance:com.loadsfm.tests.ActivityFollowUp_ContactBased@32eebfca]" name="sfmloadtest" duration-ms="32384" started-at="2018-10-31T12:56:05Z" data-provider="inputdata" finished-at="2018-10-31T12:56:38Z">
          <params>
            <param index="0">
              <value>
                <![CDATA[496]]>
              </value>
            </param>
          </params>
          <reporter-output>
          </reporter-output>
        </test-method> <!-- sfmloadtest -->
        <test-method status="PASS" signature="tearDown()[pri:0, instance:com.loadsfm.tests.ActivityFollowUp_ContactBased@32eebfca]" name="tearDown" is-config="true" duration-ms="656" started-at="2018-10-31T12:56:38Z" finished-at="2018-10-31T12:56:38Z">
          <reporter-output>
            <line>
              <![CDATA[Test Completed Successfully]]>
            </line>
          </reporter-output>
        </test-method> <!-- tearDown -->
        <test-method status="PASS" signature="init()[pri:0, instance:com.loadsfm.tests.ActivityFollowUp_ContactBased@32eebfca]" name="init" is-config="true" duration-ms="4707" started-at="2018-10-31T12:56:38Z" finished-at="2018-10-31T12:56:43Z">
          <reporter-output>
          </reporter-output>
        </test-method> <!-- init -->
        <test-method status="PASS" signature="sfmloadtest(java.lang.String)[pri:0, instance:com.loadsfm.tests.ActivityFollowUp_ContactBased@32eebfca]" name="sfmloadtest" duration-ms="32149" started-at="2018-10-31T12:56:43Z" data-provider="inputdata" finished-at="2018-10-31T12:57:15Z">
          <params>
            <param index="0">
              <value>
                <![CDATA[497]]>
              </value>
            </param>
          </params>
          <reporter-output>
          </reporter-output>
        </test-method> <!-- sfmloadtest -->
        <test-method status="PASS" signature="tearDown()[pri:0, instance:com.loadsfm.tests.ActivityFollowUp_ContactBased@32eebfca]" name="tearDown" is-config="true" duration-ms="656" started-at="2018-10-31T12:57:15Z" finished-at="2018-10-31T12:57:16Z">
          <reporter-output>
            <line>
              <![CDATA[Test Completed Successfully]]>
            </line>
          </reporter-output>
        </test-method> <!-- tearDown -->
        <test-method status="PASS" signature="init()[pri:0, instance:com.loadsfm.tests.ActivityFollowUp_ContactBased@32eebfca]" name="init" is-config="true" duration-ms="4759" started-at="2018-10-31T12:57:16Z" finished-at="2018-10-31T12:57:21Z">
          <reporter-output>
          </reporter-output>
        </test-method> <!-- init -->
        <test-method status="PASS" signature="sfmloadtest(java.lang.String)[pri:0, instance:com.loadsfm.tests.ActivityFollowUp_ContactBased@32eebfca]" name="sfmloadtest" duration-ms="32282" started-at="2018-10-31T12:57:21Z" data-provider="inputdata" finished-at="2018-10-31T12:57:53Z">
          <params>
            <param index="0">
              <value>
                <![CDATA[498]]>
              </value>
            </param>
          </params>
          <reporter-output>
          </reporter-output>
        </test-method> <!-- sfmloadtest -->
        <test-method status="PASS" signature="tearDown()[pri:0, instance:com.loadsfm.tests.ActivityFollowUp_ContactBased@32eebfca]" name="tearDown" is-config="true" duration-ms="641" started-at="2018-10-31T12:57:53Z" finished-at="2018-10-31T12:57:54Z">
          <reporter-output>
            <line>
              <![CDATA[Test Completed Successfully]]>
            </line>
          </reporter-output>
        </test-method> <!-- tearDown -->
        <test-method status="PASS" signature="init()[pri:0, instance:com.loadsfm.tests.ActivityFollowUp_ContactBased@32eebfca]" name="init" is-config="true" duration-ms="4758" started-at="2018-10-31T12:57:54Z" finished-at="2018-10-31T12:57:58Z">
          <reporter-output>
          </reporter-output>
        </test-method> <!-- init -->
        <test-method status="PASS" signature="sfmloadtest(java.lang.String)[pri:0, instance:com.loadsfm.tests.ActivityFollowUp_ContactBased@32eebfca]" name="sfmloadtest" duration-ms="32184" started-at="2018-10-31T12:57:58Z" data-provider="inputdata" finished-at="2018-10-31T12:58:31Z">
          <params>
            <param index="0">
              <value>
                <![CDATA[499]]>
              </value>
            </param>
          </params>
          <reporter-output>
          </reporter-output>
        </test-method> <!-- sfmloadtest -->
        <test-method status="PASS" signature="tearDown()[pri:0, instance:com.loadsfm.tests.ActivityFollowUp_ContactBased@32eebfca]" name="tearDown" is-config="true" duration-ms="687" started-at="2018-10-31T12:58:31Z" finished-at="2018-10-31T12:58:31Z">
          <reporter-output>
            <line>
              <![CDATA[Test Completed Successfully]]>
            </line>
          </reporter-output>
        </test-method> <!-- tearDown -->
        <test-method status="PASS" signature="init()[pri:0, instance:com.loadsfm.tests.ActivityFollowUp_ContactBased@32eebfca]" name="init" is-config="true" duration-ms="4766" started-at="2018-10-31T12:58:31Z" finished-at="2018-10-31T12:58:36Z">
          <reporter-output>
          </reporter-output>
        </test-method> <!-- init -->
        <test-method status="PASS" signature="sfmloadtest(java.lang.String)[pri:0, instance:com.loadsfm.tests.ActivityFollowUp_ContactBased@32eebfca]" name="sfmloadtest" duration-ms="31880" started-at="2018-10-31T12:58:36Z" data-provider="inputdata" finished-at="2018-10-31T12:59:08Z">
          <params>
            <param index="0">
              <value>
                <![CDATA[500]]>
              </value>
            </param>
          </params>
          <reporter-output>
          </reporter-output>
        </test-method> <!-- sfmloadtest -->
        <test-method status="PASS" signature="tearDown()[pri:0, instance:com.loadsfm.tests.ActivityFollowUp_ContactBased@32eebfca]" name="tearDown" is-config="true" duration-ms="657" started-at="2018-10-31T12:59:08Z" finished-at="2018-10-31T12:59:09Z">
          <reporter-output>
            <line>
              <![CDATA[Test Completed Successfully]]>
            </line>
          </reporter-output>
        </test-method> <!-- tearDown -->
      </class> <!-- com.loadsfm.tests.ActivityFollowUp_ContactBased -->
    </test> <!-- Default test -->
  </suite> <!-- Default suite -->
</testng-results>
