<?xml version="1.0" encoding="UTF-8"?>
<!-- Generated by org.testng.reporters.JUnitReportReporter -->
<testsuite skipped="0" hostname="VBTSCPTESTING02" name="com.loadsfm.tests.sfmload" tests="2122" failures="0" timestamp="27 Oct 2018 00:15:47 GMT" time="53877.891" errors="0">
  <testcase name="sfmloadtest" time="24.894" classname="com.loadsfm.tests.sfmload"/>
  <testcase name="sfmloadtest" time="25.362" classname="com.loadsfm.tests.sfmload"/>
  <testcase name="sfmloadtest" time="25.153" classname="com.loadsfm.tests.sfmload"/>
  <testcase name="sfmloadtest" time="25.258" classname="com.loadsfm.tests.sfmload"/>
  <testcase name="sfmloadtest" time="25.327" classname="com.loadsfm.tests.sfmload"/>
  <testcase name="sfmloadtest" time="25.070" classname="com.loadsfm.tests.sfmload"/>
  <testcase name="sfmloadtest" time="25.216" classname="com.loadsfm.tests.sfmload"/>
  <testcase name="sfmloadtest" time="25.123" classname="com.loadsfm.tests.sfmload"/>
  <testcase name="sfmloadtest" time="25.563" classname="com.loadsfm.tests.sfmload"/>
  <testcase name="sfmloadtest" time="25.206" classname="com.loadsfm.tests.sfmload"/>
  <testcase name="sfmloadtest" time="56.215" classname="com.loadsfm.tests.sfmload"/>
  <testcase name="sfmloadtest" time="24.952" classname="com.loadsfm.tests.sfmload"/>
  <testcase name="sfmloadtest" time="25.252" classname="com.loadsfm.tests.sfmload"/>
  <testcase name="sfmloadtest" time="25.138" classname="com.loadsfm.tests.sfmload"/>
  <testcase name="sfmloadtest" time="25.370" classname="com.loadsfm.tests.sfmload"/>
  <testcase name="sfmloadtest" time="25.434" classname="com.loadsfm.tests.sfmload"/>
  <testcase name="sfmloadtest" time="25.255" classname="com.loadsfm.tests.sfmload"/>
  <testcase name="sfmloadtest" time="24.883" classname="com.loadsfm.tests.sfmload"/>
  <testcase name="sfmloadtest" time="24.852" classname="com.loadsfm.tests.sfmload"/>
  <testcase name="sfmloadtest" time="25.389" classname="com.loadsfm.tests.sfmload"/>
  <testcase name="sfmloadtest" time="25.615" classname="com.loadsfm.tests.sfmload"/>
  <testcase name="sfmloadtest" time="25.500" classname="com.loadsfm.tests.sfmload"/>
  <testcase name="sfmloadtest" time="25.239" classname="com.loadsfm.tests.sfmload"/>
  <testcase name="sfmloadtest" time="25.169" classname="com.loadsfm.tests.sfmload"/>
  <testcase name="sfmloadtest" time="25.094" classname="com.loadsfm.tests.sfmload"/>
  <testcase name="sfmloadtest" time="25.376" classname="com.loadsfm.tests.sfmload"/>
  <testcase name="sfmloadtest" time="25.410" classname="com.loadsfm.tests.sfmload"/>
  <testcase name="sfmloadtest" time="25.289" classname="com.loadsfm.tests.sfmload"/>
  <testcase name="sfmloadtest" time="24.962" classname="com.loadsfm.tests.sfmload"/>
  <testcase name="sfmloadtest" time="25.674" classname="com.loadsfm.tests.sfmload"/>
  <testcase name="sfmloadtest" time="25.198" classname="com.loadsfm.tests.sfmload"/>
  <testcase name="sfmloadtest" time="25.338" classname="com.loadsfm.tests.sfmload"/>
  <testcase name="sfmloadtest" time="25.007" classname="com.loadsfm.tests.sfmload"/>
  <testcase name="sfmloadtest" time="25.684" classname="com.loadsfm.tests.sfmload"/>
  <testcase name="sfmloadtest" time="25.443" classname="com.loadsfm.tests.sfmload"/>
  <testcase name="sfmloadtest" time="25.387" classname="com.loadsfm.tests.sfmload"/>
  <testcase name="sfmloadtest" time="25.173" classname="com.loadsfm.tests.sfmload"/>
  <testcase name="sfmloadtest" time="25.076" classname="com.loadsfm.tests.sfmload"/>
  <testcase name="sfmloadtest" time="25.306" classname="com.loadsfm.tests.sfmload"/>
  <testcase name="sfmloadtest" time="25.121" classname="com.loadsfm.tests.sfmload"/>
  <testcase name="sfmloadtest" time="25.398" classname="com.loadsfm.tests.sfmload"/>
  <testcase name="sfmloadtest" time="25.369" classname="com.loadsfm.tests.sfmload"/>
  <testcase name="sfmloadtest" time="25.293" classname="com.loadsfm.tests.sfmload"/>
  <testcase name="sfmloadtest" time="25.369" classname="com.loadsfm.tests.sfmload"/>
  <testcase name="sfmloadtest" time="25.285" classname="com.loadsfm.tests.sfmload"/>
  <testcase name="sfmloadtest" time="24.955" classname="com.loadsfm.tests.sfmload"/>
  <testcase name="sfmloadtest" time="25.217" classname="com.loadsfm.tests.sfmload"/>
  <testcase name="sfmloadtest" time="25.178" classname="com.loadsfm.tests.sfmload"/>
  <testcase name="sfmloadtest" time="24.908" classname="com.loadsfm.tests.sfmload"/>
  <testcase name="sfmloadtest" time="25.227" classname="com.loadsfm.tests.sfmload"/>
  <testcase name="sfmloadtest" time="25.376" classname="com.loadsfm.tests.sfmload"/>
  <testcase name="sfmloadtest" time="24.962" classname="com.loadsfm.tests.sfmload"/>
  <testcase name="sfmloadtest" time="25.019" classname="com.loadsfm.tests.sfmload"/>
  <testcase name="sfmloadtest" time="25.447" classname="com.loadsfm.tests.sfmload"/>
  <testcase name="sfmloadtest" time="25.054" classname="com.loadsfm.tests.sfmload"/>
  <testcase name="sfmloadtest" time="25.446" classname="com.loadsfm.tests.sfmload"/>
  <testcase name="sfmloadtest" time="25.308" classname="com.loadsfm.tests.sfmload"/>
  <testcase name="sfmloadtest" time="24.873" classname="com.loadsfm.tests.sfmload"/>
  <testcase name="sfmloadtest" time="25.100" classname="com.loadsfm.tests.sfmload"/>
  <testcase name="sfmloadtest" time="25.470" classname="com.loadsfm.tests.sfmload"/>
  <testcase name="sfmloadtest" time="25.284" classname="com.loadsfm.tests.sfmload"/>
  <testcase name="sfmloadtest" time="25.508" classname="com.loadsfm.tests.sfmload"/>
  <testcase name="sfmloadtest" time="25.252" classname="com.loadsfm.tests.sfmload"/>
  <testcase name="sfmloadtest" time="25.272" classname="com.loadsfm.tests.sfmload"/>
  <testcase name="sfmloadtest" time="25.326" classname="com.loadsfm.tests.sfmload"/>
  <testcase name="sfmloadtest" time="25.330" classname="com.loadsfm.tests.sfmload"/>
  <testcase name="sfmloadtest" time="24.970" classname="com.loadsfm.tests.sfmload"/>
  <testcase name="sfmloadtest" time="24.988" classname="com.loadsfm.tests.sfmload"/>
  <testcase name="sfmloadtest" time="25.147" classname="com.loadsfm.tests.sfmload"/>
  <testcase name="sfmloadtest" time="25.189" classname="com.loadsfm.tests.sfmload"/>
  <testcase name="sfmloadtest" time="25.424" classname="com.loadsfm.tests.sfmload"/>
  <testcase name="sfmloadtest" time="25.116" classname="com.loadsfm.tests.sfmload"/>
  <testcase name="sfmloadtest" time="25.117" classname="com.loadsfm.tests.sfmload"/>
  <testcase name="sfmloadtest" time="25.204" classname="com.loadsfm.tests.sfmload"/>
  <testcase name="sfmloadtest" time="25.213" classname="com.loadsfm.tests.sfmload"/>
  <testcase name="sfmloadtest" time="25.380" classname="com.loadsfm.tests.sfmload"/>
  <testcase name="sfmloadtest" time="25.302" classname="com.loadsfm.tests.sfmload"/>
  <testcase name="sfmloadtest" time="25.268" classname="com.loadsfm.tests.sfmload"/>
  <testcase name="sfmloadtest" time="25.374" classname="com.loadsfm.tests.sfmload"/>
  <testcase name="sfmloadtest" time="25.437" classname="com.loadsfm.tests.sfmload"/>
  <testcase name="sfmloadtest" time="25.180" classname="com.loadsfm.tests.sfmload"/>
  <testcase name="sfmloadtest" time="25.266" classname="com.loadsfm.tests.sfmload"/>
  <testcase name="sfmloadtest" time="25.375" classname="com.loadsfm.tests.sfmload"/>
  <testcase name="sfmloadtest" time="25.209" classname="com.loadsfm.tests.sfmload"/>
  <testcase name="sfmloadtest" time="25.345" classname="com.loadsfm.tests.sfmload"/>
  <testcase name="sfmloadtest" time="25.632" classname="com.loadsfm.tests.sfmload"/>
  <testcase name="sfmloadtest" time="25.236" classname="com.loadsfm.tests.sfmload"/>
  <testcase name="sfmloadtest" time="25.267" classname="com.loadsfm.tests.sfmload"/>
  <testcase name="sfmloadtest" time="25.131" classname="com.loadsfm.tests.sfmload"/>
  <testcase name="sfmloadtest" time="25.208" classname="com.loadsfm.tests.sfmload"/>
  <testcase name="sfmloadtest" time="25.447" classname="com.loadsfm.tests.sfmload"/>
  <testcase name="sfmloadtest" time="25.117" classname="com.loadsfm.tests.sfmload"/>
  <testcase name="sfmloadtest" time="25.065" classname="com.loadsfm.tests.sfmload"/>
  <testcase name="sfmloadtest" time="25.347" classname="com.loadsfm.tests.sfmload"/>
  <testcase name="sfmloadtest" time="25.525" classname="com.loadsfm.tests.sfmload"/>
  <testcase name="sfmloadtest" time="25.407" classname="com.loadsfm.tests.sfmload"/>
  <testcase name="sfmloadtest" time="25.139" classname="com.loadsfm.tests.sfmload"/>
  <testcase name="sfmloadtest" time="25.224" classname="com.loadsfm.tests.sfmload"/>
  <testcase name="sfmloadtest" time="26.877" classname="com.loadsfm.tests.sfmload"/>
  <testcase name="sfmloadtest" time="25.165" classname="com.loadsfm.tests.sfmload"/>
  <testcase name="sfmloadtest" time="25.455" classname="com.loadsfm.tests.sfmload"/>
  <testcase name="sfmloadtest" time="25.330" classname="com.loadsfm.tests.sfmload"/>
  <testcase name="sfmloadtest" time="25.207" classname="com.loadsfm.tests.sfmload"/>
  <testcase name="sfmloadtest" time="27.009" classname="com.loadsfm.tests.sfmload"/>
  <testcase name="sfmloadtest" time="26.616" classname="com.loadsfm.tests.sfmload"/>
  <testcase name="sfmloadtest" time="25.462" classname="com.loadsfm.tests.sfmload"/>
  <testcase name="sfmloadtest" time="24.929" classname="com.loadsfm.tests.sfmload"/>
  <testcase name="sfmloadtest" time="24.947" classname="com.loadsfm.tests.sfmload"/>
  <testcase name="sfmloadtest" time="25.179" classname="com.loadsfm.tests.sfmload"/>
  <testcase name="sfmloadtest" time="25.355" classname="com.loadsfm.tests.sfmload"/>
  <testcase name="sfmloadtest" time="25.294" classname="com.loadsfm.tests.sfmload"/>
  <testcase name="sfmloadtest" time="30.342" classname="com.loadsfm.tests.sfmload"/>
  <testcase name="sfmloadtest" time="24.999" classname="com.loadsfm.tests.sfmload"/>
  <testcase name="sfmloadtest" time="25.146" classname="com.loadsfm.tests.sfmload"/>
  <testcase name="sfmloadtest" time="24.905" classname="com.loadsfm.tests.sfmload"/>
  <testcase name="sfmloadtest" time="25.182" classname="com.loadsfm.tests.sfmload"/>
  <testcase name="sfmloadtest" time="25.373" classname="com.loadsfm.tests.sfmload"/>
  <testcase name="sfmloadtest" time="25.206" classname="com.loadsfm.tests.sfmload"/>
  <testcase name="sfmloadtest" time="25.247" classname="com.loadsfm.tests.sfmload"/>
  <testcase name="sfmloadtest" time="25.239" classname="com.loadsfm.tests.sfmload"/>
  <testcase name="sfmloadtest" time="25.227" classname="com.loadsfm.tests.sfmload"/>
  <testcase name="sfmloadtest" time="25.079" classname="com.loadsfm.tests.sfmload"/>
  <testcase name="sfmloadtest" time="25.332" classname="com.loadsfm.tests.sfmload"/>
  <testcase name="sfmloadtest" time="25.520" classname="com.loadsfm.tests.sfmload"/>
  <testcase name="sfmloadtest" time="24.788" classname="com.loadsfm.tests.sfmload"/>
  <testcase name="sfmloadtest" time="25.259" classname="com.loadsfm.tests.sfmload"/>
  <testcase name="sfmloadtest" time="25.067" classname="com.loadsfm.tests.sfmload"/>
  <testcase name="sfmloadtest" time="25.354" classname="com.loadsfm.tests.sfmload"/>
  <testcase name="sfmloadtest" time="25.979" classname="com.loadsfm.tests.sfmload"/>
  <testcase name="sfmloadtest" time="25.484" classname="com.loadsfm.tests.sfmload"/>
  <testcase name="sfmloadtest" time="25.074" classname="com.loadsfm.tests.sfmload"/>
  <testcase name="sfmloadtest" time="25.455" classname="com.loadsfm.tests.sfmload"/>
  <testcase name="sfmloadtest" time="24.945" classname="com.loadsfm.tests.sfmload"/>
  <testcase name="sfmloadtest" time="25.071" classname="com.loadsfm.tests.sfmload"/>
  <testcase name="sfmloadtest" time="25.093" classname="com.loadsfm.tests.sfmload"/>
  <testcase name="sfmloadtest" time="25.177" classname="com.loadsfm.tests.sfmload"/>
  <testcase name="sfmloadtest" time="25.418" classname="com.loadsfm.tests.sfmload"/>
  <testcase name="sfmloadtest" time="25.332" classname="com.loadsfm.tests.sfmload"/>
  <testcase name="sfmloadtest" time="25.198" classname="com.loadsfm.tests.sfmload"/>
  <testcase name="sfmloadtest" time="25.435" classname="com.loadsfm.tests.sfmload"/>
  <testcase name="sfmloadtest" time="25.272" classname="com.loadsfm.tests.sfmload"/>
  <testcase name="sfmloadtest" time="25.215" classname="com.loadsfm.tests.sfmload"/>
  <testcase name="sfmloadtest" time="25.079" classname="com.loadsfm.tests.sfmload"/>
  <testcase name="sfmloadtest" time="25.235" classname="com.loadsfm.tests.sfmload"/>
  <testcase name="sfmloadtest" time="25.413" classname="com.loadsfm.tests.sfmload"/>
  <testcase name="sfmloadtest" time="25.364" classname="com.loadsfm.tests.sfmload"/>
  <testcase name="sfmloadtest" time="25.489" classname="com.loadsfm.tests.sfmload"/>
  <testcase name="sfmloadtest" time="25.181" classname="com.loadsfm.tests.sfmload"/>
  <testcase name="sfmloadtest" time="25.292" classname="com.loadsfm.tests.sfmload"/>
  <testcase name="sfmloadtest" time="25.441" classname="com.loadsfm.tests.sfmload"/>
  <testcase name="sfmloadtest" time="25.162" classname="com.loadsfm.tests.sfmload"/>
  <testcase name="sfmloadtest" time="25.313" classname="com.loadsfm.tests.sfmload"/>
  <testcase name="sfmloadtest" time="25.442" classname="com.loadsfm.tests.sfmload"/>
  <testcase name="sfmloadtest" time="25.087" classname="com.loadsfm.tests.sfmload"/>
  <testcase name="sfmloadtest" time="25.520" classname="com.loadsfm.tests.sfmload"/>
  <testcase name="sfmloadtest" time="25.527" classname="com.loadsfm.tests.sfmload"/>
  <testcase name="sfmloadtest" time="25.406" classname="com.loadsfm.tests.sfmload"/>
  <testcase name="sfmloadtest" time="25.337" classname="com.loadsfm.tests.sfmload"/>
  <testcase name="sfmloadtest" time="25.542" classname="com.loadsfm.tests.sfmload"/>
  <testcase name="sfmloadtest" time="25.296" classname="com.loadsfm.tests.sfmload"/>
  <testcase name="sfmloadtest" time="25.270" classname="com.loadsfm.tests.sfmload"/>
  <testcase name="sfmloadtest" time="30.732" classname="com.loadsfm.tests.sfmload"/>
  <testcase name="sfmloadtest" time="25.183" classname="com.loadsfm.tests.sfmload"/>
  <testcase name="sfmloadtest" time="25.170" classname="com.loadsfm.tests.sfmload"/>
  <testcase name="sfmloadtest" time="25.430" classname="com.loadsfm.tests.sfmload"/>
  <testcase name="sfmloadtest" time="25.321" classname="com.loadsfm.tests.sfmload"/>
  <testcase name="sfmloadtest" time="26.204" classname="com.loadsfm.tests.sfmload"/>
  <testcase name="sfmloadtest" time="26.766" classname="com.loadsfm.tests.sfmload"/>
  <testcase name="sfmloadtest" time="25.271" classname="com.loadsfm.tests.sfmload"/>
  <testcase name="sfmloadtest" time="25.102" classname="com.loadsfm.tests.sfmload"/>
  <testcase name="sfmloadtest" time="25.307" classname="com.loadsfm.tests.sfmload"/>
  <testcase name="sfmloadtest" time="25.268" classname="com.loadsfm.tests.sfmload"/>
  <testcase name="sfmloadtest" time="25.339" classname="com.loadsfm.tests.sfmload"/>
  <testcase name="sfmloadtest" time="25.237" classname="com.loadsfm.tests.sfmload"/>
  <testcase name="sfmloadtest" time="25.119" classname="com.loadsfm.tests.sfmload"/>
  <testcase name="sfmloadtest" time="25.333" classname="com.loadsfm.tests.sfmload"/>
  <testcase name="sfmloadtest" time="25.104" classname="com.loadsfm.tests.sfmload"/>
  <testcase name="sfmloadtest" time="25.339" classname="com.loadsfm.tests.sfmload"/>
  <testcase name="sfmloadtest" time="25.344" classname="com.loadsfm.tests.sfmload"/>
  <testcase name="sfmloadtest" time="25.227" classname="com.loadsfm.tests.sfmload"/>
  <testcase name="sfmloadtest" time="25.394" classname="com.loadsfm.tests.sfmload"/>
  <testcase name="sfmloadtest" time="25.273" classname="com.loadsfm.tests.sfmload"/>
  <testcase name="sfmloadtest" time="24.927" classname="com.loadsfm.tests.sfmload"/>
  <testcase name="sfmloadtest" time="25.308" classname="com.loadsfm.tests.sfmload"/>
  <testcase name="sfmloadtest" time="25.211" classname="com.loadsfm.tests.sfmload"/>
  <testcase name="sfmloadtest" time="25.344" classname="com.loadsfm.tests.sfmload"/>
  <testcase name="sfmloadtest" time="26.707" classname="com.loadsfm.tests.sfmload"/>
  <testcase name="sfmloadtest" time="25.024" classname="com.loadsfm.tests.sfmload"/>
  <testcase name="sfmloadtest" time="25.106" classname="com.loadsfm.tests.sfmload"/>
  <testcase name="sfmloadtest" time="25.227" classname="com.loadsfm.tests.sfmload"/>
  <testcase name="sfmloadtest" time="25.234" classname="com.loadsfm.tests.sfmload"/>
  <testcase name="sfmloadtest" time="25.212" classname="com.loadsfm.tests.sfmload"/>
  <testcase name="sfmloadtest" time="25.568" classname="com.loadsfm.tests.sfmload"/>
  <testcase name="sfmloadtest" time="25.419" classname="com.loadsfm.tests.sfmload"/>
  <testcase name="sfmloadtest" time="25.276" classname="com.loadsfm.tests.sfmload"/>
  <testcase name="sfmloadtest" time="25.613" classname="com.loadsfm.tests.sfmload"/>
  <testcase name="sfmloadtest" time="25.228" classname="com.loadsfm.tests.sfmload"/>
  <testcase name="sfmloadtest" time="25.353" classname="com.loadsfm.tests.sfmload"/>
  <testcase name="sfmloadtest" time="25.239" classname="com.loadsfm.tests.sfmload"/>
  <testcase name="sfmloadtest" time="27.173" classname="com.loadsfm.tests.sfmload"/>
  <testcase name="sfmloadtest" time="25.312" classname="com.loadsfm.tests.sfmload"/>
  <testcase name="sfmloadtest" time="25.197" classname="com.loadsfm.tests.sfmload"/>
  <testcase name="sfmloadtest" time="25.348" classname="com.loadsfm.tests.sfmload"/>
  <testcase name="sfmloadtest" time="25.211" classname="com.loadsfm.tests.sfmload"/>
  <testcase name="sfmloadtest" time="25.211" classname="com.loadsfm.tests.sfmload"/>
  <testcase name="sfmloadtest" time="25.099" classname="com.loadsfm.tests.sfmload"/>
  <testcase name="sfmloadtest" time="25.530" classname="com.loadsfm.tests.sfmload"/>
  <testcase name="sfmloadtest" time="25.232" classname="com.loadsfm.tests.sfmload"/>
  <testcase name="sfmloadtest" time="25.243" classname="com.loadsfm.tests.sfmload"/>
  <testcase name="sfmloadtest" time="25.162" classname="com.loadsfm.tests.sfmload"/>
  <testcase name="sfmloadtest" time="25.245" classname="com.loadsfm.tests.sfmload"/>
  <testcase name="sfmloadtest" time="25.753" classname="com.loadsfm.tests.sfmload"/>
  <testcase name="sfmloadtest" time="25.058" classname="com.loadsfm.tests.sfmload"/>
  <testcase name="sfmloadtest" time="25.336" classname="com.loadsfm.tests.sfmload"/>
  <testcase name="sfmloadtest" time="25.343" classname="com.loadsfm.tests.sfmload"/>
  <testcase name="sfmloadtest" time="25.089" classname="com.loadsfm.tests.sfmload"/>
  <testcase name="sfmloadtest" time="25.450" classname="com.loadsfm.tests.sfmload"/>
  <testcase name="sfmloadtest" time="25.506" classname="com.loadsfm.tests.sfmload"/>
  <testcase name="sfmloadtest" time="25.311" classname="com.loadsfm.tests.sfmload"/>
  <testcase name="sfmloadtest" time="25.448" classname="com.loadsfm.tests.sfmload"/>
  <testcase name="sfmloadtest" time="25.198" classname="com.loadsfm.tests.sfmload"/>
  <testcase name="sfmloadtest" time="25.424" classname="com.loadsfm.tests.sfmload"/>
  <testcase name="sfmloadtest" time="25.359" classname="com.loadsfm.tests.sfmload"/>
  <testcase name="sfmloadtest" time="25.363" classname="com.loadsfm.tests.sfmload"/>
  <testcase name="sfmloadtest" time="25.159" classname="com.loadsfm.tests.sfmload"/>
  <testcase name="sfmloadtest" time="25.269" classname="com.loadsfm.tests.sfmload"/>
  <testcase name="sfmloadtest" time="25.305" classname="com.loadsfm.tests.sfmload"/>
  <testcase name="sfmloadtest" time="25.231" classname="com.loadsfm.tests.sfmload"/>
  <testcase name="sfmloadtest" time="25.305" classname="com.loadsfm.tests.sfmload"/>
  <testcase name="sfmloadtest" time="26.516" classname="com.loadsfm.tests.sfmload"/>
  <testcase name="sfmloadtest" time="25.350" classname="com.loadsfm.tests.sfmload"/>
  <testcase name="sfmloadtest" time="25.345" classname="com.loadsfm.tests.sfmload"/>
  <testcase name="sfmloadtest" time="25.501" classname="com.loadsfm.tests.sfmload"/>
  <testcase name="sfmloadtest" time="25.719" classname="com.loadsfm.tests.sfmload"/>
  <testcase name="sfmloadtest" time="25.341" classname="com.loadsfm.tests.sfmload"/>
  <testcase name="sfmloadtest" time="25.092" classname="com.loadsfm.tests.sfmload"/>
  <testcase name="sfmloadtest" time="25.149" classname="com.loadsfm.tests.sfmload"/>
  <testcase name="sfmloadtest" time="25.391" classname="com.loadsfm.tests.sfmload"/>
  <testcase name="sfmloadtest" time="25.418" classname="com.loadsfm.tests.sfmload"/>
  <testcase name="sfmloadtest" time="25.383" classname="com.loadsfm.tests.sfmload"/>
  <testcase name="sfmloadtest" time="25.788" classname="com.loadsfm.tests.sfmload"/>
  <testcase name="sfmloadtest" time="25.046" classname="com.loadsfm.tests.sfmload"/>
  <testcase name="sfmloadtest" time="25.078" classname="com.loadsfm.tests.sfmload"/>
  <testcase name="sfmloadtest" time="25.416" classname="com.loadsfm.tests.sfmload"/>
  <testcase name="sfmloadtest" time="24.920" classname="com.loadsfm.tests.sfmload"/>
  <testcase name="sfmloadtest" time="24.874" classname="com.loadsfm.tests.sfmload"/>
  <testcase name="sfmloadtest" time="25.371" classname="com.loadsfm.tests.sfmload"/>
  <testcase name="sfmloadtest" time="43.799" classname="com.loadsfm.tests.sfmload"/>
  <testcase name="sfmloadtest" time="25.353" classname="com.loadsfm.tests.sfmload"/>
  <testcase name="sfmloadtest" time="26.518" classname="com.loadsfm.tests.sfmload"/>
  <testcase name="sfmloadtest" time="25.186" classname="com.loadsfm.tests.sfmload"/>
  <testcase name="sfmloadtest" time="25.263" classname="com.loadsfm.tests.sfmload"/>
  <testcase name="sfmloadtest" time="25.364" classname="com.loadsfm.tests.sfmload"/>
  <testcase name="sfmloadtest" time="25.523" classname="com.loadsfm.tests.sfmload"/>
  <testcase name="sfmloadtest" time="25.226" classname="com.loadsfm.tests.sfmload"/>
  <testcase name="sfmloadtest" time="25.144" classname="com.loadsfm.tests.sfmload"/>
  <testcase name="sfmloadtest" time="25.139" classname="com.loadsfm.tests.sfmload"/>
  <testcase name="sfmloadtest" time="25.508" classname="com.loadsfm.tests.sfmload"/>
  <testcase name="sfmloadtest" time="25.339" classname="com.loadsfm.tests.sfmload"/>
  <testcase name="sfmloadtest" time="25.025" classname="com.loadsfm.tests.sfmload"/>
  <testcase name="sfmloadtest" time="25.405" classname="com.loadsfm.tests.sfmload"/>
  <testcase name="sfmloadtest" time="25.061" classname="com.loadsfm.tests.sfmload"/>
  <testcase name="sfmloadtest" time="25.096" classname="com.loadsfm.tests.sfmload"/>
  <testcase name="sfmloadtest" time="25.226" classname="com.loadsfm.tests.sfmload"/>
  <testcase name="sfmloadtest" time="25.156" classname="com.loadsfm.tests.sfmload"/>
  <testcase name="sfmloadtest" time="25.195" classname="com.loadsfm.tests.sfmload"/>
  <testcase name="sfmloadtest" time="25.229" classname="com.loadsfm.tests.sfmload"/>
  <testcase name="sfmloadtest" time="26.049" classname="com.loadsfm.tests.sfmload"/>
  <testcase name="sfmloadtest" time="25.381" classname="com.loadsfm.tests.sfmload"/>
  <testcase name="sfmloadtest" time="25.309" classname="com.loadsfm.tests.sfmload"/>
  <testcase name="sfmloadtest" time="25.446" classname="com.loadsfm.tests.sfmload"/>
  <testcase name="sfmloadtest" time="25.072" classname="com.loadsfm.tests.sfmload"/>
  <testcase name="sfmloadtest" time="25.535" classname="com.loadsfm.tests.sfmload"/>
  <testcase name="sfmloadtest" time="25.170" classname="com.loadsfm.tests.sfmload"/>
  <testcase name="sfmloadtest" time="25.186" classname="com.loadsfm.tests.sfmload"/>
  <testcase name="sfmloadtest" time="25.237" classname="com.loadsfm.tests.sfmload"/>
  <testcase name="sfmloadtest" time="25.049" classname="com.loadsfm.tests.sfmload"/>
  <testcase name="sfmloadtest" time="25.186" classname="com.loadsfm.tests.sfmload"/>
  <testcase name="sfmloadtest" time="25.405" classname="com.loadsfm.tests.sfmload"/>
  <testcase name="sfmloadtest" time="25.287" classname="com.loadsfm.tests.sfmload"/>
  <testcase name="sfmloadtest" time="24.791" classname="com.loadsfm.tests.sfmload"/>
  <testcase name="sfmloadtest" time="25.405" classname="com.loadsfm.tests.sfmload"/>
  <testcase name="sfmloadtest" time="25.465" classname="com.loadsfm.tests.sfmload"/>
  <testcase name="sfmloadtest" time="24.914" classname="com.loadsfm.tests.sfmload"/>
  <testcase name="sfmloadtest" time="25.235" classname="com.loadsfm.tests.sfmload"/>
  <testcase name="sfmloadtest" time="24.956" classname="com.loadsfm.tests.sfmload"/>
  <testcase name="sfmloadtest" time="25.322" classname="com.loadsfm.tests.sfmload"/>
  <testcase name="sfmloadtest" time="24.843" classname="com.loadsfm.tests.sfmload"/>
  <testcase name="sfmloadtest" time="25.113" classname="com.loadsfm.tests.sfmload"/>
  <testcase name="sfmloadtest" time="25.311" classname="com.loadsfm.tests.sfmload"/>
  <testcase name="sfmloadtest" time="25.008" classname="com.loadsfm.tests.sfmload"/>
  <testcase name="sfmloadtest" time="25.139" classname="com.loadsfm.tests.sfmload"/>
  <testcase name="sfmloadtest" time="25.246" classname="com.loadsfm.tests.sfmload"/>
  <testcase name="sfmloadtest" time="25.330" classname="com.loadsfm.tests.sfmload"/>
  <testcase name="sfmloadtest" time="25.084" classname="com.loadsfm.tests.sfmload"/>
  <testcase name="sfmloadtest" time="25.424" classname="com.loadsfm.tests.sfmload"/>
  <testcase name="sfmloadtest" time="25.264" classname="com.loadsfm.tests.sfmload"/>
  <testcase name="sfmloadtest" time="25.015" classname="com.loadsfm.tests.sfmload"/>
  <testcase name="sfmloadtest" time="25.248" classname="com.loadsfm.tests.sfmload"/>
  <testcase name="sfmloadtest" time="25.203" classname="com.loadsfm.tests.sfmload"/>
  <testcase name="sfmloadtest" time="25.466" classname="com.loadsfm.tests.sfmload"/>
  <testcase name="sfmloadtest" time="25.339" classname="com.loadsfm.tests.sfmload"/>
  <testcase name="sfmloadtest" time="25.213" classname="com.loadsfm.tests.sfmload"/>
  <testcase name="sfmloadtest" time="24.916" classname="com.loadsfm.tests.sfmload"/>
  <testcase name="sfmloadtest" time="25.171" classname="com.loadsfm.tests.sfmload"/>
  <testcase name="sfmloadtest" time="25.242" classname="com.loadsfm.tests.sfmload"/>
  <testcase name="sfmloadtest" time="25.024" classname="com.loadsfm.tests.sfmload"/>
  <testcase name="sfmloadtest" time="25.303" classname="com.loadsfm.tests.sfmload"/>
  <testcase name="sfmloadtest" time="25.405" classname="com.loadsfm.tests.sfmload"/>
  <testcase name="sfmloadtest" time="25.260" classname="com.loadsfm.tests.sfmload"/>
  <testcase name="sfmloadtest" time="25.299" classname="com.loadsfm.tests.sfmload"/>
  <testcase name="sfmloadtest" time="25.597" classname="com.loadsfm.tests.sfmload"/>
  <testcase name="sfmloadtest" time="25.101" classname="com.loadsfm.tests.sfmload"/>
  <testcase name="sfmloadtest" time="25.317" classname="com.loadsfm.tests.sfmload"/>
  <testcase name="sfmloadtest" time="24.991" classname="com.loadsfm.tests.sfmload"/>
  <testcase name="sfmloadtest" time="25.041" classname="com.loadsfm.tests.sfmload"/>
  <testcase name="sfmloadtest" time="25.136" classname="com.loadsfm.tests.sfmload"/>
  <testcase name="sfmloadtest" time="26.821" classname="com.loadsfm.tests.sfmload"/>
  <testcase name="sfmloadtest" time="25.526" classname="com.loadsfm.tests.sfmload"/>
  <testcase name="sfmloadtest" time="25.398" classname="com.loadsfm.tests.sfmload"/>
  <testcase name="sfmloadtest" time="25.309" classname="com.loadsfm.tests.sfmload"/>
  <testcase name="sfmloadtest" time="25.321" classname="com.loadsfm.tests.sfmload"/>
  <testcase name="sfmloadtest" time="25.273" classname="com.loadsfm.tests.sfmload"/>
  <testcase name="sfmloadtest" time="25.271" classname="com.loadsfm.tests.sfmload"/>
  <testcase name="sfmloadtest" time="25.154" classname="com.loadsfm.tests.sfmload"/>
  <testcase name="sfmloadtest" time="25.294" classname="com.loadsfm.tests.sfmload"/>
  <testcase name="sfmloadtest" time="25.278" classname="com.loadsfm.tests.sfmload"/>
  <testcase name="sfmloadtest" time="25.222" classname="com.loadsfm.tests.sfmload"/>
  <testcase name="sfmloadtest" time="25.349" classname="com.loadsfm.tests.sfmload"/>
  <testcase name="sfmloadtest" time="25.272" classname="com.loadsfm.tests.sfmload"/>
  <testcase name="sfmloadtest" time="25.166" classname="com.loadsfm.tests.sfmload"/>
  <testcase name="sfmloadtest" time="25.309" classname="com.loadsfm.tests.sfmload"/>
  <testcase name="sfmloadtest" time="25.210" classname="com.loadsfm.tests.sfmload"/>
  <testcase name="sfmloadtest" time="25.034" classname="com.loadsfm.tests.sfmload"/>
  <testcase name="sfmloadtest" time="25.187" classname="com.loadsfm.tests.sfmload"/>
  <testcase name="sfmloadtest" time="25.309" classname="com.loadsfm.tests.sfmload"/>
  <testcase name="sfmloadtest" time="24.932" classname="com.loadsfm.tests.sfmload"/>
  <testcase name="sfmloadtest" time="25.028" classname="com.loadsfm.tests.sfmload"/>
  <testcase name="sfmloadtest" time="24.978" classname="com.loadsfm.tests.sfmload"/>
  <testcase name="sfmloadtest" time="24.985" classname="com.loadsfm.tests.sfmload"/>
  <testcase name="sfmloadtest" time="25.373" classname="com.loadsfm.tests.sfmload"/>
  <testcase name="sfmloadtest" time="25.498" classname="com.loadsfm.tests.sfmload"/>
  <testcase name="sfmloadtest" time="25.007" classname="com.loadsfm.tests.sfmload"/>
  <testcase name="sfmloadtest" time="25.481" classname="com.loadsfm.tests.sfmload"/>
  <testcase name="sfmloadtest" time="25.295" classname="com.loadsfm.tests.sfmload"/>
  <testcase name="sfmloadtest" time="24.932" classname="com.loadsfm.tests.sfmload"/>
  <testcase name="sfmloadtest" time="25.174" classname="com.loadsfm.tests.sfmload"/>
  <testcase name="sfmloadtest" time="25.211" classname="com.loadsfm.tests.sfmload"/>
  <testcase name="sfmloadtest" time="31.209" classname="com.loadsfm.tests.sfmload"/>
  <testcase name="sfmloadtest" time="25.213" classname="com.loadsfm.tests.sfmload"/>
  <testcase name="sfmloadtest" time="24.894" classname="com.loadsfm.tests.sfmload"/>
  <testcase name="sfmloadtest" time="25.272" classname="com.loadsfm.tests.sfmload"/>
  <testcase name="sfmloadtest" time="25.030" classname="com.loadsfm.tests.sfmload"/>
  <testcase name="sfmloadtest" time="25.286" classname="com.loadsfm.tests.sfmload"/>
  <testcase name="sfmloadtest" time="25.476" classname="com.loadsfm.tests.sfmload"/>
  <testcase name="sfmloadtest" time="25.104" classname="com.loadsfm.tests.sfmload"/>
  <testcase name="sfmloadtest" time="25.054" classname="com.loadsfm.tests.sfmload"/>
  <testcase name="sfmloadtest" time="25.161" classname="com.loadsfm.tests.sfmload"/>
  <testcase name="sfmloadtest" time="25.325" classname="com.loadsfm.tests.sfmload"/>
  <testcase name="sfmloadtest" time="25.001" classname="com.loadsfm.tests.sfmload"/>
  <testcase name="sfmloadtest" time="25.248" classname="com.loadsfm.tests.sfmload"/>
  <testcase name="sfmloadtest" time="25.314" classname="com.loadsfm.tests.sfmload"/>
  <testcase name="sfmloadtest" time="25.407" classname="com.loadsfm.tests.sfmload"/>
  <testcase name="sfmloadtest" time="25.550" classname="com.loadsfm.tests.sfmload"/>
  <testcase name="sfmloadtest" time="25.147" classname="com.loadsfm.tests.sfmload"/>
  <testcase name="sfmloadtest" time="25.083" classname="com.loadsfm.tests.sfmload"/>
  <testcase name="sfmloadtest" time="25.707" classname="com.loadsfm.tests.sfmload"/>
  <testcase name="sfmloadtest" time="24.868" classname="com.loadsfm.tests.sfmload"/>
  <testcase name="sfmloadtest" time="24.864" classname="com.loadsfm.tests.sfmload"/>
  <testcase name="sfmloadtest" time="25.184" classname="com.loadsfm.tests.sfmload"/>
  <testcase name="sfmloadtest" time="24.980" classname="com.loadsfm.tests.sfmload"/>
  <testcase name="sfmloadtest" time="25.227" classname="com.loadsfm.tests.sfmload"/>
  <testcase name="sfmloadtest" time="30.515" classname="com.loadsfm.tests.sfmload"/>
  <testcase name="sfmloadtest" time="25.202" classname="com.loadsfm.tests.sfmload"/>
  <testcase name="sfmloadtest" time="25.194" classname="com.loadsfm.tests.sfmload"/>
  <testcase name="sfmloadtest" time="25.206" classname="com.loadsfm.tests.sfmload"/>
  <testcase name="sfmloadtest" time="24.991" classname="com.loadsfm.tests.sfmload"/>
  <testcase name="sfmloadtest" time="25.482" classname="com.loadsfm.tests.sfmload"/>
  <testcase name="sfmloadtest" time="25.030" classname="com.loadsfm.tests.sfmload"/>
  <testcase name="sfmloadtest" time="25.018" classname="com.loadsfm.tests.sfmload"/>
  <testcase name="sfmloadtest" time="25.191" classname="com.loadsfm.tests.sfmload"/>
  <testcase name="sfmloadtest" time="25.402" classname="com.loadsfm.tests.sfmload"/>
  <testcase name="sfmloadtest" time="25.423" classname="com.loadsfm.tests.sfmload"/>
  <testcase name="sfmloadtest" time="25.015" classname="com.loadsfm.tests.sfmload"/>
  <testcase name="sfmloadtest" time="25.296" classname="com.loadsfm.tests.sfmload"/>
  <testcase name="sfmloadtest" time="25.232" classname="com.loadsfm.tests.sfmload"/>
  <testcase name="sfmloadtest" time="25.251" classname="com.loadsfm.tests.sfmload"/>
  <testcase name="sfmloadtest" time="25.161" classname="com.loadsfm.tests.sfmload"/>
  <testcase name="sfmloadtest" time="25.336" classname="com.loadsfm.tests.sfmload"/>
  <testcase name="sfmloadtest" time="25.423" classname="com.loadsfm.tests.sfmload"/>
  <testcase name="sfmloadtest" time="25.432" classname="com.loadsfm.tests.sfmload"/>
  <testcase name="sfmloadtest" time="25.518" classname="com.loadsfm.tests.sfmload"/>
  <testcase name="sfmloadtest" time="25.307" classname="com.loadsfm.tests.sfmload"/>
  <testcase name="sfmloadtest" time="25.395" classname="com.loadsfm.tests.sfmload"/>
  <testcase name="sfmloadtest" time="25.367" classname="com.loadsfm.tests.sfmload"/>
  <testcase name="sfmloadtest" time="25.013" classname="com.loadsfm.tests.sfmload"/>
  <testcase name="sfmloadtest" time="25.047" classname="com.loadsfm.tests.sfmload"/>
  <testcase name="sfmloadtest" time="25.638" classname="com.loadsfm.tests.sfmload"/>
  <testcase name="sfmloadtest" time="25.095" classname="com.loadsfm.tests.sfmload"/>
  <testcase name="sfmloadtest" time="25.059" classname="com.loadsfm.tests.sfmload"/>
  <testcase name="sfmloadtest" time="25.205" classname="com.loadsfm.tests.sfmload"/>
  <testcase name="sfmloadtest" time="25.430" classname="com.loadsfm.tests.sfmload"/>
  <testcase name="sfmloadtest" time="25.311" classname="com.loadsfm.tests.sfmload"/>
  <testcase name="sfmloadtest" time="25.343" classname="com.loadsfm.tests.sfmload"/>
  <testcase name="sfmloadtest" time="25.237" classname="com.loadsfm.tests.sfmload"/>
  <testcase name="sfmloadtest" time="25.611" classname="com.loadsfm.tests.sfmload"/>
  <testcase name="sfmloadtest" time="25.171" classname="com.loadsfm.tests.sfmload"/>
  <testcase name="sfmloadtest" time="25.216" classname="com.loadsfm.tests.sfmload"/>
  <testcase name="sfmloadtest" time="25.217" classname="com.loadsfm.tests.sfmload"/>
  <testcase name="sfmloadtest" time="25.427" classname="com.loadsfm.tests.sfmload"/>
  <testcase name="sfmloadtest" time="25.486" classname="com.loadsfm.tests.sfmload"/>
  <testcase name="sfmloadtest" time="25.341" classname="com.loadsfm.tests.sfmload"/>
  <testcase name="sfmloadtest" time="25.184" classname="com.loadsfm.tests.sfmload"/>
  <testcase name="sfmloadtest" time="25.159" classname="com.loadsfm.tests.sfmload"/>
  <testcase name="sfmloadtest" time="25.239" classname="com.loadsfm.tests.sfmload"/>
  <testcase name="sfmloadtest" time="25.350" classname="com.loadsfm.tests.sfmload"/>
  <testcase name="sfmloadtest" time="25.215" classname="com.loadsfm.tests.sfmload"/>
  <testcase name="sfmloadtest" time="25.470" classname="com.loadsfm.tests.sfmload"/>
  <testcase name="sfmloadtest" time="24.841" classname="com.loadsfm.tests.sfmload"/>
  <testcase name="sfmloadtest" time="25.445" classname="com.loadsfm.tests.sfmload"/>
  <testcase name="sfmloadtest" time="25.238" classname="com.loadsfm.tests.sfmload"/>
  <testcase name="sfmloadtest" time="25.425" classname="com.loadsfm.tests.sfmload"/>
  <testcase name="sfmloadtest" time="25.397" classname="com.loadsfm.tests.sfmload"/>
  <testcase name="sfmloadtest" time="25.127" classname="com.loadsfm.tests.sfmload"/>
  <testcase name="sfmloadtest" time="25.526" classname="com.loadsfm.tests.sfmload"/>
  <testcase name="sfmloadtest" time="25.011" classname="com.loadsfm.tests.sfmload"/>
  <testcase name="sfmloadtest" time="25.445" classname="com.loadsfm.tests.sfmload"/>
  <testcase name="sfmloadtest" time="25.267" classname="com.loadsfm.tests.sfmload"/>
  <testcase name="sfmloadtest" time="25.085" classname="com.loadsfm.tests.sfmload"/>
  <testcase name="sfmloadtest" time="25.077" classname="com.loadsfm.tests.sfmload"/>
  <testcase name="sfmloadtest" time="25.150" classname="com.loadsfm.tests.sfmload"/>
  <testcase name="sfmloadtest" time="24.989" classname="com.loadsfm.tests.sfmload"/>
  <testcase name="sfmloadtest" time="25.225" classname="com.loadsfm.tests.sfmload"/>
  <testcase name="sfmloadtest" time="25.198" classname="com.loadsfm.tests.sfmload"/>
  <testcase name="sfmloadtest" time="25.212" classname="com.loadsfm.tests.sfmload"/>
  <testcase name="sfmloadtest" time="25.450" classname="com.loadsfm.tests.sfmload"/>
  <testcase name="sfmloadtest" time="25.169" classname="com.loadsfm.tests.sfmload"/>
  <testcase name="sfmloadtest" time="25.235" classname="com.loadsfm.tests.sfmload"/>
  <testcase name="sfmloadtest" time="25.082" classname="com.loadsfm.tests.sfmload"/>
  <testcase name="sfmloadtest" time="25.340" classname="com.loadsfm.tests.sfmload"/>
  <testcase name="sfmloadtest" time="24.976" classname="com.loadsfm.tests.sfmload"/>
  <testcase name="sfmloadtest" time="25.227" classname="com.loadsfm.tests.sfmload"/>
  <testcase name="sfmloadtest" time="25.193" classname="com.loadsfm.tests.sfmload"/>
  <testcase name="sfmloadtest" time="25.081" classname="com.loadsfm.tests.sfmload"/>
  <testcase name="sfmloadtest" time="25.228" classname="com.loadsfm.tests.sfmload"/>
  <testcase name="sfmloadtest" time="25.078" classname="com.loadsfm.tests.sfmload"/>
  <testcase name="sfmloadtest" time="25.041" classname="com.loadsfm.tests.sfmload"/>
  <testcase name="sfmloadtest" time="25.311" classname="com.loadsfm.tests.sfmload"/>
  <testcase name="sfmloadtest" time="25.333" classname="com.loadsfm.tests.sfmload"/>
  <testcase name="sfmloadtest" time="25.441" classname="com.loadsfm.tests.sfmload"/>
  <testcase name="sfmloadtest" time="25.237" classname="com.loadsfm.tests.sfmload"/>
  <testcase name="sfmloadtest" time="25.074" classname="com.loadsfm.tests.sfmload"/>
  <testcase name="sfmloadtest" time="25.235" classname="com.loadsfm.tests.sfmload"/>
  <testcase name="sfmloadtest" time="25.225" classname="com.loadsfm.tests.sfmload"/>
  <testcase name="sfmloadtest" time="25.297" classname="com.loadsfm.tests.sfmload"/>
  <testcase name="sfmloadtest" time="25.197" classname="com.loadsfm.tests.sfmload"/>
  <testcase name="sfmloadtest" time="26.982" classname="com.loadsfm.tests.sfmload"/>
  <testcase name="sfmloadtest" time="25.130" classname="com.loadsfm.tests.sfmload"/>
  <testcase name="sfmloadtest" time="25.258" classname="com.loadsfm.tests.sfmload"/>
  <testcase name="sfmloadtest" time="24.958" classname="com.loadsfm.tests.sfmload"/>
  <testcase name="sfmloadtest" time="25.363" classname="com.loadsfm.tests.sfmload"/>
  <testcase name="sfmloadtest" time="25.495" classname="com.loadsfm.tests.sfmload"/>
  <testcase name="sfmloadtest" time="25.087" classname="com.loadsfm.tests.sfmload"/>
  <testcase name="sfmloadtest" time="25.323" classname="com.loadsfm.tests.sfmload"/>
  <testcase name="sfmloadtest" time="25.366" classname="com.loadsfm.tests.sfmload"/>
  <testcase name="sfmloadtest" time="25.476" classname="com.loadsfm.tests.sfmload"/>
  <testcase name="sfmloadtest" time="26.702" classname="com.loadsfm.tests.sfmload"/>
  <testcase name="sfmloadtest" time="25.473" classname="com.loadsfm.tests.sfmload"/>
  <testcase name="sfmloadtest" time="25.252" classname="com.loadsfm.tests.sfmload"/>
  <testcase name="sfmloadtest" time="25.049" classname="com.loadsfm.tests.sfmload"/>
  <testcase name="sfmloadtest" time="25.346" classname="com.loadsfm.tests.sfmload"/>
  <testcase name="sfmloadtest" time="25.270" classname="com.loadsfm.tests.sfmload"/>
  <testcase name="sfmloadtest" time="27.787" classname="com.loadsfm.tests.sfmload"/>
  <testcase name="sfmloadtest" time="25.323" classname="com.loadsfm.tests.sfmload"/>
  <testcase name="sfmloadtest" time="25.511" classname="com.loadsfm.tests.sfmload"/>
  <testcase name="sfmloadtest" time="25.272" classname="com.loadsfm.tests.sfmload"/>
  <testcase name="sfmloadtest" time="24.986" classname="com.loadsfm.tests.sfmload"/>
  <testcase name="sfmloadtest" time="25.191" classname="com.loadsfm.tests.sfmload"/>
  <testcase name="sfmloadtest" time="25.362" classname="com.loadsfm.tests.sfmload"/>
  <testcase name="sfmloadtest" time="25.209" classname="com.loadsfm.tests.sfmload"/>
  <testcase name="sfmloadtest" time="24.986" classname="com.loadsfm.tests.sfmload"/>
  <testcase name="sfmloadtest" time="25.117" classname="com.loadsfm.tests.sfmload"/>
  <testcase name="sfmloadtest" time="25.272" classname="com.loadsfm.tests.sfmload"/>
  <testcase name="sfmloadtest" time="25.286" classname="com.loadsfm.tests.sfmload"/>
  <testcase name="sfmloadtest" time="25.362" classname="com.loadsfm.tests.sfmload"/>
  <testcase name="sfmloadtest" time="25.103" classname="com.loadsfm.tests.sfmload"/>
  <testcase name="sfmloadtest" time="25.164" classname="com.loadsfm.tests.sfmload"/>
  <testcase name="sfmloadtest" time="25.158" classname="com.loadsfm.tests.sfmload"/>
  <testcase name="sfmloadtest" time="25.294" classname="com.loadsfm.tests.sfmload"/>
  <testcase name="sfmloadtest" time="25.507" classname="com.loadsfm.tests.sfmload"/>
  <testcase name="sfmloadtest" time="25.085" classname="com.loadsfm.tests.sfmload"/>
  <testcase name="sfmloadtest" time="25.303" classname="com.loadsfm.tests.sfmload"/>
  <testcase name="sfmloadtest" time="25.109" classname="com.loadsfm.tests.sfmload"/>
  <testcase name="sfmloadtest" time="25.258" classname="com.loadsfm.tests.sfmload"/>
  <testcase name="sfmloadtest" time="26.053" classname="com.loadsfm.tests.sfmload"/>
  <testcase name="sfmloadtest" time="25.265" classname="com.loadsfm.tests.sfmload"/>
  <testcase name="sfmloadtest" time="25.224" classname="com.loadsfm.tests.sfmload"/>
  <testcase name="sfmloadtest" time="25.656" classname="com.loadsfm.tests.sfmload"/>
  <testcase name="sfmloadtest" time="25.216" classname="com.loadsfm.tests.sfmload"/>
  <testcase name="sfmloadtest" time="26.798" classname="com.loadsfm.tests.sfmload"/>
  <testcase name="sfmloadtest" time="25.356" classname="com.loadsfm.tests.sfmload"/>
  <testcase name="sfmloadtest" time="25.286" classname="com.loadsfm.tests.sfmload"/>
  <testcase name="sfmloadtest" time="25.358" classname="com.loadsfm.tests.sfmload"/>
  <testcase name="sfmloadtest" time="25.254" classname="com.loadsfm.tests.sfmload"/>
  <testcase name="sfmloadtest" time="25.454" classname="com.loadsfm.tests.sfmload"/>
  <testcase name="sfmloadtest" time="25.236" classname="com.loadsfm.tests.sfmload"/>
  <testcase name="sfmloadtest" time="25.055" classname="com.loadsfm.tests.sfmload"/>
  <testcase name="sfmloadtest" time="25.267" classname="com.loadsfm.tests.sfmload"/>
  <testcase name="sfmloadtest" time="24.889" classname="com.loadsfm.tests.sfmload"/>
  <testcase name="sfmloadtest" time="25.134" classname="com.loadsfm.tests.sfmload"/>
  <testcase name="sfmloadtest" time="25.118" classname="com.loadsfm.tests.sfmload"/>
  <testcase name="sfmloadtest" time="25.230" classname="com.loadsfm.tests.sfmload"/>
  <testcase name="sfmloadtest" time="25.208" classname="com.loadsfm.tests.sfmload"/>
  <testcase name="sfmloadtest" time="24.899" classname="com.loadsfm.tests.sfmload"/>
  <testcase name="sfmloadtest" time="25.611" classname="com.loadsfm.tests.sfmload"/>
  <testcase name="sfmloadtest" time="25.284" classname="com.loadsfm.tests.sfmload"/>
  <testcase name="sfmloadtest" time="25.241" classname="com.loadsfm.tests.sfmload"/>
  <testcase name="sfmloadtest" time="25.350" classname="com.loadsfm.tests.sfmload"/>
  <testcase name="sfmloadtest" time="25.238" classname="com.loadsfm.tests.sfmload"/>
  <testcase name="sfmloadtest" time="25.260" classname="com.loadsfm.tests.sfmload"/>
  <testcase name="sfmloadtest" time="25.303" classname="com.loadsfm.tests.sfmload"/>
  <testcase name="sfmloadtest" time="24.832" classname="com.loadsfm.tests.sfmload"/>
  <testcase name="sfmloadtest" time="25.819" classname="com.loadsfm.tests.sfmload"/>
  <testcase name="sfmloadtest" time="25.268" classname="com.loadsfm.tests.sfmload"/>
  <testcase name="sfmloadtest" time="25.007" classname="com.loadsfm.tests.sfmload"/>
  <testcase name="sfmloadtest" time="25.066" classname="com.loadsfm.tests.sfmload"/>
  <testcase name="sfmloadtest" time="24.891" classname="com.loadsfm.tests.sfmload"/>
  <testcase name="sfmloadtest" time="25.123" classname="com.loadsfm.tests.sfmload"/>
  <testcase name="sfmloadtest" time="25.401" classname="com.loadsfm.tests.sfmload"/>
  <testcase name="sfmloadtest" time="29.519" classname="com.loadsfm.tests.sfmload"/>
  <testcase name="sfmloadtest" time="24.976" classname="com.loadsfm.tests.sfmload"/>
  <testcase name="sfmloadtest" time="25.538" classname="com.loadsfm.tests.sfmload"/>
  <testcase name="sfmloadtest" time="25.112" classname="com.loadsfm.tests.sfmload"/>
  <testcase name="sfmloadtest" time="24.946" classname="com.loadsfm.tests.sfmload"/>
  <testcase name="sfmloadtest" time="25.318" classname="com.loadsfm.tests.sfmload"/>
  <testcase name="sfmloadtest" time="25.385" classname="com.loadsfm.tests.sfmload"/>
  <testcase name="sfmloadtest" time="24.959" classname="com.loadsfm.tests.sfmload"/>
  <testcase name="sfmloadtest" time="25.368" classname="com.loadsfm.tests.sfmload"/>
  <testcase name="sfmloadtest" time="25.363" classname="com.loadsfm.tests.sfmload"/>
  <testcase name="sfmloadtest" time="25.286" classname="com.loadsfm.tests.sfmload"/>
  <testcase name="sfmloadtest" time="25.478" classname="com.loadsfm.tests.sfmload"/>
  <testcase name="sfmloadtest" time="25.255" classname="com.loadsfm.tests.sfmload"/>
  <testcase name="sfmloadtest" time="25.450" classname="com.loadsfm.tests.sfmload"/>
  <testcase name="sfmloadtest" time="25.136" classname="com.loadsfm.tests.sfmload"/>
  <testcase name="sfmloadtest" time="25.339" classname="com.loadsfm.tests.sfmload"/>
  <testcase name="sfmloadtest" time="25.405" classname="com.loadsfm.tests.sfmload"/>
  <testcase name="sfmloadtest" time="25.139" classname="com.loadsfm.tests.sfmload"/>
  <testcase name="sfmloadtest" time="25.273" classname="com.loadsfm.tests.sfmload"/>
  <testcase name="sfmloadtest" time="25.381" classname="com.loadsfm.tests.sfmload"/>
  <testcase name="sfmloadtest" time="25.428" classname="com.loadsfm.tests.sfmload"/>
  <testcase name="sfmloadtest" time="25.293" classname="com.loadsfm.tests.sfmload"/>
  <testcase name="sfmloadtest" time="25.400" classname="com.loadsfm.tests.sfmload"/>
  <testcase name="sfmloadtest" time="25.061" classname="com.loadsfm.tests.sfmload"/>
  <testcase name="sfmloadtest" time="25.621" classname="com.loadsfm.tests.sfmload"/>
  <testcase name="sfmloadtest" time="25.346" classname="com.loadsfm.tests.sfmload"/>
  <testcase name="sfmloadtest" time="25.318" classname="com.loadsfm.tests.sfmload"/>
  <testcase name="sfmloadtest" time="25.062" classname="com.loadsfm.tests.sfmload"/>
  <testcase name="sfmloadtest" time="25.423" classname="com.loadsfm.tests.sfmload"/>
  <testcase name="sfmloadtest" time="24.899" classname="com.loadsfm.tests.sfmload"/>
  <testcase name="sfmloadtest" time="24.949" classname="com.loadsfm.tests.sfmload"/>
  <testcase name="sfmloadtest" time="25.453" classname="com.loadsfm.tests.sfmload"/>
  <testcase name="sfmloadtest" time="25.128" classname="com.loadsfm.tests.sfmload"/>
  <testcase name="sfmloadtest" time="25.197" classname="com.loadsfm.tests.sfmload"/>
  <testcase name="sfmloadtest" time="25.251" classname="com.loadsfm.tests.sfmload"/>
  <testcase name="sfmloadtest" time="25.200" classname="com.loadsfm.tests.sfmload"/>
  <testcase name="sfmloadtest" time="24.927" classname="com.loadsfm.tests.sfmload"/>
  <testcase name="sfmloadtest" time="25.264" classname="com.loadsfm.tests.sfmload"/>
  <testcase name="sfmloadtest" time="25.285" classname="com.loadsfm.tests.sfmload"/>
  <testcase name="sfmloadtest" time="25.394" classname="com.loadsfm.tests.sfmload"/>
  <testcase name="sfmloadtest" time="25.236" classname="com.loadsfm.tests.sfmload"/>
  <testcase name="sfmloadtest" time="25.427" classname="com.loadsfm.tests.sfmload"/>
  <testcase name="sfmloadtest" time="25.185" classname="com.loadsfm.tests.sfmload"/>
  <testcase name="sfmloadtest" time="25.467" classname="com.loadsfm.tests.sfmload"/>
  <testcase name="sfmloadtest" time="25.387" classname="com.loadsfm.tests.sfmload"/>
  <testcase name="sfmloadtest" time="25.512" classname="com.loadsfm.tests.sfmload"/>
  <testcase name="sfmloadtest" time="25.401" classname="com.loadsfm.tests.sfmload"/>
  <testcase name="sfmloadtest" time="25.367" classname="com.loadsfm.tests.sfmload"/>
  <testcase name="sfmloadtest" time="25.275" classname="com.loadsfm.tests.sfmload"/>
  <testcase name="sfmloadtest" time="25.562" classname="com.loadsfm.tests.sfmload"/>
  <testcase name="sfmloadtest" time="25.036" classname="com.loadsfm.tests.sfmload"/>
  <testcase name="sfmloadtest" time="25.292" classname="com.loadsfm.tests.sfmload"/>
  <testcase name="sfmloadtest" time="24.927" classname="com.loadsfm.tests.sfmload"/>
  <testcase name="sfmloadtest" time="25.170" classname="com.loadsfm.tests.sfmload"/>
  <testcase name="sfmloadtest" time="25.564" classname="com.loadsfm.tests.sfmload"/>
  <testcase name="sfmloadtest" time="25.256" classname="com.loadsfm.tests.sfmload"/>
  <testcase name="sfmloadtest" time="25.505" classname="com.loadsfm.tests.sfmload"/>
  <testcase name="sfmloadtest" time="25.070" classname="com.loadsfm.tests.sfmload"/>
  <testcase name="sfmloadtest" time="25.265" classname="com.loadsfm.tests.sfmload"/>
  <testcase name="sfmloadtest" time="25.370" classname="com.loadsfm.tests.sfmload"/>
  <testcase name="sfmloadtest" time="25.358" classname="com.loadsfm.tests.sfmload"/>
  <testcase name="sfmloadtest" time="25.081" classname="com.loadsfm.tests.sfmload"/>
  <testcase name="sfmloadtest" time="25.155" classname="com.loadsfm.tests.sfmload"/>
  <testcase name="sfmloadtest" time="25.383" classname="com.loadsfm.tests.sfmload"/>
  <testcase name="sfmloadtest" time="25.475" classname="com.loadsfm.tests.sfmload"/>
  <testcase name="sfmloadtest" time="25.253" classname="com.loadsfm.tests.sfmload"/>
  <testcase name="sfmloadtest" time="28.305" classname="com.loadsfm.tests.sfmload"/>
  <testcase name="sfmloadtest" time="24.960" classname="com.loadsfm.tests.sfmload"/>
  <testcase name="sfmloadtest" time="25.294" classname="com.loadsfm.tests.sfmload"/>
  <testcase name="sfmloadtest" time="25.345" classname="com.loadsfm.tests.sfmload"/>
  <testcase name="sfmloadtest" time="25.280" classname="com.loadsfm.tests.sfmload"/>
  <testcase name="sfmloadtest" time="25.370" classname="com.loadsfm.tests.sfmload"/>
  <testcase name="sfmloadtest" time="25.026" classname="com.loadsfm.tests.sfmload"/>
  <testcase name="sfmloadtest" time="25.091" classname="com.loadsfm.tests.sfmload"/>
  <testcase name="sfmloadtest" time="25.468" classname="com.loadsfm.tests.sfmload"/>
  <testcase name="sfmloadtest" time="25.310" classname="com.loadsfm.tests.sfmload"/>
  <testcase name="sfmloadtest" time="25.526" classname="com.loadsfm.tests.sfmload"/>
  <testcase name="sfmloadtest" time="25.433" classname="com.loadsfm.tests.sfmload"/>
  <testcase name="sfmloadtest" time="25.417" classname="com.loadsfm.tests.sfmload"/>
  <testcase name="sfmloadtest" time="25.375" classname="com.loadsfm.tests.sfmload"/>
  <testcase name="sfmloadtest" time="25.226" classname="com.loadsfm.tests.sfmload"/>
  <testcase name="sfmloadtest" time="25.386" classname="com.loadsfm.tests.sfmload"/>
  <testcase name="sfmloadtest" time="25.570" classname="com.loadsfm.tests.sfmload"/>
  <testcase name="sfmloadtest" time="25.469" classname="com.loadsfm.tests.sfmload"/>
  <testcase name="sfmloadtest" time="25.168" classname="com.loadsfm.tests.sfmload"/>
  <testcase name="sfmloadtest" time="25.126" classname="com.loadsfm.tests.sfmload"/>
  <testcase name="sfmloadtest" time="25.645" classname="com.loadsfm.tests.sfmload"/>
  <testcase name="sfmloadtest" time="25.181" classname="com.loadsfm.tests.sfmload"/>
  <testcase name="sfmloadtest" time="25.410" classname="com.loadsfm.tests.sfmload"/>
  <testcase name="sfmloadtest" time="25.107" classname="com.loadsfm.tests.sfmload"/>
  <testcase name="sfmloadtest" time="26.383" classname="com.loadsfm.tests.sfmload"/>
  <testcase name="sfmloadtest" time="25.538" classname="com.loadsfm.tests.sfmload"/>
  <testcase name="sfmloadtest" time="24.998" classname="com.loadsfm.tests.sfmload"/>
  <testcase name="sfmloadtest" time="25.224" classname="com.loadsfm.tests.sfmload"/>
  <testcase name="sfmloadtest" time="24.913" classname="com.loadsfm.tests.sfmload"/>
  <testcase name="sfmloadtest" time="25.386" classname="com.loadsfm.tests.sfmload"/>
  <testcase name="sfmloadtest" time="25.047" classname="com.loadsfm.tests.sfmload"/>
  <testcase name="sfmloadtest" time="25.350" classname="com.loadsfm.tests.sfmload"/>
  <testcase name="sfmloadtest" time="25.144" classname="com.loadsfm.tests.sfmload"/>
  <testcase name="sfmloadtest" time="25.250" classname="com.loadsfm.tests.sfmload"/>
  <testcase name="sfmloadtest" time="32.652" classname="com.loadsfm.tests.sfmload"/>
  <testcase name="sfmloadtest" time="24.930" classname="com.loadsfm.tests.sfmload"/>
  <testcase name="sfmloadtest" time="25.098" classname="com.loadsfm.tests.sfmload"/>
  <testcase name="sfmloadtest" time="25.339" classname="com.loadsfm.tests.sfmload"/>
  <testcase name="sfmloadtest" time="25.117" classname="com.loadsfm.tests.sfmload"/>
  <testcase name="sfmloadtest" time="25.213" classname="com.loadsfm.tests.sfmload"/>
  <testcase name="sfmloadtest" time="25.421" classname="com.loadsfm.tests.sfmload"/>
  <testcase name="sfmloadtest" time="25.233" classname="com.loadsfm.tests.sfmload"/>
  <testcase name="sfmloadtest" time="25.093" classname="com.loadsfm.tests.sfmload"/>
  <testcase name="sfmloadtest" time="25.199" classname="com.loadsfm.tests.sfmload"/>
  <testcase name="sfmloadtest" time="24.950" classname="com.loadsfm.tests.sfmload"/>
  <testcase name="sfmloadtest" time="25.242" classname="com.loadsfm.tests.sfmload"/>
  <testcase name="sfmloadtest" time="25.395" classname="com.loadsfm.tests.sfmload"/>
  <testcase name="sfmloadtest" time="25.252" classname="com.loadsfm.tests.sfmload"/>
  <testcase name="sfmloadtest" time="25.093" classname="com.loadsfm.tests.sfmload"/>
  <testcase name="sfmloadtest" time="25.516" classname="com.loadsfm.tests.sfmload"/>
  <testcase name="sfmloadtest" time="25.572" classname="com.loadsfm.tests.sfmload"/>
  <testcase name="sfmloadtest" time="25.053" classname="com.loadsfm.tests.sfmload"/>
  <testcase name="sfmloadtest" time="24.957" classname="com.loadsfm.tests.sfmload"/>
  <testcase name="sfmloadtest" time="25.409" classname="com.loadsfm.tests.sfmload"/>
  <testcase name="sfmloadtest" time="32.852" classname="com.loadsfm.tests.sfmload"/>
  <testcase name="sfmloadtest" time="25.399" classname="com.loadsfm.tests.sfmload"/>
  <testcase name="sfmloadtest" time="25.273" classname="com.loadsfm.tests.sfmload"/>
  <testcase name="sfmloadtest" time="25.176" classname="com.loadsfm.tests.sfmload"/>
  <testcase name="sfmloadtest" time="25.296" classname="com.loadsfm.tests.sfmload"/>
  <testcase name="sfmloadtest" time="25.225" classname="com.loadsfm.tests.sfmload"/>
  <testcase name="sfmloadtest" time="25.259" classname="com.loadsfm.tests.sfmload"/>
  <testcase name="sfmloadtest" time="25.465" classname="com.loadsfm.tests.sfmload"/>
  <testcase name="sfmloadtest" time="25.361" classname="com.loadsfm.tests.sfmload"/>
  <testcase name="sfmloadtest" time="25.047" classname="com.loadsfm.tests.sfmload"/>
  <testcase name="sfmloadtest" time="25.336" classname="com.loadsfm.tests.sfmload"/>
  <testcase name="sfmloadtest" time="25.217" classname="com.loadsfm.tests.sfmload"/>
  <testcase name="sfmloadtest" time="25.025" classname="com.loadsfm.tests.sfmload"/>
  <testcase name="sfmloadtest" time="25.058" classname="com.loadsfm.tests.sfmload"/>
  <testcase name="sfmloadtest" time="25.218" classname="com.loadsfm.tests.sfmload"/>
  <testcase name="sfmloadtest" time="25.186" classname="com.loadsfm.tests.sfmload"/>
  <testcase name="sfmloadtest" time="25.293" classname="com.loadsfm.tests.sfmload"/>
  <testcase name="sfmloadtest" time="25.069" classname="com.loadsfm.tests.sfmload"/>
  <testcase name="sfmloadtest" time="25.265" classname="com.loadsfm.tests.sfmload"/>
  <testcase name="sfmloadtest" time="25.322" classname="com.loadsfm.tests.sfmload"/>
  <testcase name="sfmloadtest" time="25.148" classname="com.loadsfm.tests.sfmload"/>
  <testcase name="sfmloadtest" time="25.226" classname="com.loadsfm.tests.sfmload"/>
  <testcase name="sfmloadtest" time="25.128" classname="com.loadsfm.tests.sfmload"/>
  <testcase name="sfmloadtest" time="25.229" classname="com.loadsfm.tests.sfmload"/>
  <testcase name="sfmloadtest" time="25.214" classname="com.loadsfm.tests.sfmload"/>
  <testcase name="sfmloadtest" time="25.155" classname="com.loadsfm.tests.sfmload"/>
  <testcase name="sfmloadtest" time="25.219" classname="com.loadsfm.tests.sfmload"/>
  <testcase name="sfmloadtest" time="25.336" classname="com.loadsfm.tests.sfmload"/>
  <testcase name="sfmloadtest" time="25.232" classname="com.loadsfm.tests.sfmload"/>
  <testcase name="sfmloadtest" time="24.892" classname="com.loadsfm.tests.sfmload"/>
  <testcase name="sfmloadtest" time="25.213" classname="com.loadsfm.tests.sfmload"/>
  <testcase name="sfmloadtest" time="25.490" classname="com.loadsfm.tests.sfmload"/>
  <testcase name="sfmloadtest" time="25.080" classname="com.loadsfm.tests.sfmload"/>
  <testcase name="sfmloadtest" time="29.564" classname="com.loadsfm.tests.sfmload"/>
  <testcase name="sfmloadtest" time="25.228" classname="com.loadsfm.tests.sfmload"/>
  <testcase name="sfmloadtest" time="25.213" classname="com.loadsfm.tests.sfmload"/>
  <testcase name="sfmloadtest" time="25.301" classname="com.loadsfm.tests.sfmload"/>
  <testcase name="sfmloadtest" time="25.325" classname="com.loadsfm.tests.sfmload"/>
  <testcase name="sfmloadtest" time="25.215" classname="com.loadsfm.tests.sfmload"/>
  <testcase name="sfmloadtest" time="25.504" classname="com.loadsfm.tests.sfmload"/>
  <testcase name="sfmloadtest" time="25.336" classname="com.loadsfm.tests.sfmload"/>
  <testcase name="sfmloadtest" time="25.245" classname="com.loadsfm.tests.sfmload"/>
  <testcase name="sfmloadtest" time="25.581" classname="com.loadsfm.tests.sfmload"/>
  <testcase name="sfmloadtest" time="25.065" classname="com.loadsfm.tests.sfmload"/>
  <testcase name="sfmloadtest" time="25.740" classname="com.loadsfm.tests.sfmload"/>
  <testcase name="sfmloadtest" time="25.300" classname="com.loadsfm.tests.sfmload"/>
  <testcase name="sfmloadtest" time="25.373" classname="com.loadsfm.tests.sfmload"/>
  <testcase name="sfmloadtest" time="26.202" classname="com.loadsfm.tests.sfmload"/>
  <testcase name="sfmloadtest" time="24.985" classname="com.loadsfm.tests.sfmload"/>
  <testcase name="sfmloadtest" time="25.208" classname="com.loadsfm.tests.sfmload"/>
  <testcase name="sfmloadtest" time="25.049" classname="com.loadsfm.tests.sfmload"/>
  <testcase name="sfmloadtest" time="25.263" classname="com.loadsfm.tests.sfmload"/>
  <testcase name="sfmloadtest" time="25.063" classname="com.loadsfm.tests.sfmload"/>
  <testcase name="sfmloadtest" time="25.107" classname="com.loadsfm.tests.sfmload"/>
  <testcase name="sfmloadtest" time="24.884" classname="com.loadsfm.tests.sfmload"/>
  <testcase name="sfmloadtest" time="25.260" classname="com.loadsfm.tests.sfmload"/>
  <testcase name="sfmloadtest" time="24.937" classname="com.loadsfm.tests.sfmload"/>
  <testcase name="sfmloadtest" time="25.424" classname="com.loadsfm.tests.sfmload"/>
  <testcase name="sfmloadtest" time="25.210" classname="com.loadsfm.tests.sfmload"/>
  <testcase name="sfmloadtest" time="25.063" classname="com.loadsfm.tests.sfmload"/>
  <testcase name="sfmloadtest" time="25.258" classname="com.loadsfm.tests.sfmload"/>
  <testcase name="sfmloadtest" time="25.549" classname="com.loadsfm.tests.sfmload"/>
  <testcase name="sfmloadtest" time="25.135" classname="com.loadsfm.tests.sfmload"/>
  <testcase name="sfmloadtest" time="25.260" classname="com.loadsfm.tests.sfmload"/>
  <testcase name="sfmloadtest" time="25.415" classname="com.loadsfm.tests.sfmload"/>
  <testcase name="sfmloadtest" time="25.251" classname="com.loadsfm.tests.sfmload"/>
  <testcase name="sfmloadtest" time="25.259" classname="com.loadsfm.tests.sfmload"/>
  <testcase name="sfmloadtest" time="25.094" classname="com.loadsfm.tests.sfmload"/>
  <testcase name="sfmloadtest" time="25.040" classname="com.loadsfm.tests.sfmload"/>
  <testcase name="sfmloadtest" time="25.466" classname="com.loadsfm.tests.sfmload"/>
  <testcase name="sfmloadtest" time="25.139" classname="com.loadsfm.tests.sfmload"/>
  <testcase name="sfmloadtest" time="25.380" classname="com.loadsfm.tests.sfmload"/>
  <testcase name="sfmloadtest" time="25.232" classname="com.loadsfm.tests.sfmload"/>
  <testcase name="sfmloadtest" time="25.463" classname="com.loadsfm.tests.sfmload"/>
  <testcase name="sfmloadtest" time="25.284" classname="com.loadsfm.tests.sfmload"/>
  <testcase name="sfmloadtest" time="25.194" classname="com.loadsfm.tests.sfmload"/>
  <testcase name="sfmloadtest" time="25.588" classname="com.loadsfm.tests.sfmload"/>
  <testcase name="sfmloadtest" time="25.597" classname="com.loadsfm.tests.sfmload"/>
  <testcase name="sfmloadtest" time="25.244" classname="com.loadsfm.tests.sfmload"/>
  <testcase name="sfmloadtest" time="25.480" classname="com.loadsfm.tests.sfmload"/>
  <testcase name="sfmloadtest" time="25.066" classname="com.loadsfm.tests.sfmload"/>
  <testcase name="sfmloadtest" time="25.411" classname="com.loadsfm.tests.sfmload"/>
  <testcase name="sfmloadtest" time="25.055" classname="com.loadsfm.tests.sfmload"/>
  <testcase name="sfmloadtest" time="25.276" classname="com.loadsfm.tests.sfmload"/>
  <testcase name="sfmloadtest" time="25.278" classname="com.loadsfm.tests.sfmload"/>
  <testcase name="sfmloadtest" time="25.549" classname="com.loadsfm.tests.sfmload"/>
  <testcase name="sfmloadtest" time="24.752" classname="com.loadsfm.tests.sfmload"/>
  <testcase name="sfmloadtest" time="25.320" classname="com.loadsfm.tests.sfmload"/>
  <testcase name="sfmloadtest" time="25.276" classname="com.loadsfm.tests.sfmload"/>
  <testcase name="sfmloadtest" time="25.131" classname="com.loadsfm.tests.sfmload"/>
  <testcase name="sfmloadtest" time="25.229" classname="com.loadsfm.tests.sfmload"/>
  <testcase name="sfmloadtest" time="25.395" classname="com.loadsfm.tests.sfmload"/>
  <testcase name="sfmloadtest" time="25.962" classname="com.loadsfm.tests.sfmload"/>
  <testcase name="sfmloadtest" time="25.275" classname="com.loadsfm.tests.sfmload"/>
  <testcase name="sfmloadtest" time="25.231" classname="com.loadsfm.tests.sfmload"/>
  <testcase name="sfmloadtest" time="24.975" classname="com.loadsfm.tests.sfmload"/>
  <testcase name="sfmloadtest" time="25.617" classname="com.loadsfm.tests.sfmload"/>
  <testcase name="sfmloadtest" time="25.186" classname="com.loadsfm.tests.sfmload"/>
  <testcase name="sfmloadtest" time="25.363" classname="com.loadsfm.tests.sfmload"/>
  <testcase name="sfmloadtest" time="25.410" classname="com.loadsfm.tests.sfmload"/>
  <testcase name="sfmloadtest" time="25.354" classname="com.loadsfm.tests.sfmload"/>
  <testcase name="sfmloadtest" time="25.526" classname="com.loadsfm.tests.sfmload"/>
  <testcase name="sfmloadtest" time="25.350" classname="com.loadsfm.tests.sfmload"/>
  <testcase name="sfmloadtest" time="25.127" classname="com.loadsfm.tests.sfmload"/>
  <testcase name="sfmloadtest" time="25.106" classname="com.loadsfm.tests.sfmload"/>
  <testcase name="sfmloadtest" time="25.240" classname="com.loadsfm.tests.sfmload"/>
  <testcase name="sfmloadtest" time="25.214" classname="com.loadsfm.tests.sfmload"/>
  <testcase name="sfmloadtest" time="25.446" classname="com.loadsfm.tests.sfmload"/>
  <testcase name="sfmloadtest" time="25.137" classname="com.loadsfm.tests.sfmload"/>
  <testcase name="sfmloadtest" time="24.954" classname="com.loadsfm.tests.sfmload"/>
  <testcase name="sfmloadtest" time="25.884" classname="com.loadsfm.tests.sfmload"/>
  <testcase name="sfmloadtest" time="25.243" classname="com.loadsfm.tests.sfmload"/>
  <testcase name="sfmloadtest" time="25.050" classname="com.loadsfm.tests.sfmload"/>
  <testcase name="sfmloadtest" time="25.042" classname="com.loadsfm.tests.sfmload"/>
  <testcase name="sfmloadtest" time="25.438" classname="com.loadsfm.tests.sfmload"/>
  <testcase name="sfmloadtest" time="28.614" classname="com.loadsfm.tests.sfmload"/>
  <testcase name="sfmloadtest" time="25.106" classname="com.loadsfm.tests.sfmload"/>
  <testcase name="sfmloadtest" time="25.330" classname="com.loadsfm.tests.sfmload"/>
  <testcase name="sfmloadtest" time="25.430" classname="com.loadsfm.tests.sfmload"/>
  <testcase name="sfmloadtest" time="25.132" classname="com.loadsfm.tests.sfmload"/>
  <testcase name="sfmloadtest" time="25.414" classname="com.loadsfm.tests.sfmload"/>
  <testcase name="sfmloadtest" time="25.435" classname="com.loadsfm.tests.sfmload"/>
  <testcase name="sfmloadtest" time="25.792" classname="com.loadsfm.tests.sfmload"/>
  <testcase name="sfmloadtest" time="25.449" classname="com.loadsfm.tests.sfmload"/>
  <testcase name="sfmloadtest" time="25.354" classname="com.loadsfm.tests.sfmload"/>
  <testcase name="sfmloadtest" time="25.253" classname="com.loadsfm.tests.sfmload"/>
  <testcase name="sfmloadtest" time="25.344" classname="com.loadsfm.tests.sfmload"/>
  <testcase name="sfmloadtest" time="25.073" classname="com.loadsfm.tests.sfmload"/>
  <testcase name="sfmloadtest" time="25.639" classname="com.loadsfm.tests.sfmload"/>
  <testcase name="sfmloadtest" time="25.704" classname="com.loadsfm.tests.sfmload"/>
  <testcase name="sfmloadtest" time="25.195" classname="com.loadsfm.tests.sfmload"/>
  <testcase name="sfmloadtest" time="25.464" classname="com.loadsfm.tests.sfmload"/>
  <testcase name="sfmloadtest" time="25.112" classname="com.loadsfm.tests.sfmload"/>
  <testcase name="sfmloadtest" time="25.252" classname="com.loadsfm.tests.sfmload"/>
  <testcase name="sfmloadtest" time="25.275" classname="com.loadsfm.tests.sfmload"/>
  <testcase name="sfmloadtest" time="25.195" classname="com.loadsfm.tests.sfmload"/>
  <testcase name="sfmloadtest" time="25.413" classname="com.loadsfm.tests.sfmload"/>
  <testcase name="sfmloadtest" time="25.190" classname="com.loadsfm.tests.sfmload"/>
  <testcase name="sfmloadtest" time="25.074" classname="com.loadsfm.tests.sfmload"/>
  <testcase name="sfmloadtest" time="25.051" classname="com.loadsfm.tests.sfmload"/>
  <testcase name="sfmloadtest" time="25.509" classname="com.loadsfm.tests.sfmload"/>
  <testcase name="sfmloadtest" time="24.997" classname="com.loadsfm.tests.sfmload"/>
  <testcase name="sfmloadtest" time="25.097" classname="com.loadsfm.tests.sfmload"/>
  <testcase name="sfmloadtest" time="25.458" classname="com.loadsfm.tests.sfmload"/>
  <testcase name="sfmloadtest" time="25.480" classname="com.loadsfm.tests.sfmload"/>
  <testcase name="sfmloadtest" time="25.353" classname="com.loadsfm.tests.sfmload"/>
  <testcase name="sfmloadtest" time="25.415" classname="com.loadsfm.tests.sfmload"/>
  <testcase name="sfmloadtest" time="25.030" classname="com.loadsfm.tests.sfmload"/>
  <testcase name="sfmloadtest" time="24.829" classname="com.loadsfm.tests.sfmload"/>
  <testcase name="sfmloadtest" time="25.300" classname="com.loadsfm.tests.sfmload"/>
  <testcase name="sfmloadtest" time="25.287" classname="com.loadsfm.tests.sfmload"/>
  <testcase name="sfmloadtest" time="25.006" classname="com.loadsfm.tests.sfmload"/>
  <testcase name="sfmloadtest" time="25.120" classname="com.loadsfm.tests.sfmload"/>
  <testcase name="sfmloadtest" time="25.369" classname="com.loadsfm.tests.sfmload"/>
  <testcase name="sfmloadtest" time="25.475" classname="com.loadsfm.tests.sfmload"/>
  <testcase name="sfmloadtest" time="25.057" classname="com.loadsfm.tests.sfmload"/>
  <testcase name="sfmloadtest" time="25.413" classname="com.loadsfm.tests.sfmload"/>
  <testcase name="sfmloadtest" time="25.113" classname="com.loadsfm.tests.sfmload"/>
  <testcase name="sfmloadtest" time="25.414" classname="com.loadsfm.tests.sfmload"/>
  <testcase name="sfmloadtest" time="25.076" classname="com.loadsfm.tests.sfmload"/>
  <testcase name="sfmloadtest" time="25.328" classname="com.loadsfm.tests.sfmload"/>
  <testcase name="sfmloadtest" time="24.894" classname="com.loadsfm.tests.sfmload"/>
  <testcase name="sfmloadtest" time="25.196" classname="com.loadsfm.tests.sfmload"/>
  <testcase name="sfmloadtest" time="25.220" classname="com.loadsfm.tests.sfmload"/>
  <testcase name="sfmloadtest" time="25.338" classname="com.loadsfm.tests.sfmload"/>
  <testcase name="sfmloadtest" time="25.219" classname="com.loadsfm.tests.sfmload"/>
  <testcase name="sfmloadtest" time="25.300" classname="com.loadsfm.tests.sfmload"/>
  <testcase name="sfmloadtest" time="25.160" classname="com.loadsfm.tests.sfmload"/>
  <testcase name="sfmloadtest" time="25.404" classname="com.loadsfm.tests.sfmload"/>
  <testcase name="sfmloadtest" time="25.138" classname="com.loadsfm.tests.sfmload"/>
  <testcase name="sfmloadtest" time="25.327" classname="com.loadsfm.tests.sfmload"/>
  <testcase name="sfmloadtest" time="25.087" classname="com.loadsfm.tests.sfmload"/>
  <testcase name="sfmloadtest" time="25.363" classname="com.loadsfm.tests.sfmload"/>
  <testcase name="sfmloadtest" time="25.417" classname="com.loadsfm.tests.sfmload"/>
  <testcase name="sfmloadtest" time="25.366" classname="com.loadsfm.tests.sfmload"/>
  <testcase name="sfmloadtest" time="25.354" classname="com.loadsfm.tests.sfmload"/>
  <testcase name="sfmloadtest" time="25.180" classname="com.loadsfm.tests.sfmload"/>
  <testcase name="sfmloadtest" time="25.065" classname="com.loadsfm.tests.sfmload"/>
  <testcase name="sfmloadtest" time="25.042" classname="com.loadsfm.tests.sfmload"/>
  <testcase name="sfmloadtest" time="25.290" classname="com.loadsfm.tests.sfmload"/>
  <testcase name="sfmloadtest" time="25.308" classname="com.loadsfm.tests.sfmload"/>
  <testcase name="sfmloadtest" time="25.631" classname="com.loadsfm.tests.sfmload"/>
  <testcase name="sfmloadtest" time="25.250" classname="com.loadsfm.tests.sfmload"/>
  <testcase name="sfmloadtest" time="25.128" classname="com.loadsfm.tests.sfmload"/>
  <testcase name="sfmloadtest" time="25.545" classname="com.loadsfm.tests.sfmload"/>
  <testcase name="sfmloadtest" time="25.279" classname="com.loadsfm.tests.sfmload"/>
  <testcase name="sfmloadtest" time="25.100" classname="com.loadsfm.tests.sfmload"/>
  <testcase name="sfmloadtest" time="33.266" classname="com.loadsfm.tests.sfmload"/>
  <testcase name="sfmloadtest" time="25.053" classname="com.loadsfm.tests.sfmload"/>
  <testcase name="sfmloadtest" time="25.255" classname="com.loadsfm.tests.sfmload"/>
  <testcase name="sfmloadtest" time="25.075" classname="com.loadsfm.tests.sfmload"/>
  <testcase name="sfmloadtest" time="25.175" classname="com.loadsfm.tests.sfmload"/>
  <testcase name="sfmloadtest" time="25.174" classname="com.loadsfm.tests.sfmload"/>
  <testcase name="sfmloadtest" time="25.368" classname="com.loadsfm.tests.sfmload"/>
  <testcase name="sfmloadtest" time="25.204" classname="com.loadsfm.tests.sfmload"/>
  <testcase name="sfmloadtest" time="26.631" classname="com.loadsfm.tests.sfmload"/>
  <testcase name="sfmloadtest" time="25.261" classname="com.loadsfm.tests.sfmload"/>
  <testcase name="sfmloadtest" time="25.053" classname="com.loadsfm.tests.sfmload"/>
  <testcase name="sfmloadtest" time="25.313" classname="com.loadsfm.tests.sfmload"/>
  <testcase name="sfmloadtest" time="24.919" classname="com.loadsfm.tests.sfmload"/>
  <testcase name="sfmloadtest" time="25.308" classname="com.loadsfm.tests.sfmload"/>
  <testcase name="sfmloadtest" time="25.432" classname="com.loadsfm.tests.sfmload"/>
  <testcase name="sfmloadtest" time="25.796" classname="com.loadsfm.tests.sfmload"/>
  <testcase name="sfmloadtest" time="25.272" classname="com.loadsfm.tests.sfmload"/>
  <testcase name="sfmloadtest" time="25.002" classname="com.loadsfm.tests.sfmload"/>
  <testcase name="sfmloadtest" time="25.541" classname="com.loadsfm.tests.sfmload"/>
  <testcase name="sfmloadtest" time="25.325" classname="com.loadsfm.tests.sfmload"/>
  <testcase name="sfmloadtest" time="25.204" classname="com.loadsfm.tests.sfmload"/>
  <testcase name="sfmloadtest" time="25.117" classname="com.loadsfm.tests.sfmload"/>
  <testcase name="sfmloadtest" time="25.126" classname="com.loadsfm.tests.sfmload"/>
  <testcase name="sfmloadtest" time="24.907" classname="com.loadsfm.tests.sfmload"/>
  <testcase name="sfmloadtest" time="25.377" classname="com.loadsfm.tests.sfmload"/>
  <testcase name="sfmloadtest" time="25.196" classname="com.loadsfm.tests.sfmload"/>
  <testcase name="sfmloadtest" time="25.170" classname="com.loadsfm.tests.sfmload"/>
  <testcase name="sfmloadtest" time="25.264" classname="com.loadsfm.tests.sfmload"/>
  <testcase name="sfmloadtest" time="24.957" classname="com.loadsfm.tests.sfmload"/>
  <testcase name="sfmloadtest" time="25.181" classname="com.loadsfm.tests.sfmload"/>
  <testcase name="sfmloadtest" time="27.874" classname="com.loadsfm.tests.sfmload"/>
  <testcase name="sfmloadtest" time="25.557" classname="com.loadsfm.tests.sfmload"/>
  <testcase name="sfmloadtest" time="25.124" classname="com.loadsfm.tests.sfmload"/>
  <testcase name="sfmloadtest" time="25.312" classname="com.loadsfm.tests.sfmload"/>
  <testcase name="sfmloadtest" time="25.380" classname="com.loadsfm.tests.sfmload"/>
  <testcase name="sfmloadtest" time="25.713" classname="com.loadsfm.tests.sfmload"/>
  <testcase name="sfmloadtest" time="25.079" classname="com.loadsfm.tests.sfmload"/>
  <testcase name="sfmloadtest" time="24.908" classname="com.loadsfm.tests.sfmload"/>
  <testcase name="sfmloadtest" time="25.223" classname="com.loadsfm.tests.sfmload"/>
  <testcase name="sfmloadtest" time="26.522" classname="com.loadsfm.tests.sfmload"/>
  <testcase name="sfmloadtest" time="25.161" classname="com.loadsfm.tests.sfmload"/>
  <testcase name="sfmloadtest" time="25.428" classname="com.loadsfm.tests.sfmload"/>
  <testcase name="sfmloadtest" time="25.334" classname="com.loadsfm.tests.sfmload"/>
  <testcase name="sfmloadtest" time="25.251" classname="com.loadsfm.tests.sfmload"/>
  <testcase name="sfmloadtest" time="24.921" classname="com.loadsfm.tests.sfmload"/>
  <testcase name="sfmloadtest" time="25.036" classname="com.loadsfm.tests.sfmload"/>
  <testcase name="sfmloadtest" time="24.986" classname="com.loadsfm.tests.sfmload"/>
  <testcase name="sfmloadtest" time="25.015" classname="com.loadsfm.tests.sfmload"/>
  <testcase name="sfmloadtest" time="25.220" classname="com.loadsfm.tests.sfmload"/>
  <testcase name="sfmloadtest" time="25.166" classname="com.loadsfm.tests.sfmload"/>
  <testcase name="sfmloadtest" time="25.448" classname="com.loadsfm.tests.sfmload"/>
  <testcase name="sfmloadtest" time="25.431" classname="com.loadsfm.tests.sfmload"/>
  <testcase name="sfmloadtest" time="25.104" classname="com.loadsfm.tests.sfmload"/>
  <testcase name="sfmloadtest" time="25.520" classname="com.loadsfm.tests.sfmload"/>
  <testcase name="sfmloadtest" time="25.122" classname="com.loadsfm.tests.sfmload"/>
  <testcase name="sfmloadtest" time="25.221" classname="com.loadsfm.tests.sfmload"/>
  <testcase name="sfmloadtest" time="25.187" classname="com.loadsfm.tests.sfmload"/>
  <testcase name="sfmloadtest" time="25.215" classname="com.loadsfm.tests.sfmload"/>
  <testcase name="sfmloadtest" time="25.651" classname="com.loadsfm.tests.sfmload"/>
  <testcase name="sfmloadtest" time="25.590" classname="com.loadsfm.tests.sfmload"/>
  <testcase name="sfmloadtest" time="25.545" classname="com.loadsfm.tests.sfmload"/>
  <testcase name="sfmloadtest" time="25.206" classname="com.loadsfm.tests.sfmload"/>
  <testcase name="sfmloadtest" time="25.079" classname="com.loadsfm.tests.sfmload"/>
  <testcase name="sfmloadtest" time="25.707" classname="com.loadsfm.tests.sfmload"/>
  <testcase name="sfmloadtest" time="25.185" classname="com.loadsfm.tests.sfmload"/>
  <testcase name="sfmloadtest" time="25.126" classname="com.loadsfm.tests.sfmload"/>
  <testcase name="sfmloadtest" time="25.454" classname="com.loadsfm.tests.sfmload"/>
  <testcase name="sfmloadtest" time="25.113" classname="com.loadsfm.tests.sfmload"/>
  <testcase name="sfmloadtest" time="25.044" classname="com.loadsfm.tests.sfmload"/>
  <testcase name="sfmloadtest" time="25.057" classname="com.loadsfm.tests.sfmload"/>
  <testcase name="sfmloadtest" time="25.010" classname="com.loadsfm.tests.sfmload"/>
  <testcase name="sfmloadtest" time="25.343" classname="com.loadsfm.tests.sfmload"/>
  <testcase name="sfmloadtest" time="25.182" classname="com.loadsfm.tests.sfmload"/>
  <testcase name="sfmloadtest" time="25.467" classname="com.loadsfm.tests.sfmload"/>
  <testcase name="sfmloadtest" time="25.151" classname="com.loadsfm.tests.sfmload"/>
  <testcase name="sfmloadtest" time="25.607" classname="com.loadsfm.tests.sfmload"/>
  <testcase name="sfmloadtest" time="25.380" classname="com.loadsfm.tests.sfmload"/>
  <testcase name="sfmloadtest" time="25.131" classname="com.loadsfm.tests.sfmload"/>
  <testcase name="sfmloadtest" time="25.867" classname="com.loadsfm.tests.sfmload"/>
  <testcase name="sfmloadtest" time="25.520" classname="com.loadsfm.tests.sfmload"/>
  <testcase name="sfmloadtest" time="25.872" classname="com.loadsfm.tests.sfmload"/>
  <testcase name="sfmloadtest" time="25.572" classname="com.loadsfm.tests.sfmload"/>
  <testcase name="sfmloadtest" time="25.360" classname="com.loadsfm.tests.sfmload"/>
  <testcase name="sfmloadtest" time="25.328" classname="com.loadsfm.tests.sfmload"/>
  <testcase name="sfmloadtest" time="25.430" classname="com.loadsfm.tests.sfmload"/>
  <testcase name="sfmloadtest" time="25.128" classname="com.loadsfm.tests.sfmload"/>
  <testcase name="sfmloadtest" time="25.365" classname="com.loadsfm.tests.sfmload"/>
  <testcase name="sfmloadtest" time="26.498" classname="com.loadsfm.tests.sfmload"/>
  <testcase name="sfmloadtest" time="24.942" classname="com.loadsfm.tests.sfmload"/>
  <testcase name="sfmloadtest" time="25.052" classname="com.loadsfm.tests.sfmload"/>
  <testcase name="sfmloadtest" time="25.313" classname="com.loadsfm.tests.sfmload"/>
  <testcase name="sfmloadtest" time="26.547" classname="com.loadsfm.tests.sfmload"/>
  <testcase name="sfmloadtest" time="25.382" classname="com.loadsfm.tests.sfmload"/>
  <testcase name="sfmloadtest" time="25.171" classname="com.loadsfm.tests.sfmload"/>
  <testcase name="sfmloadtest" time="25.138" classname="com.loadsfm.tests.sfmload"/>
  <testcase name="sfmloadtest" time="25.132" classname="com.loadsfm.tests.sfmload"/>
  <testcase name="sfmloadtest" time="25.419" classname="com.loadsfm.tests.sfmload"/>
  <testcase name="sfmloadtest" time="25.292" classname="com.loadsfm.tests.sfmload"/>
  <testcase name="sfmloadtest" time="25.272" classname="com.loadsfm.tests.sfmload"/>
  <testcase name="sfmloadtest" time="25.417" classname="com.loadsfm.tests.sfmload"/>
  <testcase name="sfmloadtest" time="32.056" classname="com.loadsfm.tests.sfmload"/>
[...]
  <testcase name="sfmloadtest" time="24.855" classname="com.loadsfm.tests.sfmload"/>
  <testcase name="sfmloadtest" time="25.327" classname="com.loadsfm.tests.sfmload"/>
  <testcase name="sfmloadtest" time="25.201" classname="com.loadsfm.tests.sfmload"/>
  <testcase name="sfmloadtest" time="25.028" classname="com.loadsfm.tests.sfmload"/>
  <testcase name="sfmloadtest" time="24.967" classname="com.loadsfm.tests.sfmload"/>
  <testcase name="sfmloadtest" time="25.500" classname="com.loadsfm.tests.sfmload"/>
  <testcase name="sfmloadtest" time="25.351" classname="com.loadsfm.tests.sfmload"/>
  <testcase name="sfmloadtest" time="25.421" classname="com.loadsfm.tests.sfmload"/>
  <testcase name="sfmloadtest" time="24.925" classname="com.loadsfm.tests.sfmload"/>
  <testcase name="sfmloadtest" time="25.256" classname="com.loadsfm.tests.sfmload"/>
  <testcase name="sfmloadtest" time="24.787" classname="com.loadsfm.tests.sfmload"/>
  <testcase name="sfmloadtest" time="24.773" classname="com.loadsfm.tests.sfmload"/>
  <testcase name="sfmloadtest" time="26.463" classname="com.loadsfm.tests.sfmload"/>
  <testcase name="sfmloadtest" time="25.256" classname="com.loadsfm.tests.sfmload"/>
  <testcase name="sfmloadtest" time="25.307" classname="com.loadsfm.tests.sfmload"/>
  <testcase name="sfmloadtest" time="25.446" classname="com.loadsfm.tests.sfmload"/>
  <testcase name="sfmloadtest" time="25.505" classname="com.loadsfm.tests.sfmload"/>
  <testcase name="sfmloadtest" time="25.404" classname="com.loadsfm.tests.sfmload"/>
  <testcase name="sfmloadtest" time="24.970" classname="com.loadsfm.tests.sfmload"/>
  <testcase name="sfmloadtest" time="25.200" classname="com.loadsfm.tests.sfmload"/>
  <testcase name="sfmloadtest" time="25.462" classname="com.loadsfm.tests.sfmload"/>
  <testcase name="sfmloadtest" time="25.179" classname="com.loadsfm.tests.sfmload"/>
  <testcase name="sfmloadtest" time="24.950" classname="com.loadsfm.tests.sfmload"/>
  <testcase name="sfmloadtest" time="25.204" classname="com.loadsfm.tests.sfmload"/>
  <testcase name="sfmloadtest" time="25.247" classname="com.loadsfm.tests.sfmload"/>
  <testcase name="sfmloadtest" time="25.651" classname="com.loadsfm.tests.sfmload"/>
  <testcase name="sfmloadtest" time="25.708" classname="com.loadsfm.tests.sfmload"/>
  <testcase name="sfmloadtest" time="25.527" classname="com.loadsfm.tests.sfmload"/>
  <testcase name="sfmloadtest" time="25.040" classname="com.loadsfm.tests.sfmload"/>
  <testcase name="sfmloadtest" time="25.273" classname="com.loadsfm.tests.sfmload"/>
  <testcase name="sfmloadtest" time="25.346" classname="com.loadsfm.tests.sfmload"/>
  <testcase name="sfmloadtest" time="25.027" classname="com.loadsfm.tests.sfmload"/>
  <testcase name="sfmloadtest" time="25.331" classname="com.loadsfm.tests.sfmload"/>
  <testcase name="sfmloadtest" time="25.475" classname="com.loadsfm.tests.sfmload"/>
  <testcase name="sfmloadtest" time="25.220" classname="com.loadsfm.tests.sfmload"/>
  <testcase name="sfmloadtest" time="25.172" classname="com.loadsfm.tests.sfmload"/>
  <testcase name="sfmloadtest" time="25.349" classname="com.loadsfm.tests.sfmload"/>
  <testcase name="sfmloadtest" time="25.456" classname="com.loadsfm.tests.sfmload"/>
  <testcase name="sfmloadtest" time="25.433" classname="com.loadsfm.tests.sfmload"/>
  <testcase name="sfmloadtest" time="25.464" classname="com.loadsfm.tests.sfmload"/>
  <testcase name="sfmloadtest" time="25.318" classname="com.loadsfm.tests.sfmload"/>
  <testcase name="sfmloadtest" time="25.613" classname="com.loadsfm.tests.sfmload"/>
  <testcase name="sfmloadtest" time="25.581" classname="com.loadsfm.tests.sfmload"/>
  <testcase name="sfmloadtest" time="25.264" classname="com.loadsfm.tests.sfmload"/>
  <testcase name="sfmloadtest" time="25.275" classname="com.loadsfm.tests.sfmload"/>
  <testcase name="sfmloadtest" time="25.342" classname="com.loadsfm.tests.sfmload"/>
  <testcase name="sfmloadtest" time="25.309" classname="com.loadsfm.tests.sfmload"/>
  <testcase name="sfmloadtest" time="24.996" classname="com.loadsfm.tests.sfmload"/>
  <testcase name="sfmloadtest" time="25.131" classname="com.loadsfm.tests.sfmload"/>
  <testcase name="sfmloadtest" time="25.239" classname="com.loadsfm.tests.sfmload"/>
  <testcase name="sfmloadtest" time="25.094" classname="com.loadsfm.tests.sfmload"/>
  <testcase name="sfmloadtest" time="25.429" classname="com.loadsfm.tests.sfmload"/>
  <testcase name="sfmloadtest" time="25.395" classname="com.loadsfm.tests.sfmload"/>
  <testcase name="sfmloadtest" time="25.481" classname="com.loadsfm.tests.sfmload"/>
  <testcase name="sfmloadtest" time="25.138" classname="com.loadsfm.tests.sfmload"/>
  <testcase name="sfmloadtest" time="25.498" classname="com.loadsfm.tests.sfmload"/>
  <testcase name="sfmloadtest" time="25.305" classname="com.loadsfm.tests.sfmload"/>
  <testcase name="sfmloadtest" time="25.312" classname="com.loadsfm.tests.sfmload"/>
  <testcase name="sfmloadtest" time="25.168" classname="com.loadsfm.tests.sfmload"/>
  <testcase name="sfmloadtest" time="25.541" classname="com.loadsfm.tests.sfmload"/>
  <testcase name="sfmloadtest" time="25.264" classname="com.loadsfm.tests.sfmload"/>
  <testcase name="sfmloadtest" time="25.328" classname="com.loadsfm.tests.sfmload"/>
  <testcase name="sfmloadtest" time="25.410" classname="com.loadsfm.tests.sfmload"/>
  <testcase name="sfmloadtest" time="25.388" classname="com.loadsfm.tests.sfmload"/>
  <testcase name="sfmloadtest" time="25.396" classname="com.loadsfm.tests.sfmload"/>
  <testcase name="sfmloadtest" time="25.107" classname="com.loadsfm.tests.sfmload"/>
  <testcase name="sfmloadtest" time="27.111" classname="com.loadsfm.tests.sfmload"/>
  <testcase name="sfmloadtest" time="25.396" classname="com.loadsfm.tests.sfmload"/>
  <testcase name="sfmloadtest" time="25.174" classname="com.loadsfm.tests.sfmload"/>
  <testcase name="sfmloadtest" time="25.652" classname="com.loadsfm.tests.sfmload"/>
  <testcase name="sfmloadtest" time="25.159" classname="com.loadsfm.tests.sfmload"/>
  <testcase name="sfmloadtest" time="25.318" classname="com.loadsfm.tests.sfmload"/>
  <testcase name="sfmloadtest" time="25.364" classname="com.loadsfm.tests.sfmload"/>
  <testcase name="sfmloadtest" time="25.264" classname="com.loadsfm.tests.sfmload"/>
  <testcase name="sfmloadtest" time="25.507" classname="com.loadsfm.tests.sfmload"/>
  <testcase name="sfmloadtest" time="25.244" classname="com.loadsfm.tests.sfmload"/>
  <testcase name="sfmloadtest" time="25.410" classname="com.loadsfm.tests.sfmload"/>
  <testcase name="sfmloadtest" time="25.176" classname="com.loadsfm.tests.sfmload"/>
  <testcase name="sfmloadtest" time="25.138" classname="com.loadsfm.tests.sfmload"/>
  <testcase name="sfmloadtest" time="25.423" classname="com.loadsfm.tests.sfmload"/>
  <testcase name="sfmloadtest" time="25.220" classname="com.loadsfm.tests.sfmload"/>
  <testcase name="sfmloadtest" time="25.618" classname="com.loadsfm.tests.sfmload"/>
  <testcase name="sfmloadtest" time="24.984" classname="com.loadsfm.tests.sfmload"/>
  <testcase name="sfmloadtest" time="25.160" classname="com.loadsfm.tests.sfmload"/>
  <testcase name="sfmloadtest" time="25.285" classname="com.loadsfm.tests.sfmload"/>
  <testcase name="sfmloadtest" time="25.546" classname="com.loadsfm.tests.sfmload"/>
  <testcase name="sfmloadtest" time="25.355" classname="com.loadsfm.tests.sfmload"/>
  <testcase name="sfmloadtest" time="25.319" classname="com.loadsfm.tests.sfmload"/>
  <testcase name="sfmloadtest" time="25.251" classname="com.loadsfm.tests.sfmload"/>
  <testcase name="sfmloadtest" time="25.555" classname="com.loadsfm.tests.sfmload"/>
  <testcase name="sfmloadtest" time="25.439" classname="com.loadsfm.tests.sfmload"/>
  <testcase name="sfmloadtest" time="25.346" classname="com.loadsfm.tests.sfmload"/>
  <testcase name="sfmloadtest" time="25.346" classname="com.loadsfm.tests.sfmload"/>
  <testcase name="sfmloadtest" time="25.119" classname="com.loadsfm.tests.sfmload"/>
  <testcase name="sfmloadtest" time="25.225" classname="com.loadsfm.tests.sfmload"/>
  <testcase name="sfmloadtest" time="25.494" classname="com.loadsfm.tests.sfmload"/>
  <testcase name="sfmloadtest" time="25.263" classname="com.loadsfm.tests.sfmload"/>
  <testcase name="sfmloadtest" time="25.025" classname="com.loadsfm.tests.sfmload"/>
  <testcase name="sfmloadtest" time="25.106" classname="com.loadsfm.tests.sfmload"/>
  <testcase name="sfmloadtest" time="25.305" classname="com.loadsfm.tests.sfmload"/>
  <testcase name="sfmloadtest" time="25.367" classname="com.loadsfm.tests.sfmload"/>
  <testcase name="sfmloadtest" time="25.253" classname="com.loadsfm.tests.sfmload"/>
  <testcase name="sfmloadtest" time="25.337" classname="com.loadsfm.tests.sfmload"/>
  <testcase name="sfmloadtest" time="25.010" classname="com.loadsfm.tests.sfmload"/>
  <testcase name="sfmloadtest" time="25.412" classname="com.loadsfm.tests.sfmload"/>
  <testcase name="sfmloadtest" time="25.358" classname="com.loadsfm.tests.sfmload"/>
  <testcase name="sfmloadtest" time="25.309" classname="com.loadsfm.tests.sfmload"/>
  <testcase name="sfmloadtest" time="25.574" classname="com.loadsfm.tests.sfmload"/>
  <testcase name="sfmloadtest" time="25.684" classname="com.loadsfm.tests.sfmload"/>
  <testcase name="sfmloadtest" time="25.410" classname="com.loadsfm.tests.sfmload"/>
  <testcase name="sfmloadtest" time="25.174" classname="com.loadsfm.tests.sfmload"/>
  <testcase name="sfmloadtest" time="25.117" classname="com.loadsfm.tests.sfmload"/>
  <testcase name="sfmloadtest" time="25.385" classname="com.loadsfm.tests.sfmload"/>
  <testcase name="sfmloadtest" time="50.168" classname="com.loadsfm.tests.sfmload"/>
  <testcase name="sfmloadtest" time="24.970" classname="com.loadsfm.tests.sfmload"/>
  <testcase name="sfmloadtest" time="25.335" classname="com.loadsfm.tests.sfmload"/>
  <testcase name="sfmloadtest" time="25.508" classname="com.loadsfm.tests.sfmload"/>
  <testcase name="sfmloadtest" time="25.152" classname="com.loadsfm.tests.sfmload"/>
  <testcase name="sfmloadtest" time="25.005" classname="com.loadsfm.tests.sfmload"/>
  <testcase name="sfmloadtest" time="25.389" classname="com.loadsfm.tests.sfmload"/>
  <testcase name="sfmloadtest" time="28.429" classname="com.loadsfm.tests.sfmload"/>
  <testcase name="sfmloadtest" time="25.289" classname="com.loadsfm.tests.sfmload"/>
  <testcase name="sfmloadtest" time="25.391" classname="com.loadsfm.tests.sfmload"/>
  <testcase name="sfmloadtest" time="25.220" classname="com.loadsfm.tests.sfmload"/>
  <testcase name="sfmloadtest" time="26.382" classname="com.loadsfm.tests.sfmload"/>
  <testcase name="sfmloadtest" time="25.355" classname="com.loadsfm.tests.sfmload"/>
  <testcase name="sfmloadtest" time="25.339" classname="com.loadsfm.tests.sfmload"/>
  <testcase name="sfmloadtest" time="25.330" classname="com.loadsfm.tests.sfmload"/>
  <testcase name="sfmloadtest" time="25.452" classname="com.loadsfm.tests.sfmload"/>
  <testcase name="sfmloadtest" time="25.260" classname="com.loadsfm.tests.sfmload"/>
  <testcase name="sfmloadtest" time="25.576" classname="com.loadsfm.tests.sfmload"/>
  <testcase name="sfmloadtest" time="25.224" classname="com.loadsfm.tests.sfmload"/>
  <testcase name="sfmloadtest" time="25.242" classname="com.loadsfm.tests.sfmload"/>
  <testcase name="sfmloadtest" time="25.434" classname="com.loadsfm.tests.sfmload"/>
  <testcase name="sfmloadtest" time="25.553" classname="com.loadsfm.tests.sfmload"/>
  <testcase name="sfmloadtest" time="25.052" classname="com.loadsfm.tests.sfmload"/>
  <testcase name="sfmloadtest" time="25.345" classname="com.loadsfm.tests.sfmload"/>
  <testcase name="sfmloadtest" time="24.977" classname="com.loadsfm.tests.sfmload"/>
  <testcase name="sfmloadtest" time="25.477" classname="com.loadsfm.tests.sfmload"/>
  <testcase name="sfmloadtest" time="24.999" classname="com.loadsfm.tests.sfmload"/>
  <testcase name="sfmloadtest" time="25.109" classname="com.loadsfm.tests.sfmload"/>
  <testcase name="sfmloadtest" time="25.363" classname="com.loadsfm.tests.sfmload"/>
  <testcase name="sfmloadtest" time="25.299" classname="com.loadsfm.tests.sfmload"/>
  <testcase name="sfmloadtest" time="25.608" classname="com.loadsfm.tests.sfmload"/>
  <testcase name="sfmloadtest" time="34.182" classname="com.loadsfm.tests.sfmload"/>
  <testcase name="sfmloadtest" time="25.601" classname="com.loadsfm.tests.sfmload"/>
  <testcase name="sfmloadtest" time="27.864" classname="com.loadsfm.tests.sfmload"/>
  <testcase name="sfmloadtest" time="25.292" classname="com.loadsfm.tests.sfmload"/>
  <testcase name="sfmloadtest" time="25.167" classname="com.loadsfm.tests.sfmload"/>
  <testcase name="sfmloadtest" time="25.410" classname="com.loadsfm.tests.sfmload"/>
  <testcase name="sfmloadtest" time="25.689" classname="com.loadsfm.tests.sfmload"/>
  <testcase name="sfmloadtest" time="25.076" classname="com.loadsfm.tests.sfmload"/>
  <testcase name="sfmloadtest" time="25.018" classname="com.loadsfm.tests.sfmload"/>
  <testcase name="sfmloadtest" time="25.119" classname="com.loadsfm.tests.sfmload"/>
  <testcase name="sfmloadtest" time="25.092" classname="com.loadsfm.tests.sfmload"/>
  <testcase name="sfmloadtest" time="25.342" classname="com.loadsfm.tests.sfmload"/>
  <testcase name="sfmloadtest" time="25.494" classname="com.loadsfm.tests.sfmload"/>
  <testcase name="sfmloadtest" time="25.054" classname="com.loadsfm.tests.sfmload"/>
  <testcase name="sfmloadtest" time="25.298" classname="com.loadsfm.tests.sfmload"/>
  <testcase name="sfmloadtest" time="25.121" classname="com.loadsfm.tests.sfmload"/>
  <testcase name="sfmloadtest" time="25.420" classname="com.loadsfm.tests.sfmload"/>
  <testcase name="sfmloadtest" time="25.471" classname="com.loadsfm.tests.sfmload"/>
  <testcase name="sfmloadtest" time="24.921" classname="com.loadsfm.tests.sfmload"/>
  <testcase name="sfmloadtest" time="25.079" classname="com.loadsfm.tests.sfmload"/>
  <testcase name="sfmloadtest" time="25.126" classname="com.loadsfm.tests.sfmload"/>
  <testcase name="sfmloadtest" time="25.124" classname="com.loadsfm.tests.sfmload"/>
  <testcase name="sfmloadtest" time="25.527" classname="com.loadsfm.tests.sfmload"/>
  <testcase name="sfmloadtest" time="25.131" classname="com.loadsfm.tests.sfmload"/>
  <testcase name="sfmloadtest" time="25.027" classname="com.loadsfm.tests.sfmload"/>
  <testcase name="sfmloadtest" time="25.162" classname="com.loadsfm.tests.sfmload"/>
  <testcase name="sfmloadtest" time="25.278" classname="com.loadsfm.tests.sfmload"/>
  <testcase name="sfmloadtest" time="25.133" classname="com.loadsfm.tests.sfmload"/>
  <testcase name="sfmloadtest" time="24.887" classname="com.loadsfm.tests.sfmload"/>
  <testcase name="sfmloadtest" time="25.005" classname="com.loadsfm.tests.sfmload"/>
  <testcase name="sfmloadtest" time="25.262" classname="com.loadsfm.tests.sfmload"/>
  <testcase name="sfmloadtest" time="25.238" classname="com.loadsfm.tests.sfmload"/>
  <testcase name="sfmloadtest" time="25.082" classname="com.loadsfm.tests.sfmload"/>
  <testcase name="sfmloadtest" time="25.095" classname="com.loadsfm.tests.sfmload"/>
  <testcase name="sfmloadtest" time="25.298" classname="com.loadsfm.tests.sfmload"/>
  <testcase name="sfmloadtest" time="24.964" classname="com.loadsfm.tests.sfmload"/>
  <testcase name="sfmloadtest" time="25.101" classname="com.loadsfm.tests.sfmload"/>
  <testcase name="sfmloadtest" time="25.473" classname="com.loadsfm.tests.sfmload"/>
  <testcase name="sfmloadtest" time="25.480" classname="com.loadsfm.tests.sfmload"/>
  <testcase name="sfmloadtest" time="25.116" classname="com.loadsfm.tests.sfmload"/>
  <testcase name="sfmloadtest" time="25.329" classname="com.loadsfm.tests.sfmload"/>
  <testcase name="sfmloadtest" time="25.378" classname="com.loadsfm.tests.sfmload"/>
  <testcase name="sfmloadtest" time="25.355" classname="com.loadsfm.tests.sfmload"/>
  <testcase name="sfmloadtest" time="25.119" classname="com.loadsfm.tests.sfmload"/>
  <testcase name="sfmloadtest" time="25.206" classname="com.loadsfm.tests.sfmload"/>
  <testcase name="sfmloadtest" time="25.104" classname="com.loadsfm.tests.sfmload"/>
  <testcase name="sfmloadtest" time="25.191" classname="com.loadsfm.tests.sfmload"/>
  <testcase name="sfmloadtest" time="25.062" classname="com.loadsfm.tests.sfmload"/>
  <testcase name="sfmloadtest" time="25.289" classname="com.loadsfm.tests.sfmload"/>
  <testcase name="sfmloadtest" time="34.422" classname="com.loadsfm.tests.sfmload"/>
  <testcase name="sfmloadtest" time="25.562" classname="com.loadsfm.tests.sfmload"/>
  <testcase name="sfmloadtest" time="25.212" classname="com.loadsfm.tests.sfmload"/>
  <testcase name="sfmloadtest" time="25.504" classname="com.loadsfm.tests.sfmload"/>
  <testcase name="sfmloadtest" time="25.464" classname="com.loadsfm.tests.sfmload"/>
  <testcase name="sfmloadtest" time="25.436" classname="com.loadsfm.tests.sfmload"/>
  <testcase name="sfmloadtest" time="25.358" classname="com.loadsfm.tests.sfmload"/>
  <testcase name="sfmloadtest" time="25.290" classname="com.loadsfm.tests.sfmload"/>
  <testcase name="sfmloadtest" time="25.119" classname="com.loadsfm.tests.sfmload"/>
  <testcase name="sfmloadtest" time="25.586" classname="com.loadsfm.tests.sfmload"/>
  <testcase name="sfmloadtest" time="25.308" classname="com.loadsfm.tests.sfmload"/>
  <testcase name="sfmloadtest" time="25.551" classname="com.loadsfm.tests.sfmload"/>
  <testcase name="sfmloadtest" time="25.336" classname="com.loadsfm.tests.sfmload"/>
  <testcase name="sfmloadtest" time="25.372" classname="com.loadsfm.tests.sfmload"/>
  <testcase name="sfmloadtest" time="25.201" classname="com.loadsfm.tests.sfmload"/>
  <testcase name="sfmloadtest" time="24.979" classname="com.loadsfm.tests.sfmload"/>
  <testcase name="sfmloadtest" time="25.308" classname="com.loadsfm.tests.sfmload"/>
  <testcase name="sfmloadtest" time="25.324" classname="com.loadsfm.tests.sfmload"/>
  <testcase name="sfmloadtest" time="25.194" classname="com.loadsfm.tests.sfmload"/>
  <testcase name="sfmloadtest" time="25.249" classname="com.loadsfm.tests.sfmload"/>
  <testcase name="sfmloadtest" time="25.312" classname="com.loadsfm.tests.sfmload"/>
  <testcase name="sfmloadtest" time="25.097" classname="com.loadsfm.tests.sfmload"/>
  <testcase name="sfmloadtest" time="25.224" classname="com.loadsfm.tests.sfmload"/>
  <testcase name="sfmloadtest" time="25.598" classname="com.loadsfm.tests.sfmload"/>
  <testcase name="sfmloadtest" time="25.125" classname="com.loadsfm.tests.sfmload"/>
  <testcase name="sfmloadtest" time="25.368" classname="com.loadsfm.tests.sfmload"/>
  <testcase name="sfmloadtest" time="25.113" classname="com.loadsfm.tests.sfmload"/>
  <testcase name="sfmloadtest" time="25.163" classname="com.loadsfm.tests.sfmload"/>
  <testcase name="sfmloadtest" time="25.258" classname="com.loadsfm.tests.sfmload"/>
  <testcase name="sfmloadtest" time="25.155" classname="com.loadsfm.tests.sfmload"/>
  <testcase name="sfmloadtest" time="25.341" classname="com.loadsfm.tests.sfmload"/>
  <testcase name="sfmloadtest" time="25.147" classname="com.loadsfm.tests.sfmload"/>
  <testcase name="sfmloadtest" time="25.302" classname="com.loadsfm.tests.sfmload"/>
  <testcase name="sfmloadtest" time="25.119" classname="com.loadsfm.tests.sfmload"/>
  <testcase name="sfmloadtest" time="25.178" classname="com.loadsfm.tests.sfmload"/>
  <testcase name="sfmloadtest" time="25.231" classname="com.loadsfm.tests.sfmload"/>
  <testcase name="sfmloadtest" time="25.491" classname="com.loadsfm.tests.sfmload"/>
  <testcase name="sfmloadtest" time="24.961" classname="com.loadsfm.tests.sfmload"/>
  <testcase name="sfmloadtest" time="25.432" classname="com.loadsfm.tests.sfmload"/>
  <testcase name="sfmloadtest" time="25.237" classname="com.loadsfm.tests.sfmload"/>
  <testcase name="sfmloadtest" time="24.860" classname="com.loadsfm.tests.sfmload"/>
</testsuite> <!-- com.loadsfm.tests.sfmload -->
